[2021-02-04 14:27:49] local.ERROR: PDOException: SQLSTATE[42S02]: Base table or view not found: 1146 Table 'm.products' doesn't exist in C:\xampp\htdocs\m\vendor\laravel\framework\src\Illuminate\Database\Connection.php:637
Stack trace:
#0 C:\xampp\htdocs\m\vendor\laravel\framework\src\Illuminate\Database\Connection.php(637): PDO->prepare('select * from `...')
#1 C:\xampp\htdocs\m\vendor\laravel\framework\src\Illuminate\Database\Connection.php(1279): Illuminate\Database\Connection->Illuminate\Database\{closure}('select * from `...', Array)
#2 C:\xampp\htdocs\m\vendor\laravel\framework\src\Illuminate\Database\Connection.php(1213): Illuminate\Database\Connection->runQueryCallback('select * from `...', Array, Object(Closure))
#3 C:\xampp\htdocs\m\vendor\laravel\framework\src\Illuminate\Database\Connection.php(651): Illuminate\Database\Connection->run('select * from `...', Array, Object(Closure))
#4 C:\xampp\htdocs\m\vendor\laravel\framework\src\Illuminate\Database\Query\Builder.php(3409): Illuminate\Database\Connection->select('select * from `...', Array, true)
#5 C:\xampp\htdocs\m\vendor\laravel\framework\src\Illuminate\Database\Query\Builder.php(3379): Illuminate\Database\Query\Builder->runSelect()
#6 C:\xampp\htdocs\m\vendor\laravel\framework\src\Illuminate\Database\Eloquent\Builder.php(923): Illuminate\Database\Query\Builder->get(Array)
#7 C:\xampp\htdocs\m\vendor\laravel\framework\src\Illuminate\Database\Eloquent\Builder.php(891): Illuminate\Database\Eloquent\Builder->getModels(Array)
#8 C:\xampp\htdocs\m\app\Http\Controllers\IndexController.php(31): Illuminate\Database\Eloquent\Builder->get()
#9 [internal function]: App\Http\Controllers\IndexController->index()
#10 C:\xampp\htdocs\m\vendor\laravel\framework\src\Illuminate\Routing\Controller.php(109): call_user_func_array(Array, Array)
#11 C:\xampp\htdocs\m\vendor\laravel\framework\src\Illuminate\Routing\ControllerDispatcher.php(87): Illuminate\Routing\Controller->callAction('index', Array)
#12 C:\xampp\htdocs\m\vendor\laravel\framework\src\Illuminate\Routing\Route.php(405): Illuminate\Routing\ControllerDispatcher->dispatch(Object(Illuminate\Routing\Route), Object(App\Http\Controllers\IndexController), 'index')
#13 C:\xampp\htdocs\m\vendor\laravel\framework\src\Illuminate\Routing\Route.php(319): Illuminate\Routing\Route->runController()
#14 C:\xampp\htdocs\m\vendor\laravel\framework\src\Illuminate\Routing\Router.php(1143): Illuminate\Routing\Route->run()
#15 C:\xampp\htdocs\m\vendor\laravel\framework\src\Illuminate\Routing\Pipeline.php(59): Illuminate\Routing\Router->Illuminate\Routing\{closure}(Object(Illuminate\Http\Request))
#16 C:\xampp\htdocs\m\app\Http\Middleware\LangMiddleware.php(24): Illuminate\Routing\Pipeline->Illuminate\Routing\{closure}(Object(Illuminate\Http\Request))
#17 C:\xampp\htdocs\m\vendor\laravel\framework\src\Illuminate\Pipeline\Pipeline.php(295): App\Http\Middleware\LangMiddleware->handle(Object(Illuminate\Http\Request), Object(Closure))
#18 C:\xampp\htdocs\m\vendor\laravel\framework\src\Illuminate\Routing\Pipeline.php(105): Illuminate\Pipeline\Pipeline->Illuminate\Pipeline\{closure}(Object(Illuminate\Http\Request))
#19 C:\xampp\htdocs\m\vendor\laravel\framework\src\Illuminate\Routing\Middleware\SubstituteBindings.php(81): Illuminate\Routing\Pipeline->Illuminate\Routing\{closure}(Object(Illuminate\Http\Request))
#20 C:\xampp\htdocs\m\vendor\laravel\framework\src\Illuminate\Pipeline\Pipeline.php(295): Illuminate\Routing\Middleware\SubstituteBindings->handle(Object(Illuminate\Http\Request), Object(Closure))
#21 C:\xampp\htdocs\m\vendor\laravel\framework\src\Illuminate\Routing\Pipeline.php(105): Illuminate\Pipeline\Pipeline->Illuminate\Pipeline\{closure}(Object(Illuminate\Http\Request))
#22 C:\xampp\htdocs\m\vendor\laravel\framework\src\Illuminate\Foundation\Http\Middleware\VerifyCsrfToken.php(129): Illuminate\Routing\Pipeline->Illuminate\Routing\{closure}(Object(Illuminate\Http\Request))
#23 C:\xampp\htdocs\m\vendor\laravel\framework\src\Illuminate\Pipeline\Pipeline.php(295): Illuminate\Foundation\Http\Middleware\VerifyCsrfToken->handle(Object(Illuminate\Http\Request), Object(Closure))
#24 C:\xampp\htdocs\m\vendor\laravel\framework\src\Illuminate\Routing\Pipeline.php(105): Illuminate\Pipeline\Pipeline->Illuminate\Pipeline\{closure}(Object(Illuminate\Http\Request))
#25 C:\xampp\htdocs\m\vendor\laravel\framework\src\Illuminate\View\Middleware\ShareErrorsFromSession.php(97): Illuminate\Routing\Pipeline->Illuminate\Routing\{closure}(Object(Illuminate\Http\Request))
#26 C:\xampp\htdocs\m\vendor\laravel\framework\src\Illuminate\Pipeline\Pipeline.php(295): Illuminate\View\Middleware\ShareErrorsFromSession->handle(Object(Illuminate\Http\Request), Object(Closure))
#27 C:\xampp\htdocs\m\vendor\laravel\framework\src\Illuminate\Routing\Pipeline.php(105): Illuminate\Pipeline\Pipeline->Illuminate\Pipeline\{closure}(Object(Illuminate\Http\Request))
#28 C:\xampp\htdocs\m\vendor\laravel\framework\src\Illuminate\Session\Middleware\StartSession.php(127): Illuminate\Routing\Pipeline->Illuminate\Routing\{closure}(Object(Illuminate\Http\Request))
#29 C:\xampp\htdocs\m\vendor\laravel\framework\src\Illuminate\Pipeline\Pipeline.php(295): Illuminate\Session\Middleware\StartSession->handle(Object(Illuminate\Http\Request), Object(Closure))
#30 C:\xampp\htdocs\m\vendor\laravel\framework\src\Illuminate\Routing\Pipeline.php(105): Illuminate\Pipeline\Pipeline->Illuminate\Pipeline\{closure}(Object(Illuminate\Http\Request))
#31 C:\xampp\htdocs\m\vendor\laravel\framework\src\Illuminate\Cookie\Middleware\AddQueuedCookiesToResponse.php(73): Illuminate\Routing\Pipeline->Illuminate\Routing\{closure}(Object(Illuminate\Http\Request))
#32 C:\xampp\htdocs\m\vendor\laravel\framework\src\Illuminate\Pipeline\Pipeline.php(295): Illuminate\Cookie\Middleware\AddQueuedCookiesToResponse->handle(Object(Illuminate\Http\Request), Object(Closure))
#33 C:\xampp\htdocs\m\vendor\laravel\framework\src\Illuminate\Routing\Pipeline.php(105): Illuminate\Pipeline\Pipeline->Illuminate\Pipeline\{closure}(Object(Illuminate\Http\Request))
#34 C:\xampp\htdocs\m\vendor\laravel\framework\src\Illuminate\Cookie\Middleware\EncryptCookies.php(117): Illuminate\Routing\Pipeline->Illuminate\Routing\{closure}(Object(Illuminate\Http\Request))
#35 C:\xampp\htdocs\m\vendor\laravel\framework\src\Illuminate\Pipeline\Pipeline.php(295): Illuminate\Cookie\Middleware\EncryptCookies->handle(Object(Illuminate\Http\Request), Object(Closure))
#36 C:\xampp\htdocs\m\vendor\laravel\framework\src\Illuminate\Routing\Pipeline.php(105): Illuminate\Pipeline\Pipeline->Illuminate\Pipeline\{closure}(Object(Illuminate\Http\Request))
#37 C:\xampp\htdocs\m\vendor\laravel\framework\src\Illuminate\Pipeline\Pipeline.php(203): Illuminate\Routing\Pipeline->Illuminate\Routing\{closure}(Object(Illuminate\Http\Request))
#38 C:\xampp\htdocs\m\vendor\laravel\framework\src\Illuminate\Routing\Router.php(1147): Illuminate\Pipeline\Pipeline->then(Object(Closure))
#39 C:\xampp\htdocs\m\vendor\laravel\framework\src\Illuminate\Routing\Router.php(1065): Illuminate\Routing\Router->runRouteWithinStack(Object(Illuminate\Routing\Route), Object(Illuminate\Http\Request))
#40 C:\xampp\htdocs\m\vendor\laravel\framework\src\Illuminate\Routing\Router.php(1021): Illuminate\Routing\Router->dispatchToRoute(Object(Illuminate\Http\Request))
#41 C:\xampp\htdocs\m\vendor\laravel\framework\src\Illuminate\Foundation\Http\Kernel.php(351): Illuminate\Routing\Router->dispatch(Object(Illuminate\Http\Request))
#42 C:\xampp\htdocs\m\vendor\laravel\framework\src\Illuminate\Routing\Pipeline.php(59): Illuminate\Foundation\Http\Kernel->Illuminate\Foundation\Http\{closure}(Object(Illuminate\Http\Request))
#43 C:\xampp\htdocs\m\vendor\laravel\framework\src\Illuminate\Foundation\Http\Middleware\TransformsRequest.php(59): Illuminate\Routing\Pipeline->Illuminate\Routing\{closure}(Object(Illuminate\Http\Request))
#44 C:\xampp\htdocs\m\vendor\laravel\framework\src\Illuminate\Pipeline\Pipeline.php(295): Illuminate\Foundation\Http\Middleware\TransformsRequest->handle(Object(Illuminate\Http\Request), Object(Closure))
#45 C:\xampp\htdocs\m\vendor\laravel\framework\src\Illuminate\Routing\Pipeline.php(105): Illuminate\Pipeline\Pipeline->Illuminate\Pipeline\{closure}(Object(Illuminate\Http\Request))
#46 C:\xampp\htdocs\m\vendor\laravel\framework\src\Illuminate\Foundation\Http\Middleware\TransformsRequest.php(59): Illuminate\Routing\Pipeline->Illuminate\Routing\{closure}(Object(Illuminate\Http\Request))
#47 C:\xampp\htdocs\m\vendor\laravel\framework\src\Illuminate\Pipeline\Pipeline.php(295): Illuminate\Foundation\Http\Middleware\TransformsRequest->handle(Object(Illuminate\Http\Request), Object(Closure))
#48 C:\xampp\htdocs\m\vendor\laravel\framework\src\Illuminate\Routing\Pipeline.php(105): Illuminate\Pipeline\Pipeline->Illuminate\Pipeline\{closure}(Object(Illuminate\Http\Request))
#49 C:\xampp\htdocs\m\vendor\laravel\framework\src\Illuminate\Foundation\Http\Middleware\ValidatePostSize.php(53): Illuminate\Routing\Pipeline->Illuminate\Routing\{closure}(Object(Illuminate\Http\Request))
#50 C:\xampp\htdocs\m\vendor\laravel\framework\src\Illuminate\Pipeline\Pipeline.php(295): Illuminate\Foundation\Http\Middleware\ValidatePostSize->handle(Object(Illuminate\Http\Request), Object(Closure))
#51 C:\xampp\htdocs\m\vendor\laravel\framework\src\Illuminate\Routing\Pipeline.php(105): Illuminate\Pipeline\Pipeline->Illuminate\Pipeline\{closure}(Object(Illuminate\Http\Request))
#52 C:\xampp\htdocs\m\vendor\laravel\framework\src\Illuminate\Foundation\Http\Middleware\CheckForMaintenanceMode.php(91): Illuminate\Routing\Pipeline->Illuminate\Routing\{closure}(Object(Illuminate\Http\Request))
#53 C:\xampp\htdocs\m\vendor\laravel\framework\src\Illuminate\Pipeline\Pipeline.php(295): Illuminate\Foundation\Http\Middleware\CheckForMaintenanceMode->handle(Object(Illuminate\Http\Request), Object(Closure))
#54 C:\xampp\htdocs\m\vendor\laravel\framework\src\Illuminate\Routing\Pipeline.php(105): Illuminate\Pipeline\Pipeline->Illuminate\Pipeline\{closure}(Object(Illuminate\Http\Request))
#55 C:\xampp\htdocs\m\vendor\laravel\framework\src\Illuminate\Pipeline\Pipeline.php(203): Illuminate\Routing\Pipeline->Illuminate\Routing\{closure}(Object(Illuminate\Http\Request))
#56 C:\xampp\htdocs\m\vendor\laravel\framework\src\Illuminate\Foundation\Http\Kernel.php(301): Illuminate\Pipeline\Pipeline->then(Object(Closure))
#57 C:\xampp\htdocs\m\vendor\laravel\framework\src\Illuminate\Foundation\Http\Kernel.php(231): Illuminate\Foundation\Http\Kernel->sendRequestThroughRouter(Object(Illuminate\Http\Request))
#58 C:\xampp\htdocs\m\index.php(53): Illuminate\Foundation\Http\Kernel->handle(Object(Illuminate\Http\Request))
#59 {main}

Next Illuminate\Database\QueryException: SQLSTATE[42S02]: Base table or view not found: 1146 Table 'm.products' doesn't exist (SQL: select * from `products` where (`status` = 1 and `noibat` = 1 and `com` = san-pham)) in C:\xampp\htdocs\m\vendor\laravel\framework\src\Illuminate\Database\Connection.php:1293
Stack trace:
#0 C:\xampp\htdocs\m\vendor\laravel\framework\src\Illuminate\Database\Connection.php(1213): Illuminate\Database\Connection->runQueryCallback('select * from `...', Array, Object(Closure))
#1 C:\xampp\htdocs\m\vendor\laravel\framework\src\Illuminate\Database\Connection.php(651): Illuminate\Database\Connection->run('select * from `...', Array, Object(Closure))
#2 C:\xampp\htdocs\m\vendor\laravel\framework\src\Illuminate\Database\Query\Builder.php(3409): Illuminate\Database\Connection->select('select * from `...', Array, true)
#3 C:\xampp\htdocs\m\vendor\laravel\framework\src\Illuminate\Database\Query\Builder.php(3379): Illuminate\Database\Query\Builder->runSelect()
#4 C:\xampp\htdocs\m\vendor\laravel\framework\src\Illuminate\Database\Eloquent\Builder.php(923): Illuminate\Database\Query\Builder->get(Array)
#5 C:\xampp\htdocs\m\vendor\laravel\framework\src\Illuminate\Database\Eloquent\Builder.php(891): Illuminate\Database\Eloquent\Builder->getModels(Array)
#6 C:\xampp\htdocs\m\app\Http\Controllers\IndexController.php(31): Illuminate\Database\Eloquent\Builder->get()
#7 [internal function]: App\Http\Controllers\IndexController->index()
#8 C:\xampp\htdocs\m\vendor\laravel\framework\src\Illuminate\Routing\Controller.php(109): call_user_func_array(Array, Array)
#9 C:\xampp\htdocs\m\vendor\laravel\framework\src\Illuminate\Routing\ControllerDispatcher.php(87): Illuminate\Routing\Controller->callAction('index', Array)
#10 C:\xampp\htdocs\m\vendor\laravel\framework\src\Illuminate\Routing\Route.php(405): Illuminate\Routing\ControllerDispatcher->dispatch(Object(Illuminate\Routing\Route), Object(App\Http\Controllers\IndexController), 'index')
#11 C:\xampp\htdocs\m\vendor\laravel\framework\src\Illuminate\Routing\Route.php(319): Illuminate\Routing\Route->runController()
#12 C:\xampp\htdocs\m\vendor\laravel\framework\src\Illuminate\Routing\Router.php(1143): Illuminate\Routing\Route->run()
#13 C:\xampp\htdocs\m\vendor\laravel\framework\src\Illuminate\Routing\Pipeline.php(59): Illuminate\Routing\Router->Illuminate\Routing\{closure}(Object(Illuminate\Http\Request))
#14 C:\xampp\htdocs\m\app\Http\Middleware\LangMiddleware.php(24): Illuminate\Routing\Pipeline->Illuminate\Routing\{closure}(Object(Illuminate\Http\Request))
#15 C:\xampp\htdocs\m\vendor\laravel\framework\src\Illuminate\Pipeline\Pipeline.php(295): App\Http\Middleware\LangMiddleware->handle(Object(Illuminate\Http\Request), Object(Closure))
#16 C:\xampp\htdocs\m\vendor\laravel\framework\src\Illuminate\Routing\Pipeline.php(105): Illuminate\Pipeline\Pipeline->Illuminate\Pipeline\{closure}(Object(Illuminate\Http\Request))
#17 C:\xampp\htdocs\m\vendor\laravel\framework\src\Illuminate\Routing\Middleware\SubstituteBindings.php(81): Illuminate\Routing\Pipeline->Illuminate\Routing\{closure}(Object(Illuminate\Http\Request))
#18 C:\xampp\htdocs\m\vendor\laravel\framework\src\Illuminate\Pipeline\Pipeline.php(295): Illuminate\Routing\Middleware\SubstituteBindings->handle(Object(Illuminate\Http\Request), Object(Closure))
#19 C:\xampp\htdocs\m\vendor\laravel\framework\src\Illuminate\Routing\Pipeline.php(105): Illuminate\Pipeline\Pipeline->Illuminate\Pipeline\{closure}(Object(Illuminate\Http\Request))
#20 C:\xampp\htdocs\m\vendor\laravel\framework\src\Illuminate\Foundation\Http\Middleware\VerifyCsrfToken.php(129): Illuminate\Routing\Pipeline->Illuminate\Routing\{closure}(Object(Illuminate\Http\Request))
#21 C:\xampp\htdocs\m\vendor\laravel\framework\src\Illuminate\Pipeline\Pipeline.php(295): Illuminate\Foundation\Http\Middleware\VerifyCsrfToken->handle(Object(Illuminate\Http\Request), Object(Closure))
#22 C:\xampp\htdocs\m\vendor\laravel\framework\src\Illuminate\Routing\Pipeline.php(105): Illuminate\Pipeline\Pipeline->Illuminate\Pipeline\{closure}(Object(Illuminate\Http\Request))
#23 C:\xampp\htdocs\m\vendor\laravel\framework\src\Illuminate\View\Middleware\ShareErrorsFromSession.php(97): Illuminate\Routing\Pipeline->Illuminate\Routing\{closure}(Object(Illuminate\Http\Request))
#24 C:\xampp\htdocs\m\vendor\laravel\framework\src\Illuminate\Pipeline\Pipeline.php(295): Illuminate\View\Middleware\ShareErrorsFromSession->handle(Object(Illuminate\Http\Request), Object(Closure))
#25 C:\xampp\htdocs\m\vendor\laravel\framework\src\Illuminate\Routing\Pipeline.php(105): Illuminate\Pipeline\Pipeline->Illuminate\Pipeline\{closure}(Object(Illuminate\Http\Request))
#26 C:\xampp\htdocs\m\vendor\laravel\framework\src\Illuminate\Session\Middleware\StartSession.php(127): Illuminate\Routing\Pipeline->Illuminate\Routing\{closure}(Object(Illuminate\Http\Request))
#27 C:\xampp\htdocs\m\vendor\laravel\framework\src\Illuminate\Pipeline\Pipeline.php(295): Illuminate\Session\Middleware\StartSession->handle(Object(Illuminate\Http\Request), Object(Closure))
#28 C:\xampp\htdocs\m\vendor\laravel\framework\src\Illuminate\Routing\Pipeline.php(105): Illuminate\Pipeline\Pipeline->Illuminate\Pipeline\{closure}(Object(Illuminate\Http\Request))
#29 C:\xampp\htdocs\m\vendor\laravel\framework\src\Illuminate\Cookie\Middleware\AddQueuedCookiesToResponse.php(73): Illuminate\Routing\Pipeline->Illuminate\Routing\{closure}(Object(Illuminate\Http\Request))
#30 C:\xampp\htdocs\m\vendor\laravel\framework\src\Illuminate\Pipeline\Pipeline.php(295): Illuminate\Cookie\Middleware\AddQueuedCookiesToResponse->handle(Object(Illuminate\Http\Request), Object(Closure))
#31 C:\xampp\htdocs\m\vendor\laravel\framework\src\Illuminate\Routing\Pipeline.php(105): Illuminate\Pipeline\Pipeline->Illuminate\Pipeline\{closure}(Object(Illuminate\Http\Request))
#32 C:\xampp\htdocs\m\vendor\laravel\framework\src\Illuminate\Cookie\Middleware\EncryptCookies.php(117): Illuminate\Routing\Pipeline->Illuminate\Routing\{closure}(Object(Illuminate\Http\Request))
#33 C:\xampp\htdocs\m\vendor\laravel\framework\src\Illuminate\Pipeline\Pipeline.php(295): Illuminate\Cookie\Middleware\EncryptCookies->handle(Object(Illuminate\Http\Request), Object(Closure))
#34 C:\xampp\htdocs\m\vendor\laravel\framework\src\Illuminate\Routing\Pipeline.php(105): Illuminate\Pipeline\Pipeline->Illuminate\Pipeline\{closure}(Object(Illuminate\Http\Request))
#35 C:\xampp\htdocs\m\vendor\laravel\framework\src\Illuminate\Pipeline\Pipeline.php(203): Illuminate\Routing\Pipeline->Illuminate\Routing\{closure}(Object(Illuminate\Http\Request))
#36 C:\xampp\htdocs\m\vendor\laravel\framework\src\Illuminate\Routing\Router.php(1147): Illuminate\Pipeline\Pipeline->then(Object(Closure))
#37 C:\xampp\htdocs\m\vendor\laravel\framework\src\Illuminate\Routing\Router.php(1065): Illuminate\Routing\Router->runRouteWithinStack(Object(Illuminate\Routing\Route), Object(Illuminate\Http\Request))
#38 C:\xampp\htdocs\m\vendor\laravel\framework\src\Illuminate\Routing\Router.php(1021): Illuminate\Routing\Router->dispatchToRoute(Object(Illuminate\Http\Request))
#39 C:\xampp\htdocs\m\vendor\laravel\framework\src\Illuminate\Foundation\Http\Kernel.php(351): Illuminate\Routing\Router->dispatch(Object(Illuminate\Http\Request))
#40 C:\xampp\htdocs\m\vendor\laravel\framework\src\Illuminate\Routing\Pipeline.php(59): Illuminate\Foundation\Http\Kernel->Illuminate\Foundation\Http\{closure}(Object(Illuminate\Http\Request))
#41 C:\xampp\htdocs\m\vendor\laravel\framework\src\Illuminate\Foundation\Http\Middleware\TransformsRequest.php(59): Illuminate\Routing\Pipeline->Illuminate\Routing\{closure}(Object(Illuminate\Http\Request))
#42 C:\xampp\htdocs\m\vendor\laravel\framework\src\Illuminate\Pipeline\Pipeline.php(295): Illuminate\Foundation\Http\Middleware\TransformsRequest->handle(Object(Illuminate\Http\Request), Object(Closure))
#43 C:\xampp\htdocs\m\vendor\laravel\framework\src\Illuminate\Routing\Pipeline.php(105): Illuminate\Pipeline\Pipeline->Illuminate\Pipeline\{closure}(Object(Illuminate\Http\Request))
#44 C:\xampp\htdocs\m\vendor\laravel\framework\src\Illuminate\Foundation\Http\Middleware\TransformsRequest.php(59): Illuminate\Routing\Pipeline->Illuminate\Routing\{closure}(Object(Illuminate\Http\Request))
#45 C:\xampp\htdocs\m\vendor\laravel\framework\src\Illuminate\Pipeline\Pipeline.php(295): Illuminate\Foundation\Http\Middleware\TransformsRequest->handle(Object(Illuminate\Http\Request), Object(Closure))
#46 C:\xampp\htdocs\m\vendor\laravel\framework\src\Illuminate\Routing\Pipeline.php(105): Illuminate\Pipeline\Pipeline->Illuminate\Pipeline\{closure}(Object(Illuminate\Http\Request))
#47 C:\xampp\htdocs\m\vendor\laravel\framework\src\Illuminate\Foundation\Http\Middleware\ValidatePostSize.php(53): Illuminate\Routing\Pipeline->Illuminate\Routing\{closure}(Object(Illuminate\Http\Request))
#48 C:\xampp\htdocs\m\vendor\laravel\framework\src\Illuminate\Pipeline\Pipeline.php(295): Illuminate\Foundation\Http\Middleware\ValidatePostSize->handle(Object(Illuminate\Http\Request), Object(Closure))
#49 C:\xampp\htdocs\m\vendor\laravel\framework\src\Illuminate\Routing\Pipeline.php(105): Illuminate\Pipeline\Pipeline->Illuminate\Pipeline\{closure}(Object(Illuminate\Http\Request))
#50 C:\xampp\htdocs\m\vendor\laravel\framework\src\Illuminate\Foundation\Http\Middleware\CheckForMaintenanceMode.php(91): Illuminate\Routing\Pipeline->Illuminate\Routing\{closure}(Object(Illuminate\Http\Request))
#51 C:\xampp\htdocs\m\vendor\laravel\framework\src\Illuminate\Pipeline\Pipeline.php(295): Illuminate\Foundation\Http\Middleware\CheckForMaintenanceMode->handle(Object(Illuminate\Http\Request), Object(Closure))
#52 C:\xampp\htdocs\m\vendor\laravel\framework\src\Illuminate\Routing\Pipeline.php(105): Illuminate\Pipeline\Pipeline->Illuminate\Pipeline\{closure}(Object(Illuminate\Http\Request))
#53 C:\xampp\htdocs\m\vendor\laravel\framework\src\Illuminate\Pipeline\Pipeline.php(203): Illuminate\Routing\Pipeline->Illuminate\Routing\{closure}(Object(Illuminate\Http\Request))
#54 C:\xampp\htdocs\m\vendor\laravel\framework\src\Illuminate\Foundation\Http\Kernel.php(301): Illuminate\Pipeline\Pipeline->then(Object(Closure))
#55 C:\xampp\htdocs\m\vendor\laravel\framework\src\Illuminate\Foundation\Http\Kernel.php(231): Illuminate\Foundation\Http\Kernel->sendRequestThroughRouter(Object(Illuminate\Http\Request))
#56 C:\xampp\htdocs\m\index.php(53): Illuminate\Foundation\Http\Kernel->handle(Object(Illuminate\Http\Request))
#57 {main}  
[2021-02-04 14:27:54] local.ERROR: PDOException: SQLSTATE[42S02]: Base table or view not found: 1146 Table 'm.products' doesn't exist in C:\xampp\htdocs\m\vendor\laravel\framework\src\Illuminate\Database\Connection.php:637
Stack trace:
#0 C:\xampp\htdocs\m\vendor\laravel\framework\src\Illuminate\Database\Connection.php(637): PDO->prepare('select * from `...')
#1 C:\xampp\htdocs\m\vendor\laravel\framework\src\Illuminate\Database\Connection.php(1279): Illuminate\Database\Connection->Illuminate\Database\{closure}('select * from `...', Array)
#2 C:\xampp\htdocs\m\vendor\laravel\framework\src\Illuminate\Database\Connection.php(1213): Illuminate\Database\Connection->runQueryCallback('select * from `...', Array, Object(Closure))
#3 C:\xampp\htdocs\m\vendor\laravel\framework\src\Illuminate\Database\Connection.php(651): Illuminate\Database\Connection->run('select * from `...', Array, Object(Closure))
#4 C:\xampp\htdocs\m\vendor\laravel\framework\src\Illuminate\Database\Query\Builder.php(3409): Illuminate\Database\Connection->select('select * from `...', Array, true)
#5 C:\xampp\htdocs\m\vendor\laravel\framework\src\Illuminate\Database\Query\Builder.php(3379): Illuminate\Database\Query\Builder->runSelect()
#6 C:\xampp\htdocs\m\vendor\laravel\framework\src\Illuminate\Database\Eloquent\Builder.php(923): Illuminate\Database\Query\Builder->get(Array)
#7 C:\xampp\htdocs\m\vendor\laravel\framework\src\Illuminate\Database\Eloquent\Builder.php(891): Illuminate\Database\Eloquent\Builder->getModels(Array)
#8 C:\xampp\htdocs\m\storage\framework\views\564900c3b6ac4fa46314efcfc1e68cc8a85fb733.php(7): Illuminate\Database\Eloquent\Builder->get()
#9 C:\xampp\htdocs\m\vendor\laravel\framework\src\Illuminate\View\Engines\PhpEngine.php(83): include('C:\\xampp\\htdocs...')
#10 C:\xampp\htdocs\m\vendor\laravel\framework\src\Illuminate\View\Engines\CompilerEngine.php(117): Illuminate\View\Engines\PhpEngine->evaluatePath('C:\\xampp\\htdocs...', Array)
#11 C:\xampp\htdocs\m\vendor\laravel\framework\src\Illuminate\View\View.php(273): Illuminate\View\Engines\CompilerEngine->get('C:\\xampp\\htdocs...', Array)
#12 C:\xampp\htdocs\m\vendor\laravel\framework\src\Illuminate\View\View.php(239): Illuminate\View\View->getContents()
#13 C:\xampp\htdocs\m\vendor\laravel\framework\src\Illuminate\View\View.php(169): Illuminate\View\View->renderContents()
#14 C:\xampp\htdocs\m\storage\framework\views\faad8a2e391b3c9b07584a4c2842bf250fbd8056.php(16): Illuminate\View\View->render()
#15 C:\xampp\htdocs\m\vendor\laravel\framework\src\Illuminate\View\Engines\PhpEngine.php(83): include('C:\\xampp\\htdocs...')
#16 C:\xampp\htdocs\m\vendor\laravel\framework\src\Illuminate\View\Engines\CompilerEngine.php(117): Illuminate\View\Engines\PhpEngine->evaluatePath('C:\\xampp\\htdocs...', Array)
#17 C:\xampp\htdocs\m\vendor\laravel\framework\src\Illuminate\View\View.php(273): Illuminate\View\Engines\CompilerEngine->get('C:\\xampp\\htdocs...', Array)
#18 C:\xampp\htdocs\m\vendor\laravel\framework\src\Illuminate\View\View.php(239): Illuminate\View\View->getContents()
#19 C:\xampp\htdocs\m\vendor\laravel\framework\src\Illuminate\View\View.php(169): Illuminate\View\View->renderContents()
#20 C:\xampp\htdocs\m\storage\framework\views\7376a71f26a83f5adf32e9867fae4003e96e3f73.php(8): Illuminate\View\View->render()
#21 C:\xampp\htdocs\m\vendor\laravel\framework\src\Illuminate\View\Engines\PhpEngine.php(83): include('C:\\xampp\\htdocs...')
#22 C:\xampp\htdocs\m\vendor\laravel\framework\src\Illuminate\View\Engines\CompilerEngine.php(117): Illuminate\View\Engines\PhpEngine->evaluatePath('C:\\xampp\\htdocs...', Array)
#23 C:\xampp\htdocs\m\vendor\laravel\framework\src\Illuminate\View\View.php(273): Illuminate\View\Engines\CompilerEngine->get('C:\\xampp\\htdocs...', Array)
#24 C:\xampp\htdocs\m\vendor\laravel\framework\src\Illuminate\View\View.php(239): Illuminate\View\View->getContents()
#25 C:\xampp\htdocs\m\vendor\laravel\framework\src\Illuminate\View\View.php(169): Illuminate\View\View->renderContents()
#26 C:\xampp\htdocs\m\storage\framework\views\7c3131422ffe3340dd7e5ed45527d3a7c4d9a400.php(24): Illuminate\View\View->render()
#27 C:\xampp\htdocs\m\vendor\laravel\framework\src\Illuminate\View\Engines\PhpEngine.php(83): include('C:\\xampp\\htdocs...')
#28 C:\xampp\htdocs\m\vendor\laravel\framework\src\Illuminate\View\Engines\CompilerEngine.php(117): Illuminate\View\Engines\PhpEngine->evaluatePath('C:\\xampp\\htdocs...', Array)
#29 C:\xampp\htdocs\m\vendor\laravel\framework\src\Illuminate\View\View.php(273): Illuminate\View\Engines\CompilerEngine->get('C:\\xampp\\htdocs...', Array)
#30 C:\xampp\htdocs\m\vendor\laravel\framework\src\Illuminate\View\View.php(239): Illuminate\View\View->getContents()
#31 C:\xampp\htdocs\m\vendor\laravel\framework\src\Illuminate\View\View.php(169): Illuminate\View\View->renderContents()
#32 C:\xampp\htdocs\m\storage\framework\views\9cd37a5ddff457d3f2fadb4cee1c2152b39bbd43.php(66): Illuminate\View\View->render()
#33 C:\xampp\htdocs\m\vendor\laravel\framework\src\Illuminate\View\Engines\PhpEngine.php(83): include('C:\\xampp\\htdocs...')
#34 C:\xampp\htdocs\m\vendor\laravel\framework\src\Illuminate\View\Engines\CompilerEngine.php(117): Illuminate\View\Engines\PhpEngine->evaluatePath('C:\\xampp\\htdocs...', Array)
#35 C:\xampp\htdocs\m\vendor\laravel\framework\src\Illuminate\View\View.php(273): Illuminate\View\Engines\CompilerEngine->get('C:\\xampp\\htdocs...', Array)
#36 C:\xampp\htdocs\m\vendor\laravel\framework\src\Illuminate\View\View.php(239): Illuminate\View\View->getContents()
#37 C:\xampp\htdocs\m\vendor\laravel\framework\src\Illuminate\View\View.php(169): Illuminate\View\View->renderContents()
#38 C:\xampp\htdocs\m\vendor\laravel\framework\src\Illuminate\Http\Response.php(75): Illuminate\View\View->render()
#39 C:\xampp\htdocs\m\vendor\symfony\http-foundation\Response.php(401): Illuminate\Http\Response->setContent(Object(Illuminate\View\View))
#40 C:\xampp\htdocs\m\vendor\laravel\framework\src\Illuminate\Routing\ResponseFactory.php(109): Symfony\Component\HttpFoundation\Response->__construct(Object(Illuminate\View\View), 404, Array)
#41 C:\xampp\htdocs\m\vendor\laravel\framework\src\Illuminate\Routing\ResponseFactory.php(137): Illuminate\Routing\ResponseFactory->make(Object(Illuminate\View\View), 404, Array)
#42 C:\xampp\htdocs\m\vendor\laravel\framework\src\Illuminate\Foundation\Exceptions\Handler.php(389): Illuminate\Routing\ResponseFactory->view('errors::404', Array, 404, Array)
#43 C:\xampp\htdocs\m\vendor\laravel\framework\src\Illuminate\Foundation\Exceptions\Handler.php(345): Illuminate\Foundation\Exceptions\Handler->renderHttpException(Object(Symfony\Component\HttpKernel\Exception\NotFoundHttpException))
#44 C:\xampp\htdocs\m\vendor\laravel\framework\src\Illuminate\Foundation\Exceptions\Handler.php(237): Illuminate\Foundation\Exceptions\Handler->prepareResponse(Object(Illuminate\Http\Request), Object(Symfony\Component\HttpKernel\Exception\NotFoundHttpException))
#45 C:\xampp\htdocs\m\app\Exceptions\Handler.php(139): Illuminate\Foundation\Exceptions\Handler->render(Object(Illuminate\Http\Request), Object(Symfony\Component\HttpKernel\Exception\NotFoundHttpException))
#46 C:\xampp\htdocs\m\vendor\laravel\framework\src\Illuminate\Routing\Pipeline.php(163): App\Exceptions\Handler->render(Object(Illuminate\Http\Request), Object(Symfony\Component\HttpKernel\Exception\NotFoundHttpException))
#47 C:\xampp\htdocs\m\vendor\laravel\framework\src\Illuminate\Routing\Pipeline.php(63): Illuminate\Routing\Pipeline->handleException(Object(Illuminate\Http\Request), Object(Symfony\Component\HttpKernel\Exception\NotFoundHttpException))
#48 C:\xampp\htdocs\m\vendor\laravel\framework\src\Illuminate\Foundation\Http\Middleware\TransformsRequest.php(59): Illuminate\Routing\Pipeline->Illuminate\Routing\{closure}(Object(Illuminate\Http\Request))
#49 C:\xampp\htdocs\m\vendor\laravel\framework\src\Illuminate\Pipeline\Pipeline.php(295): Illuminate\Foundation\Http\Middleware\TransformsRequest->handle(Object(Illuminate\Http\Request), Object(Closure))
#50 C:\xampp\htdocs\m\vendor\laravel\framework\src\Illuminate\Routing\Pipeline.php(105): Illuminate\Pipeline\Pipeline->Illuminate\Pipeline\{closure}(Object(Illuminate\Http\Request))
#51 C:\xampp\htdocs\m\vendor\laravel\framework\src\Illuminate\Foundation\Http\Middleware\TransformsRequest.php(59): Illuminate\Routing\Pipeline->Illuminate\Routing\{closure}(Object(Illuminate\Http\Request))
#52 C:\xampp\htdocs\m\vendor\laravel\framework\src\Illuminate\Pipeline\Pipeline.php(295): Illuminate\Foundation\Http\Middleware\TransformsRequest->handle(Object(Illuminate\Http\Request), Object(Closure))
#53 C:\xampp\htdocs\m\vendor\laravel\framework\src\Illuminate\Routing\Pipeline.php(105): Illuminate\Pipeline\Pipeline->Illuminate\Pipeline\{closure}(Object(Illuminate\Http\Request))
#54 C:\xampp\htdocs\m\vendor\laravel\framework\src\Illuminate\Foundation\Http\Middleware\ValidatePostSize.php(53): Illuminate\Routing\Pipeline->Illuminate\Routing\{closure}(Object(Illuminate\Http\Request))
#55 C:\xampp\htdocs\m\vendor\laravel\framework\src\Illuminate\Pipeline\Pipeline.php(295): Illuminate\Foundation\Http\Middleware\ValidatePostSize->handle(Object(Illuminate\Http\Request), Object(Closure))
#56 C:\xampp\htdocs\m\vendor\laravel\framework\src\Illuminate\Routing\Pipeline.php(105): Illuminate\Pipeline\Pipeline->Illuminate\Pipeline\{closure}(Object(Illuminate\Http\Request))
#57 C:\xampp\htdocs\m\vendor\laravel\framework\src\Illuminate\Foundation\Http\Middleware\CheckForMaintenanceMode.php(91): Illuminate\Routing\Pipeline->Illuminate\Routing\{closure}(Object(Illuminate\Http\Request))
#58 C:\xampp\htdocs\m\vendor\laravel\framework\src\Illuminate\Pipeline\Pipeline.php(295): Illuminate\Foundation\Http\Middleware\CheckForMaintenanceMode->handle(Object(Illuminate\Http\Request), Object(Closure))
#59 C:\xampp\htdocs\m\vendor\laravel\framework\src\Illuminate\Routing\Pipeline.php(105): Illuminate\Pipeline\Pipeline->Illuminate\Pipeline\{closure}(Object(Illuminate\Http\Request))
#60 C:\xampp\htdocs\m\vendor\laravel\framework\src\Illuminate\Pipeline\Pipeline.php(203): Illuminate\Routing\Pipeline->Illuminate\Routing\{closure}(Object(Illuminate\Http\Request))
#61 C:\xampp\htdocs\m\vendor\laravel\framework\src\Illuminate\Foundation\Http\Kernel.php(301): Illuminate\Pipeline\Pipeline->then(Object(Closure))
#62 C:\xampp\htdocs\m\vendor\laravel\framework\src\Illuminate\Foundation\Http\Kernel.php(231): Illuminate\Foundation\Http\Kernel->sendRequestThroughRouter(Object(Illuminate\Http\Request))
#63 C:\xampp\htdocs\m\index.php(53): Illuminate\Foundation\Http\Kernel->handle(Object(Illuminate\Http\Request))
#64 {main}

Next Illuminate\Database\QueryException: SQLSTATE[42S02]: Base table or view not found: 1146 Table 'm.products' doesn't exist (SQL: select * from `products` where (`status` = 1 and `hot` = 1 and `cate_id` = 0) order by `stt` desc limit 8) in C:\xampp\htdocs\m\vendor\laravel\framework\src\Illuminate\Database\Connection.php:1293
Stack trace:
#0 C:\xampp\htdocs\m\vendor\laravel\framework\src\Illuminate\Database\Connection.php(1213): Illuminate\Database\Connection->runQueryCallback('select * from `...', Array, Object(Closure))
#1 C:\xampp\htdocs\m\vendor\laravel\framework\src\Illuminate\Database\Connection.php(651): Illuminate\Database\Connection->run('select * from `...', Array, Object(Closure))
#2 C:\xampp\htdocs\m\vendor\laravel\framework\src\Illuminate\Database\Query\Builder.php(3409): Illuminate\Database\Connection->select('select * from `...', Array, true)
#3 C:\xampp\htdocs\m\vendor\laravel\framework\src\Illuminate\Database\Query\Builder.php(3379): Illuminate\Database\Query\Builder->runSelect()
#4 C:\xampp\htdocs\m\vendor\laravel\framework\src\Illuminate\Database\Eloquent\Builder.php(923): Illuminate\Database\Query\Builder->get(Array)
#5 C:\xampp\htdocs\m\vendor\laravel\framework\src\Illuminate\Database\Eloquent\Builder.php(891): Illuminate\Database\Eloquent\Builder->getModels(Array)
#6 C:\xampp\htdocs\m\storage\framework\views\564900c3b6ac4fa46314efcfc1e68cc8a85fb733.php(7): Illuminate\Database\Eloquent\Builder->get()
#7 C:\xampp\htdocs\m\vendor\laravel\framework\src\Illuminate\View\Engines\PhpEngine.php(83): include('C:\\xampp\\htdocs...')
#8 C:\xampp\htdocs\m\vendor\laravel\framework\src\Illuminate\View\Engines\CompilerEngine.php(117): Illuminate\View\Engines\PhpEngine->evaluatePath('C:\\xampp\\htdocs...', Array)
#9 C:\xampp\htdocs\m\vendor\laravel\framework\src\Illuminate\View\View.php(273): Illuminate\View\Engines\CompilerEngine->get('C:\\xampp\\htdocs...', Array)
#10 C:\xampp\htdocs\m\vendor\laravel\framework\src\Illuminate\View\View.php(239): Illuminate\View\View->getContents()
#11 C:\xampp\htdocs\m\vendor\laravel\framework\src\Illuminate\View\View.php(169): Illuminate\View\View->renderContents()
#12 C:\xampp\htdocs\m\storage\framework\views\faad8a2e391b3c9b07584a4c2842bf250fbd8056.php(16): Illuminate\View\View->render()
#13 C:\xampp\htdocs\m\vendor\laravel\framework\src\Illuminate\View\Engines\PhpEngine.php(83): include('C:\\xampp\\htdocs...')
#14 C:\xampp\htdocs\m\vendor\laravel\framework\src\Illuminate\View\Engines\CompilerEngine.php(117): Illuminate\View\Engines\PhpEngine->evaluatePath('C:\\xampp\\htdocs...', Array)
#15 C:\xampp\htdocs\m\vendor\laravel\framework\src\Illuminate\View\View.php(273): Illuminate\View\Engines\CompilerEngine->get('C:\\xampp\\htdocs...', Array)
#16 C:\xampp\htdocs\m\vendor\laravel\framework\src\Illuminate\View\View.php(239): Illuminate\View\View->getContents()
#17 C:\xampp\htdocs\m\vendor\laravel\framework\src\Illuminate\View\View.php(169): Illuminate\View\View->renderContents()
#18 C:\xampp\htdocs\m\storage\framework\views\7376a71f26a83f5adf32e9867fae4003e96e3f73.php(8): Illuminate\View\View->render()
#19 C:\xampp\htdocs\m\vendor\laravel\framework\src\Illuminate\View\Engines\PhpEngine.php(83): include('C:\\xampp\\htdocs...')
#20 C:\xampp\htdocs\m\vendor\laravel\framework\src\Illuminate\View\Engines\CompilerEngine.php(117): Illuminate\View\Engines\PhpEngine->evaluatePath('C:\\xampp\\htdocs...', Array)
#21 C:\xampp\htdocs\m\vendor\laravel\framework\src\Illuminate\View\View.php(273): Illuminate\View\Engines\CompilerEngine->get('C:\\xampp\\htdocs...', Array)
#22 C:\xampp\htdocs\m\vendor\laravel\framework\src\Illuminate\View\View.php(239): Illuminate\View\View->getContents()
#23 C:\xampp\htdocs\m\vendor\laravel\framework\src\Illuminate\View\View.php(169): Illuminate\View\View->renderContents()
#24 C:\xampp\htdocs\m\storage\framework\views\7c3131422ffe3340dd7e5ed45527d3a7c4d9a400.php(24): Illuminate\View\View->render()
#25 C:\xampp\htdocs\m\vendor\laravel\framework\src\Illuminate\View\Engines\PhpEngine.php(83): include('C:\\xampp\\htdocs...')
#26 C:\xampp\htdocs\m\vendor\laravel\framework\src\Illuminate\View\Engines\CompilerEngine.php(117): Illuminate\View\Engines\PhpEngine->evaluatePath('C:\\xampp\\htdocs...', Array)
#27 C:\xampp\htdocs\m\vendor\laravel\framework\src\Illuminate\View\View.php(273): Illuminate\View\Engines\CompilerEngine->get('C:\\xampp\\htdocs...', Array)
#28 C:\xampp\htdocs\m\vendor\laravel\framework\src\Illuminate\View\View.php(239): Illuminate\View\View->getContents()
#29 C:\xampp\htdocs\m\vendor\laravel\framework\src\Illuminate\View\View.php(169): Illuminate\View\View->renderContents()
#30 C:\xampp\htdocs\m\storage\framework\views\9cd37a5ddff457d3f2fadb4cee1c2152b39bbd43.php(66): Illuminate\View\View->render()
#31 C:\xampp\htdocs\m\vendor\laravel\framework\src\Illuminate\View\Engines\PhpEngine.php(83): include('C:\\xampp\\htdocs...')
#32 C:\xampp\htdocs\m\vendor\laravel\framework\src\Illuminate\View\Engines\CompilerEngine.php(117): Illuminate\View\Engines\PhpEngine->evaluatePath('C:\\xampp\\htdocs...', Array)
#33 C:\xampp\htdocs\m\vendor\laravel\framework\src\Illuminate\View\View.php(273): Illuminate\View\Engines\CompilerEngine->get('C:\\xampp\\htdocs...', Array)
#34 C:\xampp\htdocs\m\vendor\laravel\framework\src\Illuminate\View\View.php(239): Illuminate\View\View->getContents()
#35 C:\xampp\htdocs\m\vendor\laravel\framework\src\Illuminate\View\View.php(169): Illuminate\View\View->renderContents()
#36 C:\xampp\htdocs\m\vendor\laravel\framework\src\Illuminate\Http\Response.php(75): Illuminate\View\View->render()
#37 C:\xampp\htdocs\m\vendor\symfony\http-foundation\Response.php(401): Illuminate\Http\Response->setContent(Object(Illuminate\View\View))
#38 C:\xampp\htdocs\m\vendor\laravel\framework\src\Illuminate\Routing\ResponseFactory.php(109): Symfony\Component\HttpFoundation\Response->__construct(Object(Illuminate\View\View), 404, Array)
#39 C:\xampp\htdocs\m\vendor\laravel\framework\src\Illuminate\Routing\ResponseFactory.php(137): Illuminate\Routing\ResponseFactory->make(Object(Illuminate\View\View), 404, Array)
#40 C:\xampp\htdocs\m\vendor\laravel\framework\src\Illuminate\Foundation\Exceptions\Handler.php(389): Illuminate\Routing\ResponseFactory->view('errors::404', Array, 404, Array)
#41 C:\xampp\htdocs\m\vendor\laravel\framework\src\Illuminate\Foundation\Exceptions\Handler.php(345): Illuminate\Foundation\Exceptions\Handler->renderHttpException(Object(Symfony\Component\HttpKernel\Exception\NotFoundHttpException))
#42 C:\xampp\htdocs\m\vendor\laravel\framework\src\Illuminate\Foundation\Exceptions\Handler.php(237): Illuminate\Foundation\Exceptions\Handler->prepareResponse(Object(Illuminate\Http\Request), Object(Symfony\Component\HttpKernel\Exception\NotFoundHttpException))
#43 C:\xampp\htdocs\m\app\Exceptions\Handler.php(139): Illuminate\Foundation\Exceptions\Handler->render(Object(Illuminate\Http\Request), Object(Symfony\Component\HttpKernel\Exception\NotFoundHttpException))
#44 C:\xampp\htdocs\m\vendor\laravel\framework\src\Illuminate\Routing\Pipeline.php(163): App\Exceptions\Handler->render(Object(Illuminate\Http\Request), Object(Symfony\Component\HttpKernel\Exception\NotFoundHttpException))
#45 C:\xampp\htdocs\m\vendor\laravel\framework\src\Illuminate\Routing\Pipeline.php(63): Illuminate\Routing\Pipeline->handleException(Object(Illuminate\Http\Request), Object(Symfony\Component\HttpKernel\Exception\NotFoundHttpException))
#46 C:\xampp\htdocs\m\vendor\laravel\framework\src\Illuminate\Foundation\Http\Middleware\TransformsRequest.php(59): Illuminate\Routing\Pipeline->Illuminate\Routing\{closure}(Object(Illuminate\Http\Request))
#47 C:\xampp\htdocs\m\vendor\laravel\framework\src\Illuminate\Pipeline\Pipeline.php(295): Illuminate\Foundation\Http\Middleware\TransformsRequest->handle(Object(Illuminate\Http\Request), Object(Closure))
#48 C:\xampp\htdocs\m\vendor\laravel\framework\src\Illuminate\Routing\Pipeline.php(105): Illuminate\Pipeline\Pipeline->Illuminate\Pipeline\{closure}(Object(Illuminate\Http\Request))
#49 C:\xampp\htdocs\m\vendor\laravel\framework\src\Illuminate\Foundation\Http\Middleware\TransformsRequest.php(59): Illuminate\Routing\Pipeline->Illuminate\Routing\{closure}(Object(Illuminate\Http\Request))
#50 C:\xampp\htdocs\m\vendor\laravel\framework\src\Illuminate\Pipeline\Pipeline.php(295): Illuminate\Foundation\Http\Middleware\TransformsRequest->handle(Object(Illuminate\Http\Request), Object(Closure))
#51 C:\xampp\htdocs\m\vendor\laravel\framework\src\Illuminate\Routing\Pipeline.php(105): Illuminate\Pipeline\Pipeline->Illuminate\Pipeline\{closure}(Object(Illuminate\Http\Request))
#52 C:\xampp\htdocs\m\vendor\laravel\framework\src\Illuminate\Foundation\Http\Middleware\ValidatePostSize.php(53): Illuminate\Routing\Pipeline->Illuminate\Routing\{closure}(Object(Illuminate\Http\Request))
#53 C:\xampp\htdocs\m\vendor\laravel\framework\src\Illuminate\Pipeline\Pipeline.php(295): Illuminate\Foundation\Http\Middleware\ValidatePostSize->handle(Object(Illuminate\Http\Request), Object(Closure))
#54 C:\xampp\htdocs\m\vendor\laravel\framework\src\Illuminate\Routing\Pipeline.php(105): Illuminate\Pipeline\Pipeline->Illuminate\Pipeline\{closure}(Object(Illuminate\Http\Request))
#55 C:\xampp\htdocs\m\vendor\laravel\framework\src\Illuminate\Foundation\Http\Middleware\CheckForMaintenanceMode.php(91): Illuminate\Routing\Pipeline->Illuminate\Routing\{closure}(Object(Illuminate\Http\Request))
#56 C:\xampp\htdocs\m\vendor\laravel\framework\src\Illuminate\Pipeline\Pipeline.php(295): Illuminate\Foundation\Http\Middleware\CheckForMaintenanceMode->handle(Object(Illuminate\Http\Request), Object(Closure))
#57 C:\xampp\htdocs\m\vendor\laravel\framework\src\Illuminate\Routing\Pipeline.php(105): Illuminate\Pipeline\Pipeline->Illuminate\Pipeline\{closure}(Object(Illuminate\Http\Request))
#58 C:\xampp\htdocs\m\vendor\laravel\framework\src\Illuminate\Pipeline\Pipeline.php(203): Illuminate\Routing\Pipeline->Illuminate\Routing\{closure}(Object(Illuminate\Http\Request))
#59 C:\xampp\htdocs\m\vendor\laravel\framework\src\Illuminate\Foundation\Http\Kernel.php(301): Illuminate\Pipeline\Pipeline->then(Object(Closure))
#60 C:\xampp\htdocs\m\vendor\laravel\framework\src\Illuminate\Foundation\Http\Kernel.php(231): Illuminate\Foundation\Http\Kernel->sendRequestThroughRouter(Object(Illuminate\Http\Request))
#61 C:\xampp\htdocs\m\index.php(53): Illuminate\Foundation\Http\Kernel->handle(Object(Illuminate\Http\Request))
#62 {main}

Next ErrorException: SQLSTATE[42S02]: Base table or view not found: 1146 Table 'm.products' doesn't exist (SQL: select * from `products` where (`status` = 1 and `hot` = 1 and `cate_id` = 0) order by `stt` desc limit 8) (View: C:\xampp\htdocs\m\resources\views\templates\headers\nav-megamenu.blade.php) in C:\xampp\htdocs\m\vendor\laravel\framework\src\Illuminate\Database\Connection.php:1293
Stack trace:
#0 C:\xampp\htdocs\m\vendor\laravel\framework\src\Illuminate\View\Engines\PhpEngine.php(87): Illuminate\View\Engines\CompilerEngine->handleViewException(Object(Illuminate\Database\QueryException), 5)
#1 C:\xampp\htdocs\m\vendor\laravel\framework\src\Illuminate\View\Engines\CompilerEngine.php(117): Illuminate\View\Engines\PhpEngine->evaluatePath('C:\\xampp\\htdocs...', Array)
#2 C:\xampp\htdocs\m\vendor\laravel\framework\src\Illuminate\View\View.php(273): Illuminate\View\Engines\CompilerEngine->get('C:\\xampp\\htdocs...', Array)
#3 C:\xampp\htdocs\m\vendor\laravel\framework\src\Illuminate\View\View.php(239): Illuminate\View\View->getContents()
#4 C:\xampp\htdocs\m\vendor\laravel\framework\src\Illuminate\View\View.php(169): Illuminate\View\View->renderContents()
#5 C:\xampp\htdocs\m\storage\framework\views\faad8a2e391b3c9b07584a4c2842bf250fbd8056.php(16): Illuminate\View\View->render()
#6 C:\xampp\htdocs\m\vendor\laravel\framework\src\Illuminate\View\Engines\PhpEngine.php(83): include('C:\\xampp\\htdocs...')
#7 C:\xampp\htdocs\m\vendor\laravel\framework\src\Illuminate\View\Engines\CompilerEngine.php(117): Illuminate\View\Engines\PhpEngine->evaluatePath('C:\\xampp\\htdocs...', Array)
#8 C:\xampp\htdocs\m\vendor\laravel\framework\src\Illuminate\View\View.php(273): Illuminate\View\Engines\CompilerEngine->get('C:\\xampp\\htdocs...', Array)
#9 C:\xampp\htdocs\m\vendor\laravel\framework\src\Illuminate\View\View.php(239): Illuminate\View\View->getContents()
#10 C:\xampp\htdocs\m\vendor\laravel\framework\src\Illuminate\View\View.php(169): Illuminate\View\View->renderContents()
#11 C:\xampp\htdocs\m\storage\framework\views\7376a71f26a83f5adf32e9867fae4003e96e3f73.php(8): Illuminate\View\View->render()
#12 C:\xampp\htdocs\m\vendor\laravel\framework\src\Illuminate\View\Engines\PhpEngine.php(83): include('C:\\xampp\\htdocs...')
#13 C:\xampp\htdocs\m\vendor\laravel\framework\src\Illuminate\View\Engines\CompilerEngine.php(117): Illuminate\View\Engines\PhpEngine->evaluatePath('C:\\xampp\\htdocs...', Array)
#14 C:\xampp\htdocs\m\vendor\laravel\framework\src\Illuminate\View\View.php(273): Illuminate\View\Engines\CompilerEngine->get('C:\\xampp\\htdocs...', Array)
#15 C:\xampp\htdocs\m\vendor\laravel\framework\src\Illuminate\View\View.php(239): Illuminate\View\View->getContents()
#16 C:\xampp\htdocs\m\vendor\laravel\framework\src\Illuminate\View\View.php(169): Illuminate\View\View->renderContents()
#17 C:\xampp\htdocs\m\storage\framework\views\7c3131422ffe3340dd7e5ed45527d3a7c4d9a400.php(24): Illuminate\View\View->render()
#18 C:\xampp\htdocs\m\vendor\laravel\framework\src\Illuminate\View\Engines\PhpEngine.php(83): include('C:\\xampp\\htdocs...')
#19 C:\xampp\htdocs\m\vendor\laravel\framework\src\Illuminate\View\Engines\CompilerEngine.php(117): Illuminate\View\Engines\PhpEngine->evaluatePath('C:\\xampp\\htdocs...', Array)
#20 C:\xampp\htdocs\m\vendor\laravel\framework\src\Illuminate\View\View.php(273): Illuminate\View\Engines\CompilerEngine->get('C:\\xampp\\htdocs...', Array)
#21 C:\xampp\htdocs\m\vendor\laravel\framework\src\Illuminate\View\View.php(239): Illuminate\View\View->getContents()
#22 C:\xampp\htdocs\m\vendor\laravel\framework\src\Illuminate\View\View.php(169): Illuminate\View\View->renderContents()
#23 C:\xampp\htdocs\m\storage\framework\views\9cd37a5ddff457d3f2fadb4cee1c2152b39bbd43.php(66): Illuminate\View\View->render()
#24 C:\xampp\htdocs\m\vendor\laravel\framework\src\Illuminate\View\Engines\PhpEngine.php(83): include('C:\\xampp\\htdocs...')
#25 C:\xampp\htdocs\m\vendor\laravel\framework\src\Illuminate\View\Engines\CompilerEngine.php(117): Illuminate\View\Engines\PhpEngine->evaluatePath('C:\\xampp\\htdocs...', Array)
#26 C:\xampp\htdocs\m\vendor\laravel\framework\src\Illuminate\View\View.php(273): Illuminate\View\Engines\CompilerEngine->get('C:\\xampp\\htdocs...', Array)
#27 C:\xampp\htdocs\m\vendor\laravel\framework\src\Illuminate\View\View.php(239): Illuminate\View\View->getContents()
#28 C:\xampp\htdocs\m\vendor\laravel\framework\src\Illuminate\View\View.php(169): Illuminate\View\View->renderContents()
#29 C:\xampp\htdocs\m\vendor\laravel\framework\src\Illuminate\Http\Response.php(75): Illuminate\View\View->render()
#30 C:\xampp\htdocs\m\vendor\symfony\http-foundation\Response.php(401): Illuminate\Http\Response->setContent(Object(Illuminate\View\View))
#31 C:\xampp\htdocs\m\vendor\laravel\framework\src\Illuminate\Routing\ResponseFactory.php(109): Symfony\Component\HttpFoundation\Response->__construct(Object(Illuminate\View\View), 404, Array)
#32 C:\xampp\htdocs\m\vendor\laravel\framework\src\Illuminate\Routing\ResponseFactory.php(137): Illuminate\Routing\ResponseFactory->make(Object(Illuminate\View\View), 404, Array)
#33 C:\xampp\htdocs\m\vendor\laravel\framework\src\Illuminate\Foundation\Exceptions\Handler.php(389): Illuminate\Routing\ResponseFactory->view('errors::404', Array, 404, Array)
#34 C:\xampp\htdocs\m\vendor\laravel\framework\src\Illuminate\Foundation\Exceptions\Handler.php(345): Illuminate\Foundation\Exceptions\Handler->renderHttpException(Object(Symfony\Component\HttpKernel\Exception\NotFoundHttpException))
#35 C:\xampp\htdocs\m\vendor\laravel\framework\src\Illuminate\Foundation\Exceptions\Handler.php(237): Illuminate\Foundation\Exceptions\Handler->prepareResponse(Object(Illuminate\Http\Request), Object(Symfony\Component\HttpKernel\Exception\NotFoundHttpException))
#36 C:\xampp\htdocs\m\app\Exceptions\Handler.php(139): Illuminate\Foundation\Exceptions\Handler->render(Object(Illuminate\Http\Request), Object(Symfony\Component\HttpKernel\Exception\NotFoundHttpException))
#37 C:\xampp\htdocs\m\vendor\laravel\framework\src\Illuminate\Routing\Pipeline.php(163): App\Exceptions\Handler->render(Object(Illuminate\Http\Request), Object(Symfony\Component\HttpKernel\Exception\NotFoundHttpException))
#38 C:\xampp\htdocs\m\vendor\laravel\framework\src\Illuminate\Routing\Pipeline.php(63): Illuminate\Routing\Pipeline->handleException(Object(Illuminate\Http\Request), Object(Symfony\Component\HttpKernel\Exception\NotFoundHttpException))
#39 C:\xampp\htdocs\m\vendor\laravel\framework\src\Illuminate\Foundation\Http\Middleware\TransformsRequest.php(59): Illuminate\Routing\Pipeline->Illuminate\Routing\{closure}(Object(Illuminate\Http\Request))
#40 C:\xampp\htdocs\m\vendor\laravel\framework\src\Illuminate\Pipeline\Pipeline.php(295): Illuminate\Foundation\Http\Middleware\TransformsRequest->handle(Object(Illuminate\Http\Request), Object(Closure))
#41 C:\xampp\htdocs\m\vendor\laravel\framework\src\Illuminate\Routing\Pipeline.php(105): Illuminate\Pipeline\Pipeline->Illuminate\Pipeline\{closure}(Object(Illuminate\Http\Request))
#42 C:\xampp\htdocs\m\vendor\laravel\framework\src\Illuminate\Foundation\Http\Middleware\TransformsRequest.php(59): Illuminate\Routing\Pipeline->Illuminate\Routing\{closure}(Object(Illuminate\Http\Request))
#43 C:\xampp\htdocs\m\vendor\laravel\framework\src\Illuminate\Pipeline\Pipeline.php(295): Illuminate\Foundation\Http\Middleware\TransformsRequest->handle(Object(Illuminate\Http\Request), Object(Closure))
#44 C:\xampp\htdocs\m\vendor\laravel\framework\src\Illuminate\Routing\Pipeline.php(105): Illuminate\Pipeline\Pipeline->Illuminate\Pipeline\{closure}(Object(Illuminate\Http\Request))
#45 C:\xampp\htdocs\m\vendor\laravel\framework\src\Illuminate\Foundation\Http\Middleware\ValidatePostSize.php(53): Illuminate\Routing\Pipeline->Illuminate\Routing\{closure}(Object(Illuminate\Http\Request))
#46 C:\xampp\htdocs\m\vendor\laravel\framework\src\Illuminate\Pipeline\Pipeline.php(295): Illuminate\Foundation\Http\Middleware\ValidatePostSize->handle(Object(Illuminate\Http\Request), Object(Closure))
#47 C:\xampp\htdocs\m\vendor\laravel\framework\src\Illuminate\Routing\Pipeline.php(105): Illuminate\Pipeline\Pipeline->Illuminate\Pipeline\{closure}(Object(Illuminate\Http\Request))
#48 C:\xampp\htdocs\m\vendor\laravel\framework\src\Illuminate\Foundation\Http\Middleware\CheckForMaintenanceMode.php(91): Illuminate\Routing\Pipeline->Illuminate\Routing\{closure}(Object(Illuminate\Http\Request))
#49 C:\xampp\htdocs\m\vendor\laravel\framework\src\Illuminate\Pipeline\Pipeline.php(295): Illuminate\Foundation\Http\Middleware\CheckForMaintenanceMode->handle(Object(Illuminate\Http\Request), Object(Closure))
#50 C:\xampp\htdocs\m\vendor\laravel\framework\src\Illuminate\Routing\Pipeline.php(105): Illuminate\Pipeline\Pipeline->Illuminate\Pipeline\{closure}(Object(Illuminate\Http\Request))
#51 C:\xampp\htdocs\m\vendor\laravel\framework\src\Illuminate\Pipeline\Pipeline.php(203): Illuminate\Routing\Pipeline->Illuminate\Routing\{closure}(Object(Illuminate\Http\Request))
#52 C:\xampp\htdocs\m\vendor\laravel\framework\src\Illuminate\Foundation\Http\Kernel.php(301): Illuminate\Pipeline\Pipeline->then(Object(Closure))
#53 C:\xampp\htdocs\m\vendor\laravel\framework\src\Illuminate\Foundation\Http\Kernel.php(231): Illuminate\Foundation\Http\Kernel->sendRequestThroughRouter(Object(Illuminate\Http\Request))
#54 C:\xampp\htdocs\m\index.php(53): Illuminate\Foundation\Http\Kernel->handle(Object(Illuminate\Http\Request))
#55 {main}

Next ErrorException: SQLSTATE[42S02]: Base table or view not found: 1146 Table 'm.products' doesn't exist (SQL: select * from `products` where (`status` = 1 and `hot` = 1 and `cate_id` = 0) order by `stt` desc limit 8) (View: C:\xampp\htdocs\m\resources\views\templates\headers\nav-megamenu.blade.php) (View: C:\xampp\htdocs\m\resources\views\templates\headers\nav-megamenu.blade.php) in C:\xampp\htdocs\m\vendor\laravel\framework\src\Illuminate\Database\Connection.php:1293
Stack trace:
#0 C:\xampp\htdocs\m\vendor\laravel\framework\src\Illuminate\View\Engines\PhpEngine.php(87): Illuminate\View\Engines\CompilerEngine->handleViewException(Object(ErrorException), 4)
#1 C:\xampp\htdocs\m\vendor\laravel\framework\src\Illuminate\View\Engines\CompilerEngine.php(117): Illuminate\View\Engines\PhpEngine->evaluatePath('C:\\xampp\\htdocs...', Array)
#2 C:\xampp\htdocs\m\vendor\laravel\framework\src\Illuminate\View\View.php(273): Illuminate\View\Engines\CompilerEngine->get('C:\\xampp\\htdocs...', Array)
#3 C:\xampp\htdocs\m\vendor\laravel\framework\src\Illuminate\View\View.php(239): Illuminate\View\View->getContents()
#4 C:\xampp\htdocs\m\vendor\laravel\framework\src\Illuminate\View\View.php(169): Illuminate\View\View->renderContents()
#5 C:\xampp\htdocs\m\storage\framework\views\7376a71f26a83f5adf32e9867fae4003e96e3f73.php(8): Illuminate\View\View->render()
#6 C:\xampp\htdocs\m\vendor\laravel\framework\src\Illuminate\View\Engines\PhpEngine.php(83): include('C:\\xampp\\htdocs...')
#7 C:\xampp\htdocs\m\vendor\laravel\framework\src\Illuminate\View\Engines\CompilerEngine.php(117): Illuminate\View\Engines\PhpEngine->evaluatePath('C:\\xampp\\htdocs...', Array)
#8 C:\xampp\htdocs\m\vendor\laravel\framework\src\Illuminate\View\View.php(273): Illuminate\View\Engines\CompilerEngine->get('C:\\xampp\\htdocs...', Array)
#9 C:\xampp\htdocs\m\vendor\laravel\framework\src\Illuminate\View\View.php(239): Illuminate\View\View->getContents()
#10 C:\xampp\htdocs\m\vendor\laravel\framework\src\Illuminate\View\View.php(169): Illuminate\View\View->renderContents()
#11 C:\xampp\htdocs\m\storage\framework\views\7c3131422ffe3340dd7e5ed45527d3a7c4d9a400.php(24): Illuminate\View\View->render()
#12 C:\xampp\htdocs\m\vendor\laravel\framework\src\Illuminate\View\Engines\PhpEngine.php(83): include('C:\\xampp\\htdocs...')
#13 C:\xampp\htdocs\m\vendor\laravel\framework\src\Illuminate\View\Engines\CompilerEngine.php(117): Illuminate\View\Engines\PhpEngine->evaluatePath('C:\\xampp\\htdocs...', Array)
#14 C:\xampp\htdocs\m\vendor\laravel\framework\src\Illuminate\View\View.php(273): Illuminate\View\Engines\CompilerEngine->get('C:\\xampp\\htdocs...', Array)
#15 C:\xampp\htdocs\m\vendor\laravel\framework\src\Illuminate\View\View.php(239): Illuminate\View\View->getContents()
#16 C:\xampp\htdocs\m\vendor\laravel\framework\src\Illuminate\View\View.php(169): Illuminate\View\View->renderContents()
#17 C:\xampp\htdocs\m\storage\framework\views\9cd37a5ddff457d3f2fadb4cee1c2152b39bbd43.php(66): Illuminate\View\View->render()
#18 C:\xampp\htdocs\m\vendor\laravel\framework\src\Illuminate\View\Engines\PhpEngine.php(83): include('C:\\xampp\\htdocs...')
#19 C:\xampp\htdocs\m\vendor\laravel\framework\src\Illuminate\View\Engines\CompilerEngine.php(117): Illuminate\View\Engines\PhpEngine->evaluatePath('C:\\xampp\\htdocs...', Array)
#20 C:\xampp\htdocs\m\vendor\laravel\framework\src\Illuminate\View\View.php(273): Illuminate\View\Engines\CompilerEngine->get('C:\\xampp\\htdocs...', Array)
#21 C:\xampp\htdocs\m\vendor\laravel\framework\src\Illuminate\View\View.php(239): Illuminate\View\View->getContents()
#22 C:\xampp\htdocs\m\vendor\laravel\framework\src\Illuminate\View\View.php(169): Illuminate\View\View->renderContents()
#23 C:\xampp\htdocs\m\vendor\laravel\framework\src\Illuminate\Http\Response.php(75): Illuminate\View\View->render()
#24 C:\xampp\htdocs\m\vendor\symfony\http-foundation\Response.php(401): Illuminate\Http\Response->setContent(Object(Illuminate\View\View))
#25 C:\xampp\htdocs\m\vendor\laravel\framework\src\Illuminate\Routing\ResponseFactory.php(109): Symfony\Component\HttpFoundation\Response->__construct(Object(Illuminate\View\View), 404, Array)
#26 C:\xampp\htdocs\m\vendor\laravel\framework\src\Illuminate\Routing\ResponseFactory.php(137): Illuminate\Routing\ResponseFactory->make(Object(Illuminate\View\View), 404, Array)
#27 C:\xampp\htdocs\m\vendor\laravel\framework\src\Illuminate\Foundation\Exceptions\Handler.php(389): Illuminate\Routing\ResponseFactory->view('errors::404', Array, 404, Array)
#28 C:\xampp\htdocs\m\vendor\laravel\framework\src\Illuminate\Foundation\Exceptions\Handler.php(345): Illuminate\Foundation\Exceptions\Handler->renderHttpException(Object(Symfony\Component\HttpKernel\Exception\NotFoundHttpException))
#29 C:\xampp\htdocs\m\vendor\laravel\framework\src\Illuminate\Foundation\Exceptions\Handler.php(237): Illuminate\Foundation\Exceptions\Handler->prepareResponse(Object(Illuminate\Http\Request), Object(Symfony\Component\HttpKernel\Exception\NotFoundHttpException))
#30 C:\xampp\htdocs\m\app\Exceptions\Handler.php(139): Illuminate\Foundation\Exceptions\Handler->render(Object(Illuminate\Http\Request), Object(Symfony\Component\HttpKernel\Exception\NotFoundHttpException))
#31 C:\xampp\htdocs\m\vendor\laravel\framework\src\Illuminate\Routing\Pipeline.php(163): App\Exceptions\Handler->render(Object(Illuminate\Http\Request), Object(Symfony\Component\HttpKernel\Exception\NotFoundHttpException))
#32 C:\xampp\htdocs\m\vendor\laravel\framework\src\Illuminate\Routing\Pipeline.php(63): Illuminate\Routing\Pipeline->handleException(Object(Illuminate\Http\Request), Object(Symfony\Component\HttpKernel\Exception\NotFoundHttpException))
#33 C:\xampp\htdocs\m\vendor\laravel\framework\src\Illuminate\Foundation\Http\Middleware\TransformsRequest.php(59): Illuminate\Routing\Pipeline->Illuminate\Routing\{closure}(Object(Illuminate\Http\Request))
#34 C:\xampp\htdocs\m\vendor\laravel\framework\src\Illuminate\Pipeline\Pipeline.php(295): Illuminate\Foundation\Http\Middleware\TransformsRequest->handle(Object(Illuminate\Http\Request), Object(Closure))
#35 C:\xampp\htdocs\m\vendor\laravel\framework\src\Illuminate\Routing\Pipeline.php(105): Illuminate\Pipeline\Pipeline->Illuminate\Pipeline\{closure}(Object(Illuminate\Http\Request))
#36 C:\xampp\htdocs\m\vendor\laravel\framework\src\Illuminate\Foundation\Http\Middleware\TransformsRequest.php(59): Illuminate\Routing\Pipeline->Illuminate\Routing\{closure}(Object(Illuminate\Http\Request))
#37 C:\xampp\htdocs\m\vendor\laravel\framework\src\Illuminate\Pipeline\Pipeline.php(295): Illuminate\Foundation\Http\Middleware\TransformsRequest->handle(Object(Illuminate\Http\Request), Object(Closure))
#38 C:\xampp\htdocs\m\vendor\laravel\framework\src\Illuminate\Routing\Pipeline.php(105): Illuminate\Pipeline\Pipeline->Illuminate\Pipeline\{closure}(Object(Illuminate\Http\Request))
#39 C:\xampp\htdocs\m\vendor\laravel\framework\src\Illuminate\Foundation\Http\Middleware\ValidatePostSize.php(53): Illuminate\Routing\Pipeline->Illuminate\Routing\{closure}(Object(Illuminate\Http\Request))
#40 C:\xampp\htdocs\m\vendor\laravel\framework\src\Illuminate\Pipeline\Pipeline.php(295): Illuminate\Foundation\Http\Middleware\ValidatePostSize->handle(Object(Illuminate\Http\Request), Object(Closure))
#41 C:\xampp\htdocs\m\vendor\laravel\framework\src\Illuminate\Routing\Pipeline.php(105): Illuminate\Pipeline\Pipeline->Illuminate\Pipeline\{closure}(Object(Illuminate\Http\Request))
#42 C:\xampp\htdocs\m\vendor\laravel\framework\src\Illuminate\Foundation\Http\Middleware\CheckForMaintenanceMode.php(91): Illuminate\Routing\Pipeline->Illuminate\Routing\{closure}(Object(Illuminate\Http\Request))
#43 C:\xampp\htdocs\m\vendor\laravel\framework\src\Illuminate\Pipeline\Pipeline.php(295): Illuminate\Foundation\Http\Middleware\CheckForMaintenanceMode->handle(Object(Illuminate\Http\Request), Object(Closure))
#44 C:\xampp\htdocs\m\vendor\laravel\framework\src\Illuminate\Routing\Pipeline.php(105): Illuminate\Pipeline\Pipeline->Illuminate\Pipeline\{closure}(Object(Illuminate\Http\Request))
#45 C:\xampp\htdocs\m\vendor\laravel\framework\src\Illuminate\Pipeline\Pipeline.php(203): Illuminate\Routing\Pipeline->Illuminate\Routing\{closure}(Object(Illuminate\Http\Request))
#46 C:\xampp\htdocs\m\vendor\laravel\framework\src\Illuminate\Foundation\Http\Kernel.php(301): Illuminate\Pipeline\Pipeline->then(Object(Closure))
#47 C:\xampp\htdocs\m\vendor\laravel\framework\src\Illuminate\Foundation\Http\Kernel.php(231): Illuminate\Foundation\Http\Kernel->sendRequestThroughRouter(Object(Illuminate\Http\Request))
#48 C:\xampp\htdocs\m\index.php(53): Illuminate\Foundation\Http\Kernel->handle(Object(Illuminate\Http\Request))
#49 {main}

Next ErrorException: SQLSTATE[42S02]: Base table or view not found: 1146 Table 'm.products' doesn't exist (SQL: select * from `products` where (`status` = 1 and `hot` = 1 and `cate_id` = 0) order by `stt` desc limit 8) (View: C:\xampp\htdocs\m\resources\views\templates\headers\nav-megamenu.blade.php) (View: C:\xampp\htdocs\m\resources\views\templates\headers\nav-megamenu.blade.php) (View: C:\xampp\htdocs\m\resources\views\templates\headers\nav-megamenu.blade.php) in C:\xampp\htdocs\m\vendor\laravel\framework\src\Illuminate\Database\Connection.php:1293
Stack trace:
#0 C:\xampp\htdocs\m\vendor\laravel\framework\src\Illuminate\View\Engines\PhpEngine.php(87): Illuminate\View\Engines\CompilerEngine->handleViewException(Object(ErrorException), 3)
#1 C:\xampp\htdocs\m\vendor\laravel\framework\src\Illuminate\View\Engines\CompilerEngine.php(117): Illuminate\View\Engines\PhpEngine->evaluatePath('C:\\xampp\\htdocs...', Array)
#2 C:\xampp\htdocs\m\vendor\laravel\framework\src\Illuminate\View\View.php(273): Illuminate\View\Engines\CompilerEngine->get('C:\\xampp\\htdocs...', Array)
#3 C:\xampp\htdocs\m\vendor\laravel\framework\src\Illuminate\View\View.php(239): Illuminate\View\View->getContents()
#4 C:\xampp\htdocs\m\vendor\laravel\framework\src\Illuminate\View\View.php(169): Illuminate\View\View->renderContents()
#5 C:\xampp\htdocs\m\storage\framework\views\7c3131422ffe3340dd7e5ed45527d3a7c4d9a400.php(24): Illuminate\View\View->render()
#6 C:\xampp\htdocs\m\vendor\laravel\framework\src\Illuminate\View\Engines\PhpEngine.php(83): include('C:\\xampp\\htdocs...')
#7 C:\xampp\htdocs\m\vendor\laravel\framework\src\Illuminate\View\Engines\CompilerEngine.php(117): Illuminate\View\Engines\PhpEngine->evaluatePath('C:\\xampp\\htdocs...', Array)
#8 C:\xampp\htdocs\m\vendor\laravel\framework\src\Illuminate\View\View.php(273): Illuminate\View\Engines\CompilerEngine->get('C:\\xampp\\htdocs...', Array)
#9 C:\xampp\htdocs\m\vendor\laravel\framework\src\Illuminate\View\View.php(239): Illuminate\View\View->getContents()
#10 C:\xampp\htdocs\m\vendor\laravel\framework\src\Illuminate\View\View.php(169): Illuminate\View\View->renderContents()
#11 C:\xampp\htdocs\m\storage\framework\views\9cd37a5ddff457d3f2fadb4cee1c2152b39bbd43.php(66): Illuminate\View\View->render()
#12 C:\xampp\htdocs\m\vendor\laravel\framework\src\Illuminate\View\Engines\PhpEngine.php(83): include('C:\\xampp\\htdocs...')
#13 C:\xampp\htdocs\m\vendor\laravel\framework\src\Illuminate\View\Engines\CompilerEngine.php(117): Illuminate\View\Engines\PhpEngine->evaluatePath('C:\\xampp\\htdocs...', Array)
#14 C:\xampp\htdocs\m\vendor\laravel\framework\src\Illuminate\View\View.php(273): Illuminate\View\Engines\CompilerEngine->get('C:\\xampp\\htdocs...', Array)
#15 C:\xampp\htdocs\m\vendor\laravel\framework\src\Illuminate\View\View.php(239): Illuminate\View\View->getContents()
#16 C:\xampp\htdocs\m\vendor\laravel\framework\src\Illuminate\View\View.php(169): Illuminate\View\View->renderContents()
#17 C:\xampp\htdocs\m\vendor\laravel\framework\src\Illuminate\Http\Response.php(75): Illuminate\View\View->render()
#18 C:\xampp\htdocs\m\vendor\symfony\http-foundation\Response.php(401): Illuminate\Http\Response->setContent(Object(Illuminate\View\View))
#19 C:\xampp\htdocs\m\vendor\laravel\framework\src\Illuminate\Routing\ResponseFactory.php(109): Symfony\Component\HttpFoundation\Response->__construct(Object(Illuminate\View\View), 404, Array)
#20 C:\xampp\htdocs\m\vendor\laravel\framework\src\Illuminate\Routing\ResponseFactory.php(137): Illuminate\Routing\ResponseFactory->make(Object(Illuminate\View\View), 404, Array)
#21 C:\xampp\htdocs\m\vendor\laravel\framework\src\Illuminate\Foundation\Exceptions\Handler.php(389): Illuminate\Routing\ResponseFactory->view('errors::404', Array, 404, Array)
#22 C:\xampp\htdocs\m\vendor\laravel\framework\src\Illuminate\Foundation\Exceptions\Handler.php(345): Illuminate\Foundation\Exceptions\Handler->renderHttpException(Object(Symfony\Component\HttpKernel\Exception\NotFoundHttpException))
#23 C:\xampp\htdocs\m\vendor\laravel\framework\src\Illuminate\Foundation\Exceptions\Handler.php(237): Illuminate\Foundation\Exceptions\Handler->prepareResponse(Object(Illuminate\Http\Request), Object(Symfony\Component\HttpKernel\Exception\NotFoundHttpException))
#24 C:\xampp\htdocs\m\app\Exceptions\Handler.php(139): Illuminate\Foundation\Exceptions\Handler->render(Object(Illuminate\Http\Request), Object(Symfony\Component\HttpKernel\Exception\NotFoundHttpException))
#25 C:\xampp\htdocs\m\vendor\laravel\framework\src\Illuminate\Routing\Pipeline.php(163): App\Exceptions\Handler->render(Object(Illuminate\Http\Request), Object(Symfony\Component\HttpKernel\Exception\NotFoundHttpException))
#26 C:\xampp\htdocs\m\vendor\laravel\framework\src\Illuminate\Routing\Pipeline.php(63): Illuminate\Routing\Pipeline->handleException(Object(Illuminate\Http\Request), Object(Symfony\Component\HttpKernel\Exception\NotFoundHttpException))
#27 C:\xampp\htdocs\m\vendor\laravel\framework\src\Illuminate\Foundation\Http\Middleware\TransformsRequest.php(59): Illuminate\Routing\Pipeline->Illuminate\Routing\{closure}(Object(Illuminate\Http\Request))
#28 C:\xampp\htdocs\m\vendor\laravel\framework\src\Illuminate\Pipeline\Pipeline.php(295): Illuminate\Foundation\Http\Middleware\TransformsRequest->handle(Object(Illuminate\Http\Request), Object(Closure))
#29 C:\xampp\htdocs\m\vendor\laravel\framework\src\Illuminate\Routing\Pipeline.php(105): Illuminate\Pipeline\Pipeline->Illuminate\Pipeline\{closure}(Object(Illuminate\Http\Request))
#30 C:\xampp\htdocs\m\vendor\laravel\framework\src\Illuminate\Foundation\Http\Middleware\TransformsRequest.php(59): Illuminate\Routing\Pipeline->Illuminate\Routing\{closure}(Object(Illuminate\Http\Request))
#31 C:\xampp\htdocs\m\vendor\laravel\framework\src\Illuminate\Pipeline\Pipeline.php(295): Illuminate\Foundation\Http\Middleware\TransformsRequest->handle(Object(Illuminate\Http\Request), Object(Closure))
#32 C:\xampp\htdocs\m\vendor\laravel\framework\src\Illuminate\Routing\Pipeline.php(105): Illuminate\Pipeline\Pipeline->Illuminate\Pipeline\{closure}(Object(Illuminate\Http\Request))
#33 C:\xampp\htdocs\m\vendor\laravel\framework\src\Illuminate\Foundation\Http\Middleware\ValidatePostSize.php(53): Illuminate\Routing\Pipeline->Illuminate\Routing\{closure}(Object(Illuminate\Http\Request))
#34 C:\xampp\htdocs\m\vendor\laravel\framework\src\Illuminate\Pipeline\Pipeline.php(295): Illuminate\Foundation\Http\Middleware\ValidatePostSize->handle(Object(Illuminate\Http\Request), Object(Closure))
#35 C:\xampp\htdocs\m\vendor\laravel\framework\src\Illuminate\Routing\Pipeline.php(105): Illuminate\Pipeline\Pipeline->Illuminate\Pipeline\{closure}(Object(Illuminate\Http\Request))
#36 C:\xampp\htdocs\m\vendor\laravel\framework\src\Illuminate\Foundation\Http\Middleware\CheckForMaintenanceMode.php(91): Illuminate\Routing\Pipeline->Illuminate\Routing\{closure}(Object(Illuminate\Http\Request))
#37 C:\xampp\htdocs\m\vendor\laravel\framework\src\Illuminate\Pipeline\Pipeline.php(295): Illuminate\Foundation\Http\Middleware\CheckForMaintenanceMode->handle(Object(Illuminate\Http\Request), Object(Closure))
#38 C:\xampp\htdocs\m\vendor\laravel\framework\src\Illuminate\Routing\Pipeline.php(105): Illuminate\Pipeline\Pipeline->Illuminate\Pipeline\{closure}(Object(Illuminate\Http\Request))
#39 C:\xampp\htdocs\m\vendor\laravel\framework\src\Illuminate\Pipeline\Pipeline.php(203): Illuminate\Routing\Pipeline->Illuminate\Routing\{closure}(Object(Illuminate\Http\Request))
#40 C:\xampp\htdocs\m\vendor\laravel\framework\src\Illuminate\Foundation\Http\Kernel.php(301): Illuminate\Pipeline\Pipeline->then(Object(Closure))
#41 C:\xampp\htdocs\m\vendor\laravel\framework\src\Illuminate\Foundation\Http\Kernel.php(231): Illuminate\Foundation\Http\Kernel->sendRequestThroughRouter(Object(Illuminate\Http\Request))
#42 C:\xampp\htdocs\m\index.php(53): Illuminate\Foundation\Http\Kernel->handle(Object(Illuminate\Http\Request))
#43 {main}

Next ErrorException: SQLSTATE[42S02]: Base table or view not found: 1146 Table 'm.products' doesn't exist (SQL: select * from `products` where (`status` = 1 and `hot` = 1 and `cate_id` = 0) order by `stt` desc limit 8) (View: C:\xampp\htdocs\m\resources\views\templates\headers\nav-megamenu.blade.php) (View: C:\xampp\htdocs\m\resources\views\templates\headers\nav-megamenu.blade.php) (View: C:\xampp\htdocs\m\resources\views\templates\headers\nav-megamenu.blade.php) (View: C:\xampp\htdocs\m\resources\views\templates\headers\nav-megamenu.blade.php) in C:\xampp\htdocs\m\vendor\laravel\framework\src\Illuminate\Database\Connection.php:1293
Stack trace:
#0 C:\xampp\htdocs\m\vendor\laravel\framework\src\Illuminate\View\Engines\PhpEngine.php(87): Illuminate\View\Engines\CompilerEngine->handleViewException(Object(ErrorException), 2)
#1 C:\xampp\htdocs\m\vendor\laravel\framework\src\Illuminate\View\Engines\CompilerEngine.php(117): Illuminate\View\Engines\PhpEngine->evaluatePath('C:\\xampp\\htdocs...', Array)
#2 C:\xampp\htdocs\m\vendor\laravel\framework\src\Illuminate\View\View.php(273): Illuminate\View\Engines\CompilerEngine->get('C:\\xampp\\htdocs...', Array)
#3 C:\xampp\htdocs\m\vendor\laravel\framework\src\Illuminate\View\View.php(239): Illuminate\View\View->getContents()
#4 C:\xampp\htdocs\m\vendor\laravel\framework\src\Illuminate\View\View.php(169): Illuminate\View\View->renderContents()
#5 C:\xampp\htdocs\m\storage\framework\views\9cd37a5ddff457d3f2fadb4cee1c2152b39bbd43.php(66): Illuminate\View\View->render()
#6 C:\xampp\htdocs\m\vendor\laravel\framework\src\Illuminate\View\Engines\PhpEngine.php(83): include('C:\\xampp\\htdocs...')
#7 C:\xampp\htdocs\m\vendor\laravel\framework\src\Illuminate\View\Engines\CompilerEngine.php(117): Illuminate\View\Engines\PhpEngine->evaluatePath('C:\\xampp\\htdocs...', Array)
#8 C:\xampp\htdocs\m\vendor\laravel\framework\src\Illuminate\View\View.php(273): Illuminate\View\Engines\CompilerEngine->get('C:\\xampp\\htdocs...', Array)
#9 C:\xampp\htdocs\m\vendor\laravel\framework\src\Illuminate\View\View.php(239): Illuminate\View\View->getContents()
#10 C:\xampp\htdocs\m\vendor\laravel\framework\src\Illuminate\View\View.php(169): Illuminate\View\View->renderContents()
#11 C:\xampp\htdocs\m\vendor\laravel\framework\src\Illuminate\Http\Response.php(75): Illuminate\View\View->render()
#12 C:\xampp\htdocs\m\vendor\symfony\http-foundation\Response.php(401): Illuminate\Http\Response->setContent(Object(Illuminate\View\View))
#13 C:\xampp\htdocs\m\vendor\laravel\framework\src\Illuminate\Routing\ResponseFactory.php(109): Symfony\Component\HttpFoundation\Response->__construct(Object(Illuminate\View\View), 404, Array)
#14 C:\xampp\htdocs\m\vendor\laravel\framework\src\Illuminate\Routing\ResponseFactory.php(137): Illuminate\Routing\ResponseFactory->make(Object(Illuminate\View\View), 404, Array)
#15 C:\xampp\htdocs\m\vendor\laravel\framework\src\Illuminate\Foundation\Exceptions\Handler.php(389): Illuminate\Routing\ResponseFactory->view('errors::404', Array, 404, Array)
#16 C:\xampp\htdocs\m\vendor\laravel\framework\src\Illuminate\Foundation\Exceptions\Handler.php(345): Illuminate\Foundation\Exceptions\Handler->renderHttpException(Object(Symfony\Component\HttpKernel\Exception\NotFoundHttpException))
#17 C:\xampp\htdocs\m\vendor\laravel\framework\src\Illuminate\Foundation\Exceptions\Handler.php(237): Illuminate\Foundation\Exceptions\Handler->prepareResponse(Object(Illuminate\Http\Request), Object(Symfony\Component\HttpKernel\Exception\NotFoundHttpException))
#18 C:\xampp\htdocs\m\app\Exceptions\Handler.php(139): Illuminate\Foundation\Exceptions\Handler->render(Object(Illuminate\Http\Request), Object(Symfony\Component\HttpKernel\Exception\NotFoundHttpException))
#19 C:\xampp\htdocs\m\vendor\laravel\framework\src\Illuminate\Routing\Pipeline.php(163): App\Exceptions\Handler->render(Object(Illuminate\Http\Request), Object(Symfony\Component\HttpKernel\Exception\NotFoundHttpException))
#20 C:\xampp\htdocs\m\vendor\laravel\framework\src\Illuminate\Routing\Pipeline.php(63): Illuminate\Routing\Pipeline->handleException(Object(Illuminate\Http\Request), Object(Symfony\Component\HttpKernel\Exception\NotFoundHttpException))
#21 C:\xampp\htdocs\m\vendor\laravel\framework\src\Illuminate\Foundation\Http\Middleware\TransformsRequest.php(59): Illuminate\Routing\Pipeline->Illuminate\Routing\{closure}(Object(Illuminate\Http\Request))
#22 C:\xampp\htdocs\m\vendor\laravel\framework\src\Illuminate\Pipeline\Pipeline.php(295): Illuminate\Foundation\Http\Middleware\TransformsRequest->handle(Object(Illuminate\Http\Request), Object(Closure))
#23 C:\xampp\htdocs\m\vendor\laravel\framework\src\Illuminate\Routing\Pipeline.php(105): Illuminate\Pipeline\Pipeline->Illuminate\Pipeline\{closure}(Object(Illuminate\Http\Request))
#24 C:\xampp\htdocs\m\vendor\laravel\framework\src\Illuminate\Foundation\Http\Middleware\TransformsRequest.php(59): Illuminate\Routing\Pipeline->Illuminate\Routing\{closure}(Object(Illuminate\Http\Request))
#25 C:\xampp\htdocs\m\vendor\laravel\framework\src\Illuminate\Pipeline\Pipeline.php(295): Illuminate\Foundation\Http\Middleware\TransformsRequest->handle(Object(Illuminate\Http\Request), Object(Closure))
#26 C:\xampp\htdocs\m\vendor\laravel\framework\src\Illuminate\Routing\Pipeline.php(105): Illuminate\Pipeline\Pipeline->Illuminate\Pipeline\{closure}(Object(Illuminate\Http\Request))
#27 C:\xampp\htdocs\m\vendor\laravel\framework\src\Illuminate\Foundation\Http\Middleware\ValidatePostSize.php(53): Illuminate\Routing\Pipeline->Illuminate\Routing\{closure}(Object(Illuminate\Http\Request))
#28 C:\xampp\htdocs\m\vendor\laravel\framework\src\Illuminate\Pipeline\Pipeline.php(295): Illuminate\Foundation\Http\Middleware\ValidatePostSize->handle(Object(Illuminate\Http\Request), Object(Closure))
#29 C:\xampp\htdocs\m\vendor\laravel\framework\src\Illuminate\Routing\Pipeline.php(105): Illuminate\Pipeline\Pipeline->Illuminate\Pipeline\{closure}(Object(Illuminate\Http\Request))
#30 C:\xampp\htdocs\m\vendor\laravel\framework\src\Illuminate\Foundation\Http\Middleware\CheckForMaintenanceMode.php(91): Illuminate\Routing\Pipeline->Illuminate\Routing\{closure}(Object(Illuminate\Http\Request))
#31 C:\xampp\htdocs\m\vendor\laravel\framework\src\Illuminate\Pipeline\Pipeline.php(295): Illuminate\Foundation\Http\Middleware\CheckForMaintenanceMode->handle(Object(Illuminate\Http\Request), Object(Closure))
#32 C:\xampp\htdocs\m\vendor\laravel\framework\src\Illuminate\Routing\Pipeline.php(105): Illuminate\Pipeline\Pipeline->Illuminate\Pipeline\{closure}(Object(Illuminate\Http\Request))
#33 C:\xampp\htdocs\m\vendor\laravel\framework\src\Illuminate\Pipeline\Pipeline.php(203): Illuminate\Routing\Pipeline->Illuminate\Routing\{closure}(Object(Illuminate\Http\Request))
#34 C:\xampp\htdocs\m\vendor\laravel\framework\src\Illuminate\Foundation\Http\Kernel.php(301): Illuminate\Pipeline\Pipeline->then(Object(Closure))
#35 C:\xampp\htdocs\m\vendor\laravel\framework\src\Illuminate\Foundation\Http\Kernel.php(231): Illuminate\Foundation\Http\Kernel->sendRequestThroughRouter(Object(Illuminate\Http\Request))
#36 C:\xampp\htdocs\m\index.php(53): Illuminate\Foundation\Http\Kernel->handle(Object(Illuminate\Http\Request))
#37 {main}

Next ErrorException: SQLSTATE[42S02]: Base table or view not found: 1146 Table 'm.products' doesn't exist (SQL: select * from `products` where (`status` = 1 and `hot` = 1 and `cate_id` = 0) order by `stt` desc limit 8) (View: C:\xampp\htdocs\m\resources\views\templates\headers\nav-megamenu.blade.php) (View: C:\xampp\htdocs\m\resources\views\templates\headers\nav-megamenu.blade.php) (View: C:\xampp\htdocs\m\resources\views\templates\headers\nav-megamenu.blade.php) (View: C:\xampp\htdocs\m\resources\views\templates\headers\nav-megamenu.blade.php) (View: C:\xampp\htdocs\m\resources\views\templates\headers\nav-megamenu.blade.php) in C:\xampp\htdocs\m\vendor\laravel\framework\src\Illuminate\Database\Connection.php:1293
Stack trace:
#0 C:\xampp\htdocs\m\vendor\laravel\framework\src\Illuminate\View\Engines\PhpEngine.php(87): Illuminate\View\Engines\CompilerEngine->handleViewException(Object(ErrorException), 1)
#1 C:\xampp\htdocs\m\vendor\laravel\framework\src\Illuminate\View\Engines\CompilerEngine.php(117): Illuminate\View\Engines\PhpEngine->evaluatePath('C:\\xampp\\htdocs...', Array)
#2 C:\xampp\htdocs\m\vendor\laravel\framework\src\Illuminate\View\View.php(273): Illuminate\View\Engines\CompilerEngine->get('C:\\xampp\\htdocs...', Array)
#3 C:\xampp\htdocs\m\vendor\laravel\framework\src\Illuminate\View\View.php(239): Illuminate\View\View->getContents()
#4 C:\xampp\htdocs\m\vendor\laravel\framework\src\Illuminate\View\View.php(169): Illuminate\View\View->renderContents()
#5 C:\xampp\htdocs\m\vendor\laravel\framework\src\Illuminate\Http\Response.php(75): Illuminate\View\View->render()
#6 C:\xampp\htdocs\m\vendor\symfony\http-foundation\Response.php(401): Illuminate\Http\Response->setContent(Object(Illuminate\View\View))
#7 C:\xampp\htdocs\m\vendor\laravel\framework\src\Illuminate\Routing\ResponseFactory.php(109): Symfony\Component\HttpFoundation\Response->__construct(Object(Illuminate\View\View), 404, Array)
#8 C:\xampp\htdocs\m\vendor\laravel\framework\src\Illuminate\Routing\ResponseFactory.php(137): Illuminate\Routing\ResponseFactory->make(Object(Illuminate\View\View), 404, Array)
#9 C:\xampp\htdocs\m\vendor\laravel\framework\src\Illuminate\Foundation\Exceptions\Handler.php(389): Illuminate\Routing\ResponseFactory->view('errors::404', Array, 404, Array)
#10 C:\xampp\htdocs\m\vendor\laravel\framework\src\Illuminate\Foundation\Exceptions\Handler.php(345): Illuminate\Foundation\Exceptions\Handler->renderHttpException(Object(Symfony\Component\HttpKernel\Exception\NotFoundHttpException))
#11 C:\xampp\htdocs\m\vendor\laravel\framework\src\Illuminate\Foundation\Exceptions\Handler.php(237): Illuminate\Foundation\Exceptions\Handler->prepareResponse(Object(Illuminate\Http\Request), Object(Symfony\Component\HttpKernel\Exception\NotFoundHttpException))
#12 C:\xampp\htdocs\m\app\Exceptions\Handler.php(139): Illuminate\Foundation\Exceptions\Handler->render(Object(Illuminate\Http\Request), Object(Symfony\Component\HttpKernel\Exception\NotFoundHttpException))
#13 C:\xampp\htdocs\m\vendor\laravel\framework\src\Illuminate\Routing\Pipeline.php(163): App\Exceptions\Handler->render(Object(Illuminate\Http\Request), Object(Symfony\Component\HttpKernel\Exception\NotFoundHttpException))
#14 C:\xampp\htdocs\m\vendor\laravel\framework\src\Illuminate\Routing\Pipeline.php(63): Illuminate\Routing\Pipeline->handleException(Object(Illuminate\Http\Request), Object(Symfony\Component\HttpKernel\Exception\NotFoundHttpException))
#15 C:\xampp\htdocs\m\vendor\laravel\framework\src\Illuminate\Foundation\Http\Middleware\TransformsRequest.php(59): Illuminate\Routing\Pipeline->Illuminate\Routing\{closure}(Object(Illuminate\Http\Request))
#16 C:\xampp\htdocs\m\vendor\laravel\framework\src\Illuminate\Pipeline\Pipeline.php(295): Illuminate\Foundation\Http\Middleware\TransformsRequest->handle(Object(Illuminate\Http\Request), Object(Closure))
#17 C:\xampp\htdocs\m\vendor\laravel\framework\src\Illuminate\Routing\Pipeline.php(105): Illuminate\Pipeline\Pipeline->Illuminate\Pipeline\{closure}(Object(Illuminate\Http\Request))
#18 C:\xampp\htdocs\m\vendor\laravel\framework\src\Illuminate\Foundation\Http\Middleware\TransformsRequest.php(59): Illuminate\Routing\Pipeline->Illuminate\Routing\{closure}(Object(Illuminate\Http\Request))
#19 C:\xampp\htdocs\m\vendor\laravel\framework\src\Illuminate\Pipeline\Pipeline.php(295): Illuminate\Foundation\Http\Middleware\TransformsRequest->handle(Object(Illuminate\Http\Request), Object(Closure))
#20 C:\xampp\htdocs\m\vendor\laravel\framework\src\Illuminate\Routing\Pipeline.php(105): Illuminate\Pipeline\Pipeline->Illuminate\Pipeline\{closure}(Object(Illuminate\Http\Request))
#21 C:\xampp\htdocs\m\vendor\laravel\framework\src\Illuminate\Foundation\Http\Middleware\ValidatePostSize.php(53): Illuminate\Routing\Pipeline->Illuminate\Routing\{closure}(Object(Illuminate\Http\Request))
#22 C:\xampp\htdocs\m\vendor\laravel\framework\src\Illuminate\Pipeline\Pipeline.php(295): Illuminate\Foundation\Http\Middleware\ValidatePostSize->handle(Object(Illuminate\Http\Request), Object(Closure))
#23 C:\xampp\htdocs\m\vendor\laravel\framework\src\Illuminate\Routing\Pipeline.php(105): Illuminate\Pipeline\Pipeline->Illuminate\Pipeline\{closure}(Object(Illuminate\Http\Request))
#24 C:\xampp\htdocs\m\vendor\laravel\framework\src\Illuminate\Foundation\Http\Middleware\CheckForMaintenanceMode.php(91): Illuminate\Routing\Pipeline->Illuminate\Routing\{closure}(Object(Illuminate\Http\Request))
#25 C:\xampp\htdocs\m\vendor\laravel\framework\src\Illuminate\Pipeline\Pipeline.php(295): Illuminate\Foundation\Http\Middleware\CheckForMaintenanceMode->handle(Object(Illuminate\Http\Request), Object(Closure))
#26 C:\xampp\htdocs\m\vendor\laravel\framework\src\Illuminate\Routing\Pipeline.php(105): Illuminate\Pipeline\Pipeline->Illuminate\Pipeline\{closure}(Object(Illuminate\Http\Request))
#27 C:\xampp\htdocs\m\vendor\laravel\framework\src\Illuminate\Pipeline\Pipeline.php(203): Illuminate\Routing\Pipeline->Illuminate\Routing\{closure}(Object(Illuminate\Http\Request))
#28 C:\xampp\htdocs\m\vendor\laravel\framework\src\Illuminate\Foundation\Http\Kernel.php(301): Illuminate\Pipeline\Pipeline->then(Object(Closure))
#29 C:\xampp\htdocs\m\vendor\laravel\framework\src\Illuminate\Foundation\Http\Kernel.php(231): Illuminate\Foundation\Http\Kernel->sendRequestThroughRouter(Object(Illuminate\Http\Request))
#30 C:\xampp\htdocs\m\index.php(53): Illuminate\Foundation\Http\Kernel->handle(Object(Illuminate\Http\Request))
#31 {main}  
[2021-02-04 14:52:20] local.ERROR: InvalidArgumentException: View [index] not found. in C:\xampp\htdocs\m\vendor\laravel\framework\src\Illuminate\View\FileViewFinder.php:273
Stack trace:
#0 C:\xampp\htdocs\m\vendor\laravel\framework\src\Illuminate\View\FileViewFinder.php(157): Illuminate\View\FileViewFinder->findInPaths('index', Array)
#1 C:\xampp\htdocs\m\vendor\laravel\framework\src\Illuminate\View\Factory.php(255): Illuminate\View\FileViewFinder->find('index')
#2 C:\xampp\htdocs\m\storage\framework\views\9cd37a5ddff457d3f2fadb4cee1c2152b39bbd43.php(66): Illuminate\View\Factory->make('index', Array)
#3 C:\xampp\htdocs\m\vendor\laravel\framework\src\Illuminate\View\Engines\PhpEngine.php(83): include('C:\\xampp\\htdocs...')
#4 C:\xampp\htdocs\m\vendor\laravel\framework\src\Illuminate\View\Engines\CompilerEngine.php(117): Illuminate\View\Engines\PhpEngine->evaluatePath('C:\\xampp\\htdocs...', Array)
#5 C:\xampp\htdocs\m\vendor\laravel\framework\src\Illuminate\View\View.php(273): Illuminate\View\Engines\CompilerEngine->get('C:\\xampp\\htdocs...', Array)
#6 C:\xampp\htdocs\m\vendor\laravel\framework\src\Illuminate\View\View.php(239): Illuminate\View\View->getContents()
#7 C:\xampp\htdocs\m\vendor\laravel\framework\src\Illuminate\View\View.php(169): Illuminate\View\View->renderContents()
#8 C:\xampp\htdocs\m\vendor\laravel\framework\src\Illuminate\Http\Response.php(75): Illuminate\View\View->render()
#9 C:\xampp\htdocs\m\vendor\symfony\http-foundation\Response.php(401): Illuminate\Http\Response->setContent(Object(Illuminate\View\View))
#10 C:\xampp\htdocs\m\vendor\laravel\framework\src\Illuminate\Routing\ResponseFactory.php(109): Symfony\Component\HttpFoundation\Response->__construct(Object(Illuminate\View\View), 404, Array)
#11 C:\xampp\htdocs\m\vendor\laravel\framework\src\Illuminate\Routing\ResponseFactory.php(137): Illuminate\Routing\ResponseFactory->make(Object(Illuminate\View\View), 404, Array)
#12 C:\xampp\htdocs\m\vendor\laravel\framework\src\Illuminate\Foundation\Exceptions\Handler.php(389): Illuminate\Routing\ResponseFactory->view('errors::404', Array, 404, Array)
#13 C:\xampp\htdocs\m\vendor\laravel\framework\src\Illuminate\Foundation\Exceptions\Handler.php(345): Illuminate\Foundation\Exceptions\Handler->renderHttpException(Object(Symfony\Component\HttpKernel\Exception\NotFoundHttpException))
#14 C:\xampp\htdocs\m\vendor\laravel\framework\src\Illuminate\Foundation\Exceptions\Handler.php(237): Illuminate\Foundation\Exceptions\Handler->prepareResponse(Object(Illuminate\Http\Request), Object(Symfony\Component\HttpKernel\Exception\NotFoundHttpException))
#15 C:\xampp\htdocs\m\app\Exceptions\Handler.php(139): Illuminate\Foundation\Exceptions\Handler->render(Object(Illuminate\Http\Request), Object(Symfony\Component\HttpKernel\Exception\NotFoundHttpException))
#16 C:\xampp\htdocs\m\vendor\laravel\framework\src\Illuminate\Routing\Pipeline.php(163): App\Exceptions\Handler->render(Object(Illuminate\Http\Request), Object(Symfony\Component\HttpKernel\Exception\NotFoundHttpException))
#17 C:\xampp\htdocs\m\vendor\laravel\framework\src\Illuminate\Routing\Pipeline.php(63): Illuminate\Routing\Pipeline->handleException(Object(Illuminate\Http\Request), Object(Symfony\Component\HttpKernel\Exception\NotFoundHttpException))
#18 C:\xampp\htdocs\m\vendor\laravel\framework\src\Illuminate\Foundation\Http\Middleware\TransformsRequest.php(59): Illuminate\Routing\Pipeline->Illuminate\Routing\{closure}(Object(Illuminate\Http\Request))
#19 C:\xampp\htdocs\m\vendor\laravel\framework\src\Illuminate\Pipeline\Pipeline.php(295): Illuminate\Foundation\Http\Middleware\TransformsRequest->handle(Object(Illuminate\Http\Request), Object(Closure))
#20 C:\xampp\htdocs\m\vendor\laravel\framework\src\Illuminate\Routing\Pipeline.php(105): Illuminate\Pipeline\Pipeline->Illuminate\Pipeline\{closure}(Object(Illuminate\Http\Request))
#21 C:\xampp\htdocs\m\vendor\laravel\framework\src\Illuminate\Foundation\Http\Middleware\TransformsRequest.php(59): Illuminate\Routing\Pipeline->Illuminate\Routing\{closure}(Object(Illuminate\Http\Request))
#22 C:\xampp\htdocs\m\vendor\laravel\framework\src\Illuminate\Pipeline\Pipeline.php(295): Illuminate\Foundation\Http\Middleware\TransformsRequest->handle(Object(Illuminate\Http\Request), Object(Closure))
#23 C:\xampp\htdocs\m\vendor\laravel\framework\src\Illuminate\Routing\Pipeline.php(105): Illuminate\Pipeline\Pipeline->Illuminate\Pipeline\{closure}(Object(Illuminate\Http\Request))
#24 C:\xampp\htdocs\m\vendor\laravel\framework\src\Illuminate\Foundation\Http\Middleware\ValidatePostSize.php(53): Illuminate\Routing\Pipeline->Illuminate\Routing\{closure}(Object(Illuminate\Http\Request))
#25 C:\xampp\htdocs\m\vendor\laravel\framework\src\Illuminate\Pipeline\Pipeline.php(295): Illuminate\Foundation\Http\Middleware\ValidatePostSize->handle(Object(Illuminate\Http\Request), Object(Closure))
#26 C:\xampp\htdocs\m\vendor\laravel\framework\src\Illuminate\Routing\Pipeline.php(105): Illuminate\Pipeline\Pipeline->Illuminate\Pipeline\{closure}(Object(Illuminate\Http\Request))
#27 C:\xampp\htdocs\m\vendor\laravel\framework\src\Illuminate\Foundation\Http\Middleware\CheckForMaintenanceMode.php(91): Illuminate\Routing\Pipeline->Illuminate\Routing\{closure}(Object(Illuminate\Http\Request))
#28 C:\xampp\htdocs\m\vendor\laravel\framework\src\Illuminate\Pipeline\Pipeline.php(295): Illuminate\Foundation\Http\Middleware\CheckForMaintenanceMode->handle(Object(Illuminate\Http\Request), Object(Closure))
#29 C:\xampp\htdocs\m\vendor\laravel\framework\src\Illuminate\Routing\Pipeline.php(105): Illuminate\Pipeline\Pipeline->Illuminate\Pipeline\{closure}(Object(Illuminate\Http\Request))
#30 C:\xampp\htdocs\m\vendor\laravel\framework\src\Illuminate\Pipeline\Pipeline.php(203): Illuminate\Routing\Pipeline->Illuminate\Routing\{closure}(Object(Illuminate\Http\Request))
#31 C:\xampp\htdocs\m\vendor\laravel\framework\src\Illuminate\Foundation\Http\Kernel.php(301): Illuminate\Pipeline\Pipeline->then(Object(Closure))
#32 C:\xampp\htdocs\m\vendor\laravel\framework\src\Illuminate\Foundation\Http\Kernel.php(231): Illuminate\Foundation\Http\Kernel->sendRequestThroughRouter(Object(Illuminate\Http\Request))
#33 C:\xampp\htdocs\m\index.php(53): Illuminate\Foundation\Http\Kernel->handle(Object(Illuminate\Http\Request))
#34 {main}

Next ErrorException: View [index] not found. (View: C:\xampp\htdocs\m\resources\views\errors\404.blade.php) in C:\xampp\htdocs\m\vendor\laravel\framework\src\Illuminate\View\FileViewFinder.php:273
Stack trace:
#0 C:\xampp\htdocs\m\vendor\laravel\framework\src\Illuminate\View\Engines\PhpEngine.php(87): Illuminate\View\Engines\CompilerEngine->handleViewException(Object(InvalidArgumentException), 1)
#1 C:\xampp\htdocs\m\vendor\laravel\framework\src\Illuminate\View\Engines\CompilerEngine.php(117): Illuminate\View\Engines\PhpEngine->evaluatePath('C:\\xampp\\htdocs...', Array)
#2 C:\xampp\htdocs\m\vendor\laravel\framework\src\Illuminate\View\View.php(273): Illuminate\View\Engines\CompilerEngine->get('C:\\xampp\\htdocs...', Array)
#3 C:\xampp\htdocs\m\vendor\laravel\framework\src\Illuminate\View\View.php(239): Illuminate\View\View->getContents()
#4 C:\xampp\htdocs\m\vendor\laravel\framework\src\Illuminate\View\View.php(169): Illuminate\View\View->renderContents()
#5 C:\xampp\htdocs\m\vendor\laravel\framework\src\Illuminate\Http\Response.php(75): Illuminate\View\View->render()
#6 C:\xampp\htdocs\m\vendor\symfony\http-foundation\Response.php(401): Illuminate\Http\Response->setContent(Object(Illuminate\View\View))
#7 C:\xampp\htdocs\m\vendor\laravel\framework\src\Illuminate\Routing\ResponseFactory.php(109): Symfony\Component\HttpFoundation\Response->__construct(Object(Illuminate\View\View), 404, Array)
#8 C:\xampp\htdocs\m\vendor\laravel\framework\src\Illuminate\Routing\ResponseFactory.php(137): Illuminate\Routing\ResponseFactory->make(Object(Illuminate\View\View), 404, Array)
#9 C:\xampp\htdocs\m\vendor\laravel\framework\src\Illuminate\Foundation\Exceptions\Handler.php(389): Illuminate\Routing\ResponseFactory->view('errors::404', Array, 404, Array)
#10 C:\xampp\htdocs\m\vendor\laravel\framework\src\Illuminate\Foundation\Exceptions\Handler.php(345): Illuminate\Foundation\Exceptions\Handler->renderHttpException(Object(Symfony\Component\HttpKernel\Exception\NotFoundHttpException))
#11 C:\xampp\htdocs\m\vendor\laravel\framework\src\Illuminate\Foundation\Exceptions\Handler.php(237): Illuminate\Foundation\Exceptions\Handler->prepareResponse(Object(Illuminate\Http\Request), Object(Symfony\Component\HttpKernel\Exception\NotFoundHttpException))
#12 C:\xampp\htdocs\m\app\Exceptions\Handler.php(139): Illuminate\Foundation\Exceptions\Handler->render(Object(Illuminate\Http\Request), Object(Symfony\Component\HttpKernel\Exception\NotFoundHttpException))
#13 C:\xampp\htdocs\m\vendor\laravel\framework\src\Illuminate\Routing\Pipeline.php(163): App\Exceptions\Handler->render(Object(Illuminate\Http\Request), Object(Symfony\Component\HttpKernel\Exception\NotFoundHttpException))
#14 C:\xampp\htdocs\m\vendor\laravel\framework\src\Illuminate\Routing\Pipeline.php(63): Illuminate\Routing\Pipeline->handleException(Object(Illuminate\Http\Request), Object(Symfony\Component\HttpKernel\Exception\NotFoundHttpException))
#15 C:\xampp\htdocs\m\vendor\laravel\framework\src\Illuminate\Foundation\Http\Middleware\TransformsRequest.php(59): Illuminate\Routing\Pipeline->Illuminate\Routing\{closure}(Object(Illuminate\Http\Request))
#16 C:\xampp\htdocs\m\vendor\laravel\framework\src\Illuminate\Pipeline\Pipeline.php(295): Illuminate\Foundation\Http\Middleware\TransformsRequest->handle(Object(Illuminate\Http\Request), Object(Closure))
#17 C:\xampp\htdocs\m\vendor\laravel\framework\src\Illuminate\Routing\Pipeline.php(105): Illuminate\Pipeline\Pipeline->Illuminate\Pipeline\{closure}(Object(Illuminate\Http\Request))
#18 C:\xampp\htdocs\m\vendor\laravel\framework\src\Illuminate\Foundation\Http\Middleware\TransformsRequest.php(59): Illuminate\Routing\Pipeline->Illuminate\Routing\{closure}(Object(Illuminate\Http\Request))
#19 C:\xampp\htdocs\m\vendor\laravel\framework\src\Illuminate\Pipeline\Pipeline.php(295): Illuminate\Foundation\Http\Middleware\TransformsRequest->handle(Object(Illuminate\Http\Request), Object(Closure))
#20 C:\xampp\htdocs\m\vendor\laravel\framework\src\Illuminate\Routing\Pipeline.php(105): Illuminate\Pipeline\Pipeline->Illuminate\Pipeline\{closure}(Object(Illuminate\Http\Request))
#21 C:\xampp\htdocs\m\vendor\laravel\framework\src\Illuminate\Foundation\Http\Middleware\ValidatePostSize.php(53): Illuminate\Routing\Pipeline->Illuminate\Routing\{closure}(Object(Illuminate\Http\Request))
#22 C:\xampp\htdocs\m\vendor\laravel\framework\src\Illuminate\Pipeline\Pipeline.php(295): Illuminate\Foundation\Http\Middleware\ValidatePostSize->handle(Object(Illuminate\Http\Request), Object(Closure))
#23 C:\xampp\htdocs\m\vendor\laravel\framework\src\Illuminate\Routing\Pipeline.php(105): Illuminate\Pipeline\Pipeline->Illuminate\Pipeline\{closure}(Object(Illuminate\Http\Request))
#24 C:\xampp\htdocs\m\vendor\laravel\framework\src\Illuminate\Foundation\Http\Middleware\CheckForMaintenanceMode.php(91): Illuminate\Routing\Pipeline->Illuminate\Routing\{closure}(Object(Illuminate\Http\Request))
#25 C:\xampp\htdocs\m\vendor\laravel\framework\src\Illuminate\Pipeline\Pipeline.php(295): Illuminate\Foundation\Http\Middleware\CheckForMaintenanceMode->handle(Object(Illuminate\Http\Request), Object(Closure))
#26 C:\xampp\htdocs\m\vendor\laravel\framework\src\Illuminate\Routing\Pipeline.php(105): Illuminate\Pipeline\Pipeline->Illuminate\Pipeline\{closure}(Object(Illuminate\Http\Request))
#27 C:\xampp\htdocs\m\vendor\laravel\framework\src\Illuminate\Pipeline\Pipeline.php(203): Illuminate\Routing\Pipeline->Illuminate\Routing\{closure}(Object(Illuminate\Http\Request))
#28 C:\xampp\htdocs\m\vendor\laravel\framework\src\Illuminate\Foundation\Http\Kernel.php(301): Illuminate\Pipeline\Pipeline->then(Object(Closure))
#29 C:\xampp\htdocs\m\vendor\laravel\framework\src\Illuminate\Foundation\Http\Kernel.php(231): Illuminate\Foundation\Http\Kernel->sendRequestThroughRouter(Object(Illuminate\Http\Request))
#30 C:\xampp\htdocs\m\index.php(53): Illuminate\Foundation\Http\Kernel->handle(Object(Illuminate\Http\Request))
#31 {main}  
