[2021-01-18 21:06:58] local.ERROR: PDOException: SQLSTATE[42S02]: Base table or view not found: 1146 Table 'nhakhoa.users' doesn't exist in C:\xampp\htdocs\public_html\vendor\laravel\framework\src\Illuminate\Database\Connection.php:637
Stack trace:
#0 C:\xampp\htdocs\public_html\vendor\laravel\framework\src\Illuminate\Database\Connection.php(637): PDO->prepare('select * from `...')
#1 C:\xampp\htdocs\public_html\vendor\laravel\framework\src\Illuminate\Database\Connection.php(1279): Illuminate\Database\Connection->Illuminate\Database\{closure}('select * from `...', Array)
#2 C:\xampp\htdocs\public_html\vendor\laravel\framework\src\Illuminate\Database\Connection.php(1213): Illuminate\Database\Connection->runQueryCallback('select * from `...', Array, Object(Closure))
#3 C:\xampp\htdocs\public_html\vendor\laravel\framework\src\Illuminate\Database\Connection.php(651): Illuminate\Database\Connection->run('select * from `...', Array, Object(Closure))
#4 C:\xampp\htdocs\public_html\vendor\laravel\framework\src\Illuminate\Database\Query\Builder.php(3409): Illuminate\Database\Connection->select('select * from `...', Array, true)
#5 C:\xampp\htdocs\public_html\vendor\laravel\framework\src\Illuminate\Database\Query\Builder.php(3379): Illuminate\Database\Query\Builder->runSelect()
#6 C:\xampp\htdocs\public_html\vendor\laravel\framework\src\Illuminate\Database\Eloquent\Builder.php(923): Illuminate\Database\Query\Builder->get(Array)
#7 C:\xampp\htdocs\public_html\vendor\laravel\framework\src\Illuminate\Database\Eloquent\Builder.php(891): Illuminate\Database\Eloquent\Builder->getModels(Array)
#8 C:\xampp\htdocs\public_html\vendor\laravel\framework\src\Illuminate\Database\Concerns\BuildsQueries.php(149): Illuminate\Database\Eloquent\Builder->get(Array)
#9 C:\xampp\htdocs\public_html\vendor\laravel\framework\src\Illuminate\Auth\EloquentUserProvider.php(101): Illuminate\Database\Eloquent\Builder->first()
#10 C:\xampp\htdocs\public_html\vendor\laravel\framework\src\Illuminate\Auth\SessionGuard.php(265): Illuminate\Auth\EloquentUserProvider->retrieveById(5)
#11 C:\xampp\htdocs\public_html\vendor\laravel\framework\src\Illuminate\Auth\GuardHelpers.php(97): Illuminate\Auth\SessionGuard->user()
#12 C:\xampp\htdocs\public_html\vendor\laravel\framework\src\Illuminate\Auth\GuardHelpers.php(117): Illuminate\Auth\SessionGuard->check()
#13 C:\xampp\htdocs\public_html\app\Http\Middleware\Authenticate.php(71): Illuminate\Auth\SessionGuard->guest()
#14 C:\xampp\htdocs\public_html\vendor\laravel\framework\src\Illuminate\Pipeline\Pipeline.php(295): App\Http\Middleware\Authenticate->handle(Object(Illuminate\Http\Request), Object(Closure))
#15 C:\xampp\htdocs\public_html\vendor\laravel\framework\src\Illuminate\Routing\Pipeline.php(105): Illuminate\Pipeline\Pipeline->Illuminate\Pipeline\{closure}(Object(Illuminate\Http\Request))
#16 C:\xampp\htdocs\public_html\vendor\laravel\framework\src\Illuminate\Routing\Middleware\SubstituteBindings.php(81): Illuminate\Routing\Pipeline->Illuminate\Routing\{closure}(Object(Illuminate\Http\Request))
#17 C:\xampp\htdocs\public_html\vendor\laravel\framework\src\Illuminate\Pipeline\Pipeline.php(295): Illuminate\Routing\Middleware\SubstituteBindings->handle(Object(Illuminate\Http\Request), Object(Closure))
#18 C:\xampp\htdocs\public_html\vendor\laravel\framework\src\Illuminate\Routing\Pipeline.php(105): Illuminate\Pipeline\Pipeline->Illuminate\Pipeline\{closure}(Object(Illuminate\Http\Request))
#19 C:\xampp\htdocs\public_html\vendor\laravel\framework\src\Illuminate\Foundation\Http\Middleware\VerifyCsrfToken.php(129): Illuminate\Routing\Pipeline->Illuminate\Routing\{closure}(Object(Illuminate\Http\Request))
#20 C:\xampp\htdocs\public_html\vendor\laravel\framework\src\Illuminate\Pipeline\Pipeline.php(295): Illuminate\Foundation\Http\Middleware\VerifyCsrfToken->handle(Object(Illuminate\Http\Request), Object(Closure))
#21 C:\xampp\htdocs\public_html\vendor\laravel\framework\src\Illuminate\Routing\Pipeline.php(105): Illuminate\Pipeline\Pipeline->Illuminate\Pipeline\{closure}(Object(Illuminate\Http\Request))
#22 C:\xampp\htdocs\public_html\vendor\laravel\framework\src\Illuminate\View\Middleware\ShareErrorsFromSession.php(97): Illuminate\Routing\Pipeline->Illuminate\Routing\{closure}(Object(Illuminate\Http\Request))
#23 C:\xampp\htdocs\public_html\vendor\laravel\framework\src\Illuminate\Pipeline\Pipeline.php(295): Illuminate\View\Middleware\ShareErrorsFromSession->handle(Object(Illuminate\Http\Request), Object(Closure))
#24 C:\xampp\htdocs\public_html\vendor\laravel\framework\src\Illuminate\Routing\Pipeline.php(105): Illuminate\Pipeline\Pipeline->Illuminate\Pipeline\{closure}(Object(Illuminate\Http\Request))
#25 C:\xampp\htdocs\public_html\vendor\laravel\framework\src\Illuminate\Session\Middleware\StartSession.php(127): Illuminate\Routing\Pipeline->Illuminate\Routing\{closure}(Object(Illuminate\Http\Request))
#26 C:\xampp\htdocs\public_html\vendor\laravel\framework\src\Illuminate\Pipeline\Pipeline.php(295): Illuminate\Session\Middleware\StartSession->handle(Object(Illuminate\Http\Request), Object(Closure))
#27 C:\xampp\htdocs\public_html\vendor\laravel\framework\src\Illuminate\Routing\Pipeline.php(105): Illuminate\Pipeline\Pipeline->Illuminate\Pipeline\{closure}(Object(Illuminate\Http\Request))
#28 C:\xampp\htdocs\public_html\vendor\laravel\framework\src\Illuminate\Cookie\Middleware\AddQueuedCookiesToResponse.php(73): Illuminate\Routing\Pipeline->Illuminate\Routing\{closure}(Object(Illuminate\Http\Request))
#29 C:\xampp\htdocs\public_html\vendor\laravel\framework\src\Illuminate\Pipeline\Pipeline.php(295): Illuminate\Cookie\Middleware\AddQueuedCookiesToResponse->handle(Object(Illuminate\Http\Request), Object(Closure))
#30 C:\xampp\htdocs\public_html\vendor\laravel\framework\src\Illuminate\Routing\Pipeline.php(105): Illuminate\Pipeline\Pipeline->Illuminate\Pipeline\{closure}(Object(Illuminate\Http\Request))
#31 C:\xampp\htdocs\public_html\vendor\laravel\framework\src\Illuminate\Cookie\Middleware\EncryptCookies.php(117): Illuminate\Routing\Pipeline->Illuminate\Routing\{closure}(Object(Illuminate\Http\Request))
#32 C:\xampp\htdocs\public_html\vendor\laravel\framework\src\Illuminate\Pipeline\Pipeline.php(295): Illuminate\Cookie\Middleware\EncryptCookies->handle(Object(Illuminate\Http\Request), Object(Closure))
#33 C:\xampp\htdocs\public_html\vendor\laravel\framework\src\Illuminate\Routing\Pipeline.php(105): Illuminate\Pipeline\Pipeline->Illuminate\Pipeline\{closure}(Object(Illuminate\Http\Request))
#34 C:\xampp\htdocs\public_html\vendor\laravel\framework\src\Illuminate\Pipeline\Pipeline.php(203): Illuminate\Routing\Pipeline->Illuminate\Routing\{closure}(Object(Illuminate\Http\Request))
#35 C:\xampp\htdocs\public_html\vendor\laravel\framework\src\Illuminate\Routing\Router.php(1147): Illuminate\Pipeline\Pipeline->then(Object(Closure))
#36 C:\xampp\htdocs\public_html\vendor\laravel\framework\src\Illuminate\Routing\Router.php(1065): Illuminate\Routing\Router->runRouteWithinStack(Object(Illuminate\Routing\Route), Object(Illuminate\Http\Request))
#37 C:\xampp\htdocs\public_html\vendor\laravel\framework\src\Illuminate\Routing\Router.php(1021): Illuminate\Routing\Router->dispatchToRoute(Object(Illuminate\Http\Request))
#38 C:\xampp\htdocs\public_html\vendor\laravel\framework\src\Illuminate\Foundation\Http\Kernel.php(351): Illuminate\Routing\Router->dispatch(Object(Illuminate\Http\Request))
#39 C:\xampp\htdocs\public_html\vendor\laravel\framework\src\Illuminate\Routing\Pipeline.php(59): Illuminate\Foundation\Http\Kernel->Illuminate\Foundation\Http\{closure}(Object(Illuminate\Http\Request))
#40 C:\xampp\htdocs\public_html\vendor\laravel\framework\src\Illuminate\Foundation\Http\Middleware\TransformsRequest.php(59): Illuminate\Routing\Pipeline->Illuminate\Routing\{closure}(Object(Illuminate\Http\Request))
#41 C:\xampp\htdocs\public_html\vendor\laravel\framework\src\Illuminate\Pipeline\Pipeline.php(295): Illuminate\Foundation\Http\Middleware\TransformsRequest->handle(Object(Illuminate\Http\Request), Object(Closure))
#42 C:\xampp\htdocs\public_html\vendor\laravel\framework\src\Illuminate\Routing\Pipeline.php(105): Illuminate\Pipeline\Pipeline->Illuminate\Pipeline\{closure}(Object(Illuminate\Http\Request))
#43 C:\xampp\htdocs\public_html\vendor\laravel\framework\src\Illuminate\Foundation\Http\Middleware\TransformsRequest.php(59): Illuminate\Routing\Pipeline->Illuminate\Routing\{closure}(Object(Illuminate\Http\Request))
#44 C:\xampp\htdocs\public_html\vendor\laravel\framework\src\Illuminate\Pipeline\Pipeline.php(295): Illuminate\Foundation\Http\Middleware\TransformsRequest->handle(Object(Illuminate\Http\Request), Object(Closure))
#45 C:\xampp\htdocs\public_html\vendor\laravel\framework\src\Illuminate\Routing\Pipeline.php(105): Illuminate\Pipeline\Pipeline->Illuminate\Pipeline\{closure}(Object(Illuminate\Http\Request))
#46 C:\xampp\htdocs\public_html\vendor\laravel\framework\src\Illuminate\Foundation\Http\Middleware\ValidatePostSize.php(53): Illuminate\Routing\Pipeline->Illuminate\Routing\{closure}(Object(Illuminate\Http\Request))
#47 C:\xampp\htdocs\public_html\vendor\laravel\framework\src\Illuminate\Pipeline\Pipeline.php(295): Illuminate\Foundation\Http\Middleware\ValidatePostSize->handle(Object(Illuminate\Http\Request), Object(Closure))
#48 C:\xampp\htdocs\public_html\vendor\laravel\framework\src\Illuminate\Routing\Pipeline.php(105): Illuminate\Pipeline\Pipeline->Illuminate\Pipeline\{closure}(Object(Illuminate\Http\Request))
#49 C:\xampp\htdocs\public_html\vendor\laravel\framework\src\Illuminate\Foundation\Http\Middleware\CheckForMaintenanceMode.php(91): Illuminate\Routing\Pipeline->Illuminate\Routing\{closure}(Object(Illuminate\Http\Request))
#50 C:\xampp\htdocs\public_html\vendor\laravel\framework\src\Illuminate\Pipeline\Pipeline.php(295): Illuminate\Foundation\Http\Middleware\CheckForMaintenanceMode->handle(Object(Illuminate\Http\Request), Object(Closure))
#51 C:\xampp\htdocs\public_html\vendor\laravel\framework\src\Illuminate\Routing\Pipeline.php(105): Illuminate\Pipeline\Pipeline->Illuminate\Pipeline\{closure}(Object(Illuminate\Http\Request))
#52 C:\xampp\htdocs\public_html\vendor\laravel\framework\src\Illuminate\Pipeline\Pipeline.php(203): Illuminate\Routing\Pipeline->Illuminate\Routing\{closure}(Object(Illuminate\Http\Request))
#53 C:\xampp\htdocs\public_html\vendor\laravel\framework\src\Illuminate\Foundation\Http\Kernel.php(301): Illuminate\Pipeline\Pipeline->then(Object(Closure))
#54 C:\xampp\htdocs\public_html\vendor\laravel\framework\src\Illuminate\Foundation\Http\Kernel.php(231): Illuminate\Foundation\Http\Kernel->sendRequestThroughRouter(Object(Illuminate\Http\Request))
#55 C:\xampp\htdocs\public_html\index.php(53): Illuminate\Foundation\Http\Kernel->handle(Object(Illuminate\Http\Request))
#56 {main}

Next Illuminate\Database\QueryException: SQLSTATE[42S02]: Base table or view not found: 1146 Table 'nhakhoa.users' doesn't exist (SQL: select * from `users` where `id` = 5 limit 1) in C:\xampp\htdocs\public_html\vendor\laravel\framework\src\Illuminate\Database\Connection.php:1293
Stack trace:
#0 C:\xampp\htdocs\public_html\vendor\laravel\framework\src\Illuminate\Database\Connection.php(1213): Illuminate\Database\Connection->runQueryCallback('select * from `...', Array, Object(Closure))
#1 C:\xampp\htdocs\public_html\vendor\laravel\framework\src\Illuminate\Database\Connection.php(651): Illuminate\Database\Connection->run('select * from `...', Array, Object(Closure))
#2 C:\xampp\htdocs\public_html\vendor\laravel\framework\src\Illuminate\Database\Query\Builder.php(3409): Illuminate\Database\Connection->select('select * from `...', Array, true)
#3 C:\xampp\htdocs\public_html\vendor\laravel\framework\src\Illuminate\Database\Query\Builder.php(3379): Illuminate\Database\Query\Builder->runSelect()
#4 C:\xampp\htdocs\public_html\vendor\laravel\framework\src\Illuminate\Database\Eloquent\Builder.php(923): Illuminate\Database\Query\Builder->get(Array)
#5 C:\xampp\htdocs\public_html\vendor\laravel\framework\src\Illuminate\Database\Eloquent\Builder.php(891): Illuminate\Database\Eloquent\Builder->getModels(Array)
#6 C:\xampp\htdocs\public_html\vendor\laravel\framework\src\Illuminate\Database\Concerns\BuildsQueries.php(149): Illuminate\Database\Eloquent\Builder->get(Array)
#7 C:\xampp\htdocs\public_html\vendor\laravel\framework\src\Illuminate\Auth\EloquentUserProvider.php(101): Illuminate\Database\Eloquent\Builder->first()
#8 C:\xampp\htdocs\public_html\vendor\laravel\framework\src\Illuminate\Auth\SessionGuard.php(265): Illuminate\Auth\EloquentUserProvider->retrieveById(5)
#9 C:\xampp\htdocs\public_html\vendor\laravel\framework\src\Illuminate\Auth\GuardHelpers.php(97): Illuminate\Auth\SessionGuard->user()
#10 C:\xampp\htdocs\public_html\vendor\laravel\framework\src\Illuminate\Auth\GuardHelpers.php(117): Illuminate\Auth\SessionGuard->check()
#11 C:\xampp\htdocs\public_html\app\Http\Middleware\Authenticate.php(71): Illuminate\Auth\SessionGuard->guest()
#12 C:\xampp\htdocs\public_html\vendor\laravel\framework\src\Illuminate\Pipeline\Pipeline.php(295): App\Http\Middleware\Authenticate->handle(Object(Illuminate\Http\Request), Object(Closure))
#13 C:\xampp\htdocs\public_html\vendor\laravel\framework\src\Illuminate\Routing\Pipeline.php(105): Illuminate\Pipeline\Pipeline->Illuminate\Pipeline\{closure}(Object(Illuminate\Http\Request))
#14 C:\xampp\htdocs\public_html\vendor\laravel\framework\src\Illuminate\Routing\Middleware\SubstituteBindings.php(81): Illuminate\Routing\Pipeline->Illuminate\Routing\{closure}(Object(Illuminate\Http\Request))
#15 C:\xampp\htdocs\public_html\vendor\laravel\framework\src\Illuminate\Pipeline\Pipeline.php(295): Illuminate\Routing\Middleware\SubstituteBindings->handle(Object(Illuminate\Http\Request), Object(Closure))
#16 C:\xampp\htdocs\public_html\vendor\laravel\framework\src\Illuminate\Routing\Pipeline.php(105): Illuminate\Pipeline\Pipeline->Illuminate\Pipeline\{closure}(Object(Illuminate\Http\Request))
#17 C:\xampp\htdocs\public_html\vendor\laravel\framework\src\Illuminate\Foundation\Http\Middleware\VerifyCsrfToken.php(129): Illuminate\Routing\Pipeline->Illuminate\Routing\{closure}(Object(Illuminate\Http\Request))
#18 C:\xampp\htdocs\public_html\vendor\laravel\framework\src\Illuminate\Pipeline\Pipeline.php(295): Illuminate\Foundation\Http\Middleware\VerifyCsrfToken->handle(Object(Illuminate\Http\Request), Object(Closure))
#19 C:\xampp\htdocs\public_html\vendor\laravel\framework\src\Illuminate\Routing\Pipeline.php(105): Illuminate\Pipeline\Pipeline->Illuminate\Pipeline\{closure}(Object(Illuminate\Http\Request))
#20 C:\xampp\htdocs\public_html\vendor\laravel\framework\src\Illuminate\View\Middleware\ShareErrorsFromSession.php(97): Illuminate\Routing\Pipeline->Illuminate\Routing\{closure}(Object(Illuminate\Http\Request))
#21 C:\xampp\htdocs\public_html\vendor\laravel\framework\src\Illuminate\Pipeline\Pipeline.php(295): Illuminate\View\Middleware\ShareErrorsFromSession->handle(Object(Illuminate\Http\Request), Object(Closure))
#22 C:\xampp\htdocs\public_html\vendor\laravel\framework\src\Illuminate\Routing\Pipeline.php(105): Illuminate\Pipeline\Pipeline->Illuminate\Pipeline\{closure}(Object(Illuminate\Http\Request))
#23 C:\xampp\htdocs\public_html\vendor\laravel\framework\src\Illuminate\Session\Middleware\StartSession.php(127): Illuminate\Routing\Pipeline->Illuminate\Routing\{closure}(Object(Illuminate\Http\Request))
#24 C:\xampp\htdocs\public_html\vendor\laravel\framework\src\Illuminate\Pipeline\Pipeline.php(295): Illuminate\Session\Middleware\StartSession->handle(Object(Illuminate\Http\Request), Object(Closure))
#25 C:\xampp\htdocs\public_html\vendor\laravel\framework\src\Illuminate\Routing\Pipeline.php(105): Illuminate\Pipeline\Pipeline->Illuminate\Pipeline\{closure}(Object(Illuminate\Http\Request))
#26 C:\xampp\htdocs\public_html\vendor\laravel\framework\src\Illuminate\Cookie\Middleware\AddQueuedCookiesToResponse.php(73): Illuminate\Routing\Pipeline->Illuminate\Routing\{closure}(Object(Illuminate\Http\Request))
#27 C:\xampp\htdocs\public_html\vendor\laravel\framework\src\Illuminate\Pipeline\Pipeline.php(295): Illuminate\Cookie\Middleware\AddQueuedCookiesToResponse->handle(Object(Illuminate\Http\Request), Object(Closure))
#28 C:\xampp\htdocs\public_html\vendor\laravel\framework\src\Illuminate\Routing\Pipeline.php(105): Illuminate\Pipeline\Pipeline->Illuminate\Pipeline\{closure}(Object(Illuminate\Http\Request))
#29 C:\xampp\htdocs\public_html\vendor\laravel\framework\src\Illuminate\Cookie\Middleware\EncryptCookies.php(117): Illuminate\Routing\Pipeline->Illuminate\Routing\{closure}(Object(Illuminate\Http\Request))
#30 C:\xampp\htdocs\public_html\vendor\laravel\framework\src\Illuminate\Pipeline\Pipeline.php(295): Illuminate\Cookie\Middleware\EncryptCookies->handle(Object(Illuminate\Http\Request), Object(Closure))
#31 C:\xampp\htdocs\public_html\vendor\laravel\framework\src\Illuminate\Routing\Pipeline.php(105): Illuminate\Pipeline\Pipeline->Illuminate\Pipeline\{closure}(Object(Illuminate\Http\Request))
#32 C:\xampp\htdocs\public_html\vendor\laravel\framework\src\Illuminate\Pipeline\Pipeline.php(203): Illuminate\Routing\Pipeline->Illuminate\Routing\{closure}(Object(Illuminate\Http\Request))
#33 C:\xampp\htdocs\public_html\vendor\laravel\framework\src\Illuminate\Routing\Router.php(1147): Illuminate\Pipeline\Pipeline->then(Object(Closure))
#34 C:\xampp\htdocs\public_html\vendor\laravel\framework\src\Illuminate\Routing\Router.php(1065): Illuminate\Routing\Router->runRouteWithinStack(Object(Illuminate\Routing\Route), Object(Illuminate\Http\Request))
#35 C:\xampp\htdocs\public_html\vendor\laravel\framework\src\Illuminate\Routing\Router.php(1021): Illuminate\Routing\Router->dispatchToRoute(Object(Illuminate\Http\Request))
#36 C:\xampp\htdocs\public_html\vendor\laravel\framework\src\Illuminate\Foundation\Http\Kernel.php(351): Illuminate\Routing\Router->dispatch(Object(Illuminate\Http\Request))
#37 C:\xampp\htdocs\public_html\vendor\laravel\framework\src\Illuminate\Routing\Pipeline.php(59): Illuminate\Foundation\Http\Kernel->Illuminate\Foundation\Http\{closure}(Object(Illuminate\Http\Request))
#38 C:\xampp\htdocs\public_html\vendor\laravel\framework\src\Illuminate\Foundation\Http\Middleware\TransformsRequest.php(59): Illuminate\Routing\Pipeline->Illuminate\Routing\{closure}(Object(Illuminate\Http\Request))
#39 C:\xampp\htdocs\public_html\vendor\laravel\framework\src\Illuminate\Pipeline\Pipeline.php(295): Illuminate\Foundation\Http\Middleware\TransformsRequest->handle(Object(Illuminate\Http\Request), Object(Closure))
#40 C:\xampp\htdocs\public_html\vendor\laravel\framework\src\Illuminate\Routing\Pipeline.php(105): Illuminate\Pipeline\Pipeline->Illuminate\Pipeline\{closure}(Object(Illuminate\Http\Request))
#41 C:\xampp\htdocs\public_html\vendor\laravel\framework\src\Illuminate\Foundation\Http\Middleware\TransformsRequest.php(59): Illuminate\Routing\Pipeline->Illuminate\Routing\{closure}(Object(Illuminate\Http\Request))
#42 C:\xampp\htdocs\public_html\vendor\laravel\framework\src\Illuminate\Pipeline\Pipeline.php(295): Illuminate\Foundation\Http\Middleware\TransformsRequest->handle(Object(Illuminate\Http\Request), Object(Closure))
#43 C:\xampp\htdocs\public_html\vendor\laravel\framework\src\Illuminate\Routing\Pipeline.php(105): Illuminate\Pipeline\Pipeline->Illuminate\Pipeline\{closure}(Object(Illuminate\Http\Request))
#44 C:\xampp\htdocs\public_html\vendor\laravel\framework\src\Illuminate\Foundation\Http\Middleware\ValidatePostSize.php(53): Illuminate\Routing\Pipeline->Illuminate\Routing\{closure}(Object(Illuminate\Http\Request))
#45 C:\xampp\htdocs\public_html\vendor\laravel\framework\src\Illuminate\Pipeline\Pipeline.php(295): Illuminate\Foundation\Http\Middleware\ValidatePostSize->handle(Object(Illuminate\Http\Request), Object(Closure))
#46 C:\xampp\htdocs\public_html\vendor\laravel\framework\src\Illuminate\Routing\Pipeline.php(105): Illuminate\Pipeline\Pipeline->Illuminate\Pipeline\{closure}(Object(Illuminate\Http\Request))
#47 C:\xampp\htdocs\public_html\vendor\laravel\framework\src\Illuminate\Foundation\Http\Middleware\CheckForMaintenanceMode.php(91): Illuminate\Routing\Pipeline->Illuminate\Routing\{closure}(Object(Illuminate\Http\Request))
#48 C:\xampp\htdocs\public_html\vendor\laravel\framework\src\Illuminate\Pipeline\Pipeline.php(295): Illuminate\Foundation\Http\Middleware\CheckForMaintenanceMode->handle(Object(Illuminate\Http\Request), Object(Closure))
#49 C:\xampp\htdocs\public_html\vendor\laravel\framework\src\Illuminate\Routing\Pipeline.php(105): Illuminate\Pipeline\Pipeline->Illuminate\Pipeline\{closure}(Object(Illuminate\Http\Request))
#50 C:\xampp\htdocs\public_html\vendor\laravel\framework\src\Illuminate\Pipeline\Pipeline.php(203): Illuminate\Routing\Pipeline->Illuminate\Routing\{closure}(Object(Illuminate\Http\Request))
#51 C:\xampp\htdocs\public_html\vendor\laravel\framework\src\Illuminate\Foundation\Http\Kernel.php(301): Illuminate\Pipeline\Pipeline->then(Object(Closure))
#52 C:\xampp\htdocs\public_html\vendor\laravel\framework\src\Illuminate\Foundation\Http\Kernel.php(231): Illuminate\Foundation\Http\Kernel->sendRequestThroughRouter(Object(Illuminate\Http\Request))
#53 C:\xampp\htdocs\public_html\index.php(53): Illuminate\Foundation\Http\Kernel->handle(Object(Illuminate\Http\Request))
#54 {main}  
