[2020-12-24 10:52:20] local.ERROR: Symfony\Component\Debug\Exception\FatalThrowableError: Call to a member function toArray() on null in /home/thuanan/domains/thuanandmc.vn/public_html/app/Http/Controllers/IndexController.php:3207
Stack trace:
#0 [internal function]: App\Http\Controllers\IndexController->getProductDetail('le-thanh-nhan-d...', '19')
#1 /home/thuanan/domains/thuanandmc.vn/public_html/vendor/laravel/framework/src/Illuminate/Routing/Controller.php(109): call_user_func_array(Array, Array)
#2 /home/thuanan/domains/thuanandmc.vn/public_html/vendor/laravel/framework/src/Illuminate/Routing/ControllerDispatcher.php(87): Illuminate\Routing\Controller->callAction('getProductDetai...', Array)
#3 /home/thuanan/domains/thuanandmc.vn/public_html/vendor/laravel/framework/src/Illuminate/Routing/Route.php(405): Illuminate\Routing\ControllerDispatcher->dispatch(Object(Illuminate\Routing\Route), Object(App\Http\Controllers\IndexController), 'getProductDetai...')
#4 /home/thuanan/domains/thuanandmc.vn/public_html/vendor/laravel/framework/src/Illuminate/Routing/Route.php(319): Illuminate\Routing\Route->runController()
#5 /home/thuanan/domains/thuanandmc.vn/public_html/vendor/laravel/framework/src/Illuminate/Routing/Router.php(1143): Illuminate\Routing\Route->run()
#6 /home/thuanan/domains/thuanandmc.vn/public_html/vendor/laravel/framework/src/Illuminate/Routing/Pipeline.php(59): Illuminate\Routing\Router->Illuminate\Routing\{closure}(Object(Illuminate\Http\Request))
#7 /home/thuanan/domains/thuanandmc.vn/public_html/vendor/laravel/framework/src/Illuminate/Routing/Middleware/SubstituteBindings.php(81): Illuminate\Routing\Pipeline->Illuminate\Routing\{closure}(Object(Illuminate\Http\Request))
#8 /home/thuanan/domains/thuanandmc.vn/public_html/vendor/laravel/framework/src/Illuminate/Pipeline/Pipeline.php(295): Illuminate\Routing\Middleware\SubstituteBindings->handle(Object(Illuminate\Http\Request), Object(Closure))
#9 /home/thuanan/domains/thuanandmc.vn/public_html/vendor/laravel/framework/src/Illuminate/Routing/Pipeline.php(105): Illuminate\Pipeline\Pipeline->Illuminate\Pipeline\{closure}(Object(Illuminate\Http\Request))
#10 /home/thuanan/domains/thuanandmc.vn/public_html/vendor/laravel/framework/src/Illuminate/Foundation/Http/Middleware/VerifyCsrfToken.php(129): Illuminate\Routing\Pipeline->Illuminate\Routing\{closure}(Object(Illuminate\Http\Request))
#11 /home/thuanan/domains/thuanandmc.vn/public_html/vendor/laravel/framework/src/Illuminate/Pipeline/Pipeline.php(295): Illuminate\Foundation\Http\Middleware\VerifyCsrfToken->handle(Object(Illuminate\Http\Request), Object(Closure))
#12 /home/thuanan/domains/thuanandmc.vn/public_html/vendor/laravel/framework/src/Illuminate/Routing/Pipeline.php(105): Illuminate\Pipeline\Pipeline->Illuminate\Pipeline\{closure}(Object(Illuminate\Http\Request))
#13 /home/thuanan/domains/thuanandmc.vn/public_html/vendor/laravel/framework/src/Illuminate/View/Middleware/ShareErrorsFromSession.php(97): Illuminate\Routing\Pipeline->Illuminate\Routing\{closure}(Object(Illuminate\Http\Request))
#14 /home/thuanan/domains/thuanandmc.vn/public_html/vendor/laravel/framework/src/Illuminate/Pipeline/Pipeline.php(295): Illuminate\View\Middleware\ShareErrorsFromSession->handle(Object(Illuminate\Http\Request), Object(Closure))
#15 /home/thuanan/domains/thuanandmc.vn/public_html/vendor/laravel/framework/src/Illuminate/Routing/Pipeline.php(105): Illuminate\Pipeline\Pipeline->Illuminate\Pipeline\{closure}(Object(Illuminate\Http\Request))
#16 /home/thuanan/domains/thuanandmc.vn/public_html/vendor/laravel/framework/src/Illuminate/Session/Middleware/StartSession.php(127): Illuminate\Routing\Pipeline->Illuminate\Routing\{closure}(Object(Illuminate\Http\Request))
#17 /home/thuanan/domains/thuanandmc.vn/public_html/vendor/laravel/framework/src/Illuminate/Pipeline/Pipeline.php(295): Illuminate\Session\Middleware\StartSession->handle(Object(Illuminate\Http\Request), Object(Closure))
#18 /home/thuanan/domains/thuanandmc.vn/public_html/vendor/laravel/framework/src/Illuminate/Routing/Pipeline.php(105): Illuminate\Pipeline\Pipeline->Illuminate\Pipeline\{closure}(Object(Illuminate\Http\Request))
#19 /home/thuanan/domains/thuanandmc.vn/public_html/vendor/laravel/framework/src/Illuminate/Cookie/Middleware/AddQueuedCookiesToResponse.php(73): Illuminate\Routing\Pipeline->Illuminate\Routing\{closure}(Object(Illuminate\Http\Request))
#20 /home/thuanan/domains/thuanandmc.vn/public_html/vendor/laravel/framework/src/Illuminate/Pipeline/Pipeline.php(295): Illuminate\Cookie\Middleware\AddQueuedCookiesToResponse->handle(Object(Illuminate\Http\Request), Object(Closure))
#21 /home/thuanan/domains/thuanandmc.vn/public_html/vendor/laravel/framework/src/Illuminate/Routing/Pipeline.php(105): Illuminate\Pipeline\Pipeline->Illuminate\Pipeline\{closure}(Object(Illuminate\Http\Request))
#22 /home/thuanan/domains/thuanandmc.vn/public_html/vendor/laravel/framework/src/Illuminate/Cookie/Middleware/EncryptCookies.php(117): Illuminate\Routing\Pipeline->Illuminate\Routing\{closure}(Object(Illuminate\Http\Request))
#23 /home/thuanan/domains/thuanandmc.vn/public_html/vendor/laravel/framework/src/Illuminate/Pipeline/Pipeline.php(295): Illuminate\Cookie\Middleware\EncryptCookies->handle(Object(Illuminate\Http\Request), Object(Closure))
#24 /home/thuanan/domains/thuanandmc.vn/public_html/vendor/laravel/framework/src/Illuminate/Routing/Pipeline.php(105): Illuminate\Pipeline\Pipeline->Illuminate\Pipeline\{closure}(Object(Illuminate\Http\Request))
#25 /home/thuanan/domains/thuanandmc.vn/public_html/vendor/laravel/framework/src/Illuminate/Pipeline/Pipeline.php(203): Illuminate\Routing\Pipeline->Illuminate\Routing\{closure}(Object(Illuminate\Http\Request))
#26 /home/thuanan/domains/thuanandmc.vn/public_html/vendor/laravel/framework/src/Illuminate/Routing/Router.php(1147): Illuminate\Pipeline\Pipeline->then(Object(Closure))
#27 /home/thuanan/domains/thuanandmc.vn/public_html/vendor/laravel/framework/src/Illuminate/Routing/Router.php(1065): Illuminate\Routing\Router->runRouteWithinStack(Object(Illuminate\Routing\Route), Object(Illuminate\Http\Request))
#28 /home/thuanan/domains/thuanandmc.vn/public_html/vendor/laravel/framework/src/Illuminate/Routing/Router.php(1021): Illuminate\Routing\Router->dispatchToRoute(Object(Illuminate\Http\Request))
#29 /home/thuanan/domains/thuanandmc.vn/public_html/vendor/laravel/framework/src/Illuminate/Foundation/Http/Kernel.php(351): Illuminate\Routing\Router->dispatch(Object(Illuminate\Http\Request))
#30 /home/thuanan/domains/thuanandmc.vn/public_html/vendor/laravel/framework/src/Illuminate/Routing/Pipeline.php(59): Illuminate\Foundation\Http\Kernel->Illuminate\Foundation\Http\{closure}(Object(Illuminate\Http\Request))
#31 /home/thuanan/domains/thuanandmc.vn/public_html/vendor/laravel/framework/src/Illuminate/Foundation/Http/Middleware/TransformsRequest.php(59): Illuminate\Routing\Pipeline->Illuminate\Routing\{closure}(Object(Illuminate\Http\Request))
#32 /home/thuanan/domains/thuanandmc.vn/public_html/vendor/laravel/framework/src/Illuminate/Pipeline/Pipeline.php(295): Illuminate\Foundation\Http\Middleware\TransformsRequest->handle(Object(Illuminate\Http\Request), Object(Closure))
#33 /home/thuanan/domains/thuanandmc.vn/public_html/vendor/laravel/framework/src/Illuminate/Routing/Pipeline.php(105): Illuminate\Pipeline\Pipeline->Illuminate\Pipeline\{closure}(Object(Illuminate\Http\Request))
#34 /home/thuanan/domains/thuanandmc.vn/public_html/vendor/laravel/framework/src/Illuminate/Foundation/Http/Middleware/TransformsRequest.php(59): Illuminate\Routing\Pipeline->Illuminate\Routing\{closure}(Object(Illuminate\Http\Request))
#35 /home/thuanan/domains/thuanandmc.vn/public_html/vendor/laravel/framework/src/Illuminate/Pipeline/Pipeline.php(295): Illuminate\Foundation\Http\Middleware\TransformsRequest->handle(Object(Illuminate\Http\Request), Object(Closure))
#36 /home/thuanan/domains/thuanandmc.vn/public_html/vendor/laravel/framework/src/Illuminate/Routing/Pipeline.php(105): Illuminate\Pipeline\Pipeline->Illuminate\Pipeline\{closure}(Object(Illuminate\Http\Request))
#37 /home/thuanan/domains/thuanandmc.vn/public_html/vendor/laravel/framework/src/Illuminate/Foundation/Http/Middleware/ValidatePostSize.php(53): Illuminate\Routing\Pipeline->Illuminate\Routing\{closure}(Object(Illuminate\Http\Request))
#38 /home/thuanan/domains/thuanandmc.vn/public_html/vendor/laravel/framework/src/Illuminate/Pipeline/Pipeline.php(295): Illuminate\Foundation\Http\Middleware\ValidatePostSize->handle(Object(Illuminate\Http\Request), Object(Closure))
#39 /home/thuanan/domains/thuanandmc.vn/public_html/vendor/laravel/framework/src/Illuminate/Routing/Pipeline.php(105): Illuminate\Pipeline\Pipeline->Illuminate\Pipeline\{closure}(Object(Illuminate\Http\Request))
#40 /home/thuanan/domains/thuanandmc.vn/public_html/vendor/laravel/framework/src/Illuminate/Foundation/Http/Middleware/CheckForMaintenanceMode.php(91): Illuminate\Routing\Pipeline->Illuminate\Routing\{closure}(Object(Illuminate\Http\Request))
#41 /home/thuanan/domains/thuanandmc.vn/public_html/vendor/laravel/framework/src/Illuminate/Pipeline/Pipeline.php(295): Illuminate\Foundation\Http\Middleware\CheckForMaintenanceMode->handle(Object(Illuminate\Http\Request), Object(Closure))
#42 /home/thuanan/domains/thuanandmc.vn/public_html/vendor/laravel/framework/src/Illuminate/Routing/Pipeline.php(105): Illuminate\Pipeline\Pipeline->Illuminate\Pipeline\{closure}(Object(Illuminate\Http\Request))
#43 /home/thuanan/domains/thuanandmc.vn/public_html/vendor/laravel/framework/src/Illuminate/Pipeline/Pipeline.php(203): Illuminate\Routing\Pipeline->Illuminate\Routing\{closure}(Object(Illuminate\Http\Request))
#44 /home/thuanan/domains/thuanandmc.vn/public_html/vendor/laravel/framework/src/Illuminate/Foundation/Http/Kernel.php(301): Illuminate\Pipeline\Pipeline->then(Object(Closure))
#45 /home/thuanan/domains/thuanandmc.vn/public_html/vendor/laravel/framework/src/Illuminate/Foundation/Http/Kernel.php(231): Illuminate\Foundation\Http\Kernel->sendRequestThroughRouter(Object(Illuminate\Http\Request))
#46 /home/thuanan/domains/thuanandmc.vn/public_html/index.php(53): Illuminate\Foundation\Http\Kernel->handle(Object(Illuminate\Http\Request))
#47 {main}  
[2020-12-24 18:57:54] local.ERROR: Symfony\Component\Debug\Exception\FatalThrowableError: Call to a member function toArray() on null in /home/thuanan/domains/thuanandmc.vn/public_html/app/Http/Controllers/IndexController.php:3207
Stack trace:
#0 [internal function]: App\Http\Controllers\IndexController->getProductDetail('le-thanh-nhan-d...', '35')
#1 /home/thuanan/domains/thuanandmc.vn/public_html/vendor/laravel/framework/src/Illuminate/Routing/Controller.php(109): call_user_func_array(Array, Array)
#2 /home/thuanan/domains/thuanandmc.vn/public_html/vendor/laravel/framework/src/Illuminate/Routing/ControllerDispatcher.php(87): Illuminate\Routing\Controller->callAction('getProductDetai...', Array)
#3 /home/thuanan/domains/thuanandmc.vn/public_html/vendor/laravel/framework/src/Illuminate/Routing/Route.php(405): Illuminate\Routing\ControllerDispatcher->dispatch(Object(Illuminate\Routing\Route), Object(App\Http\Controllers\IndexController), 'getProductDetai...')
#4 /home/thuanan/domains/thuanandmc.vn/public_html/vendor/laravel/framework/src/Illuminate/Routing/Route.php(319): Illuminate\Routing\Route->runController()
#5 /home/thuanan/domains/thuanandmc.vn/public_html/vendor/laravel/framework/src/Illuminate/Routing/Router.php(1143): Illuminate\Routing\Route->run()
#6 /home/thuanan/domains/thuanandmc.vn/public_html/vendor/laravel/framework/src/Illuminate/Routing/Pipeline.php(59): Illuminate\Routing\Router->Illuminate\Routing\{closure}(Object(Illuminate\Http\Request))
#7 /home/thuanan/domains/thuanandmc.vn/public_html/vendor/laravel/framework/src/Illuminate/Routing/Middleware/SubstituteBindings.php(81): Illuminate\Routing\Pipeline->Illuminate\Routing\{closure}(Object(Illuminate\Http\Request))
#8 /home/thuanan/domains/thuanandmc.vn/public_html/vendor/laravel/framework/src/Illuminate/Pipeline/Pipeline.php(295): Illuminate\Routing\Middleware\SubstituteBindings->handle(Object(Illuminate\Http\Request), Object(Closure))
#9 /home/thuanan/domains/thuanandmc.vn/public_html/vendor/laravel/framework/src/Illuminate/Routing/Pipeline.php(105): Illuminate\Pipeline\Pipeline->Illuminate\Pipeline\{closure}(Object(Illuminate\Http\Request))
#10 /home/thuanan/domains/thuanandmc.vn/public_html/vendor/laravel/framework/src/Illuminate/Foundation/Http/Middleware/VerifyCsrfToken.php(129): Illuminate\Routing\Pipeline->Illuminate\Routing\{closure}(Object(Illuminate\Http\Request))
#11 /home/thuanan/domains/thuanandmc.vn/public_html/vendor/laravel/framework/src/Illuminate/Pipeline/Pipeline.php(295): Illuminate\Foundation\Http\Middleware\VerifyCsrfToken->handle(Object(Illuminate\Http\Request), Object(Closure))
#12 /home/thuanan/domains/thuanandmc.vn/public_html/vendor/laravel/framework/src/Illuminate/Routing/Pipeline.php(105): Illuminate\Pipeline\Pipeline->Illuminate\Pipeline\{closure}(Object(Illuminate\Http\Request))
#13 /home/thuanan/domains/thuanandmc.vn/public_html/vendor/laravel/framework/src/Illuminate/View/Middleware/ShareErrorsFromSession.php(97): Illuminate\Routing\Pipeline->Illuminate\Routing\{closure}(Object(Illuminate\Http\Request))
#14 /home/thuanan/domains/thuanandmc.vn/public_html/vendor/laravel/framework/src/Illuminate/Pipeline/Pipeline.php(295): Illuminate\View\Middleware\ShareErrorsFromSession->handle(Object(Illuminate\Http\Request), Object(Closure))
#15 /home/thuanan/domains/thuanandmc.vn/public_html/vendor/laravel/framework/src/Illuminate/Routing/Pipeline.php(105): Illuminate\Pipeline\Pipeline->Illuminate\Pipeline\{closure}(Object(Illuminate\Http\Request))
#16 /home/thuanan/domains/thuanandmc.vn/public_html/vendor/laravel/framework/src/Illuminate/Session/Middleware/StartSession.php(127): Illuminate\Routing\Pipeline->Illuminate\Routing\{closure}(Object(Illuminate\Http\Request))
#17 /home/thuanan/domains/thuanandmc.vn/public_html/vendor/laravel/framework/src/Illuminate/Pipeline/Pipeline.php(295): Illuminate\Session\Middleware\StartSession->handle(Object(Illuminate\Http\Request), Object(Closure))
#18 /home/thuanan/domains/thuanandmc.vn/public_html/vendor/laravel/framework/src/Illuminate/Routing/Pipeline.php(105): Illuminate\Pipeline\Pipeline->Illuminate\Pipeline\{closure}(Object(Illuminate\Http\Request))
#19 /home/thuanan/domains/thuanandmc.vn/public_html/vendor/laravel/framework/src/Illuminate/Cookie/Middleware/AddQueuedCookiesToResponse.php(73): Illuminate\Routing\Pipeline->Illuminate\Routing\{closure}(Object(Illuminate\Http\Request))
#20 /home/thuanan/domains/thuanandmc.vn/public_html/vendor/laravel/framework/src/Illuminate/Pipeline/Pipeline.php(295): Illuminate\Cookie\Middleware\AddQueuedCookiesToResponse->handle(Object(Illuminate\Http\Request), Object(Closure))
#21 /home/thuanan/domains/thuanandmc.vn/public_html/vendor/laravel/framework/src/Illuminate/Routing/Pipeline.php(105): Illuminate\Pipeline\Pipeline->Illuminate\Pipeline\{closure}(Object(Illuminate\Http\Request))
#22 /home/thuanan/domains/thuanandmc.vn/public_html/vendor/laravel/framework/src/Illuminate/Cookie/Middleware/EncryptCookies.php(117): Illuminate\Routing\Pipeline->Illuminate\Routing\{closure}(Object(Illuminate\Http\Request))
#23 /home/thuanan/domains/thuanandmc.vn/public_html/vendor/laravel/framework/src/Illuminate/Pipeline/Pipeline.php(295): Illuminate\Cookie\Middleware\EncryptCookies->handle(Object(Illuminate\Http\Request), Object(Closure))
#24 /home/thuanan/domains/thuanandmc.vn/public_html/vendor/laravel/framework/src/Illuminate/Routing/Pipeline.php(105): Illuminate\Pipeline\Pipeline->Illuminate\Pipeline\{closure}(Object(Illuminate\Http\Request))
#25 /home/thuanan/domains/thuanandmc.vn/public_html/vendor/laravel/framework/src/Illuminate/Pipeline/Pipeline.php(203): Illuminate\Routing\Pipeline->Illuminate\Routing\{closure}(Object(Illuminate\Http\Request))
#26 /home/thuanan/domains/thuanandmc.vn/public_html/vendor/laravel/framework/src/Illuminate/Routing/Router.php(1147): Illuminate\Pipeline\Pipeline->then(Object(Closure))
#27 /home/thuanan/domains/thuanandmc.vn/public_html/vendor/laravel/framework/src/Illuminate/Routing/Router.php(1065): Illuminate\Routing\Router->runRouteWithinStack(Object(Illuminate\Routing\Route), Object(Illuminate\Http\Request))
#28 /home/thuanan/domains/thuanandmc.vn/public_html/vendor/laravel/framework/src/Illuminate/Routing/Router.php(1021): Illuminate\Routing\Router->dispatchToRoute(Object(Illuminate\Http\Request))
#29 /home/thuanan/domains/thuanandmc.vn/public_html/vendor/laravel/framework/src/Illuminate/Foundation/Http/Kernel.php(351): Illuminate\Routing\Router->dispatch(Object(Illuminate\Http\Request))
#30 /home/thuanan/domains/thuanandmc.vn/public_html/vendor/laravel/framework/src/Illuminate/Routing/Pipeline.php(59): Illuminate\Foundation\Http\Kernel->Illuminate\Foundation\Http\{closure}(Object(Illuminate\Http\Request))
#31 /home/thuanan/domains/thuanandmc.vn/public_html/vendor/laravel/framework/src/Illuminate/Foundation/Http/Middleware/TransformsRequest.php(59): Illuminate\Routing\Pipeline->Illuminate\Routing\{closure}(Object(Illuminate\Http\Request))
#32 /home/thuanan/domains/thuanandmc.vn/public_html/vendor/laravel/framework/src/Illuminate/Pipeline/Pipeline.php(295): Illuminate\Foundation\Http\Middleware\TransformsRequest->handle(Object(Illuminate\Http\Request), Object(Closure))
#33 /home/thuanan/domains/thuanandmc.vn/public_html/vendor/laravel/framework/src/Illuminate/Routing/Pipeline.php(105): Illuminate\Pipeline\Pipeline->Illuminate\Pipeline\{closure}(Object(Illuminate\Http\Request))
#34 /home/thuanan/domains/thuanandmc.vn/public_html/vendor/laravel/framework/src/Illuminate/Foundation/Http/Middleware/TransformsRequest.php(59): Illuminate\Routing\Pipeline->Illuminate\Routing\{closure}(Object(Illuminate\Http\Request))
#35 /home/thuanan/domains/thuanandmc.vn/public_html/vendor/laravel/framework/src/Illuminate/Pipeline/Pipeline.php(295): Illuminate\Foundation\Http\Middleware\TransformsRequest->handle(Object(Illuminate\Http\Request), Object(Closure))
#36 /home/thuanan/domains/thuanandmc.vn/public_html/vendor/laravel/framework/src/Illuminate/Routing/Pipeline.php(105): Illuminate\Pipeline\Pipeline->Illuminate\Pipeline\{closure}(Object(Illuminate\Http\Request))
#37 /home/thuanan/domains/thuanandmc.vn/public_html/vendor/laravel/framework/src/Illuminate/Foundation/Http/Middleware/ValidatePostSize.php(53): Illuminate\Routing\Pipeline->Illuminate\Routing\{closure}(Object(Illuminate\Http\Request))
#38 /home/thuanan/domains/thuanandmc.vn/public_html/vendor/laravel/framework/src/Illuminate/Pipeline/Pipeline.php(295): Illuminate\Foundation\Http\Middleware\ValidatePostSize->handle(Object(Illuminate\Http\Request), Object(Closure))
#39 /home/thuanan/domains/thuanandmc.vn/public_html/vendor/laravel/framework/src/Illuminate/Routing/Pipeline.php(105): Illuminate\Pipeline\Pipeline->Illuminate\Pipeline\{closure}(Object(Illuminate\Http\Request))
#40 /home/thuanan/domains/thuanandmc.vn/public_html/vendor/laravel/framework/src/Illuminate/Foundation/Http/Middleware/CheckForMaintenanceMode.php(91): Illuminate\Routing\Pipeline->Illuminate\Routing\{closure}(Object(Illuminate\Http\Request))
#41 /home/thuanan/domains/thuanandmc.vn/public_html/vendor/laravel/framework/src/Illuminate/Pipeline/Pipeline.php(295): Illuminate\Foundation\Http\Middleware\CheckForMaintenanceMode->handle(Object(Illuminate\Http\Request), Object(Closure))
#42 /home/thuanan/domains/thuanandmc.vn/public_html/vendor/laravel/framework/src/Illuminate/Routing/Pipeline.php(105): Illuminate\Pipeline\Pipeline->Illuminate\Pipeline\{closure}(Object(Illuminate\Http\Request))
#43 /home/thuanan/domains/thuanandmc.vn/public_html/vendor/laravel/framework/src/Illuminate/Pipeline/Pipeline.php(203): Illuminate\Routing\Pipeline->Illuminate\Routing\{closure}(Object(Illuminate\Http\Request))
#44 /home/thuanan/domains/thuanandmc.vn/public_html/vendor/laravel/framework/src/Illuminate/Foundation/Http/Kernel.php(301): Illuminate\Pipeline\Pipeline->then(Object(Closure))
#45 /home/thuanan/domains/thuanandmc.vn/public_html/vendor/laravel/framework/src/Illuminate/Foundation/Http/Kernel.php(231): Illuminate\Foundation\Http\Kernel->sendRequestThroughRouter(Object(Illuminate\Http\Request))
#46 /home/thuanan/domains/thuanandmc.vn/public_html/index.php(53): Illuminate\Foundation\Http\Kernel->handle(Object(Illuminate\Http\Request))
#47 {main}  
[2020-12-24 20:14:50] local.ERROR: Symfony\Component\Debug\Exception\FatalThrowableError: Call to a member function toArray() on null in /home/thuanan/domains/thuanandmc.vn/public_html/app/Http/Controllers/IndexController.php:3207
Stack trace:
#0 [internal function]: App\Http\Controllers\IndexController->getProductDetail('le-thanh-nhan-d...', '33')
#1 /home/thuanan/domains/thuanandmc.vn/public_html/vendor/laravel/framework/src/Illuminate/Routing/Controller.php(109): call_user_func_array(Array, Array)
#2 /home/thuanan/domains/thuanandmc.vn/public_html/vendor/laravel/framework/src/Illuminate/Routing/ControllerDispatcher.php(87): Illuminate\Routing\Controller->callAction('getProductDetai...', Array)
#3 /home/thuanan/domains/thuanandmc.vn/public_html/vendor/laravel/framework/src/Illuminate/Routing/Route.php(405): Illuminate\Routing\ControllerDispatcher->dispatch(Object(Illuminate\Routing\Route), Object(App\Http\Controllers\IndexController), 'getProductDetai...')
#4 /home/thuanan/domains/thuanandmc.vn/public_html/vendor/laravel/framework/src/Illuminate/Routing/Route.php(319): Illuminate\Routing\Route->runController()
#5 /home/thuanan/domains/thuanandmc.vn/public_html/vendor/laravel/framework/src/Illuminate/Routing/Router.php(1143): Illuminate\Routing\Route->run()
#6 /home/thuanan/domains/thuanandmc.vn/public_html/vendor/laravel/framework/src/Illuminate/Routing/Pipeline.php(59): Illuminate\Routing\Router->Illuminate\Routing\{closure}(Object(Illuminate\Http\Request))
#7 /home/thuanan/domains/thuanandmc.vn/public_html/vendor/laravel/framework/src/Illuminate/Routing/Middleware/SubstituteBindings.php(81): Illuminate\Routing\Pipeline->Illuminate\Routing\{closure}(Object(Illuminate\Http\Request))
#8 /home/thuanan/domains/thuanandmc.vn/public_html/vendor/laravel/framework/src/Illuminate/Pipeline/Pipeline.php(295): Illuminate\Routing\Middleware\SubstituteBindings->handle(Object(Illuminate\Http\Request), Object(Closure))
#9 /home/thuanan/domains/thuanandmc.vn/public_html/vendor/laravel/framework/src/Illuminate/Routing/Pipeline.php(105): Illuminate\Pipeline\Pipeline->Illuminate\Pipeline\{closure}(Object(Illuminate\Http\Request))
#10 /home/thuanan/domains/thuanandmc.vn/public_html/vendor/laravel/framework/src/Illuminate/Foundation/Http/Middleware/VerifyCsrfToken.php(129): Illuminate\Routing\Pipeline->Illuminate\Routing\{closure}(Object(Illuminate\Http\Request))
#11 /home/thuanan/domains/thuanandmc.vn/public_html/vendor/laravel/framework/src/Illuminate/Pipeline/Pipeline.php(295): Illuminate\Foundation\Http\Middleware\VerifyCsrfToken->handle(Object(Illuminate\Http\Request), Object(Closure))
#12 /home/thuanan/domains/thuanandmc.vn/public_html/vendor/laravel/framework/src/Illuminate/Routing/Pipeline.php(105): Illuminate\Pipeline\Pipeline->Illuminate\Pipeline\{closure}(Object(Illuminate\Http\Request))
#13 /home/thuanan/domains/thuanandmc.vn/public_html/vendor/laravel/framework/src/Illuminate/View/Middleware/ShareErrorsFromSession.php(97): Illuminate\Routing\Pipeline->Illuminate\Routing\{closure}(Object(Illuminate\Http\Request))
#14 /home/thuanan/domains/thuanandmc.vn/public_html/vendor/laravel/framework/src/Illuminate/Pipeline/Pipeline.php(295): Illuminate\View\Middleware\ShareErrorsFromSession->handle(Object(Illuminate\Http\Request), Object(Closure))
#15 /home/thuanan/domains/thuanandmc.vn/public_html/vendor/laravel/framework/src/Illuminate/Routing/Pipeline.php(105): Illuminate\Pipeline\Pipeline->Illuminate\Pipeline\{closure}(Object(Illuminate\Http\Request))
#16 /home/thuanan/domains/thuanandmc.vn/public_html/vendor/laravel/framework/src/Illuminate/Session/Middleware/StartSession.php(127): Illuminate\Routing\Pipeline->Illuminate\Routing\{closure}(Object(Illuminate\Http\Request))
#17 /home/thuanan/domains/thuanandmc.vn/public_html/vendor/laravel/framework/src/Illuminate/Pipeline/Pipeline.php(295): Illuminate\Session\Middleware\StartSession->handle(Object(Illuminate\Http\Request), Object(Closure))
#18 /home/thuanan/domains/thuanandmc.vn/public_html/vendor/laravel/framework/src/Illuminate/Routing/Pipeline.php(105): Illuminate\Pipeline\Pipeline->Illuminate\Pipeline\{closure}(Object(Illuminate\Http\Request))
#19 /home/thuanan/domains/thuanandmc.vn/public_html/vendor/laravel/framework/src/Illuminate/Cookie/Middleware/AddQueuedCookiesToResponse.php(73): Illuminate\Routing\Pipeline->Illuminate\Routing\{closure}(Object(Illuminate\Http\Request))
#20 /home/thuanan/domains/thuanandmc.vn/public_html/vendor/laravel/framework/src/Illuminate/Pipeline/Pipeline.php(295): Illuminate\Cookie\Middleware\AddQueuedCookiesToResponse->handle(Object(Illuminate\Http\Request), Object(Closure))
#21 /home/thuanan/domains/thuanandmc.vn/public_html/vendor/laravel/framework/src/Illuminate/Routing/Pipeline.php(105): Illuminate\Pipeline\Pipeline->Illuminate\Pipeline\{closure}(Object(Illuminate\Http\Request))
#22 /home/thuanan/domains/thuanandmc.vn/public_html/vendor/laravel/framework/src/Illuminate/Cookie/Middleware/EncryptCookies.php(117): Illuminate\Routing\Pipeline->Illuminate\Routing\{closure}(Object(Illuminate\Http\Request))
#23 /home/thuanan/domains/thuanandmc.vn/public_html/vendor/laravel/framework/src/Illuminate/Pipeline/Pipeline.php(295): Illuminate\Cookie\Middleware\EncryptCookies->handle(Object(Illuminate\Http\Request), Object(Closure))
#24 /home/thuanan/domains/thuanandmc.vn/public_html/vendor/laravel/framework/src/Illuminate/Routing/Pipeline.php(105): Illuminate\Pipeline\Pipeline->Illuminate\Pipeline\{closure}(Object(Illuminate\Http\Request))
#25 /home/thuanan/domains/thuanandmc.vn/public_html/vendor/laravel/framework/src/Illuminate/Pipeline/Pipeline.php(203): Illuminate\Routing\Pipeline->Illuminate\Routing\{closure}(Object(Illuminate\Http\Request))
#26 /home/thuanan/domains/thuanandmc.vn/public_html/vendor/laravel/framework/src/Illuminate/Routing/Router.php(1147): Illuminate\Pipeline\Pipeline->then(Object(Closure))
#27 /home/thuanan/domains/thuanandmc.vn/public_html/vendor/laravel/framework/src/Illuminate/Routing/Router.php(1065): Illuminate\Routing\Router->runRouteWithinStack(Object(Illuminate\Routing\Route), Object(Illuminate\Http\Request))
#28 /home/thuanan/domains/thuanandmc.vn/public_html/vendor/laravel/framework/src/Illuminate/Routing/Router.php(1021): Illuminate\Routing\Router->dispatchToRoute(Object(Illuminate\Http\Request))
#29 /home/thuanan/domains/thuanandmc.vn/public_html/vendor/laravel/framework/src/Illuminate/Foundation/Http/Kernel.php(351): Illuminate\Routing\Router->dispatch(Object(Illuminate\Http\Request))
#30 /home/thuanan/domains/thuanandmc.vn/public_html/vendor/laravel/framework/src/Illuminate/Routing/Pipeline.php(59): Illuminate\Foundation\Http\Kernel->Illuminate\Foundation\Http\{closure}(Object(Illuminate\Http\Request))
#31 /home/thuanan/domains/thuanandmc.vn/public_html/vendor/laravel/framework/src/Illuminate/Foundation/Http/Middleware/TransformsRequest.php(59): Illuminate\Routing\Pipeline->Illuminate\Routing\{closure}(Object(Illuminate\Http\Request))
#32 /home/thuanan/domains/thuanandmc.vn/public_html/vendor/laravel/framework/src/Illuminate/Pipeline/Pipeline.php(295): Illuminate\Foundation\Http\Middleware\TransformsRequest->handle(Object(Illuminate\Http\Request), Object(Closure))
#33 /home/thuanan/domains/thuanandmc.vn/public_html/vendor/laravel/framework/src/Illuminate/Routing/Pipeline.php(105): Illuminate\Pipeline\Pipeline->Illuminate\Pipeline\{closure}(Object(Illuminate\Http\Request))
#34 /home/thuanan/domains/thuanandmc.vn/public_html/vendor/laravel/framework/src/Illuminate/Foundation/Http/Middleware/TransformsRequest.php(59): Illuminate\Routing\Pipeline->Illuminate\Routing\{closure}(Object(Illuminate\Http\Request))
#35 /home/thuanan/domains/thuanandmc.vn/public_html/vendor/laravel/framework/src/Illuminate/Pipeline/Pipeline.php(295): Illuminate\Foundation\Http\Middleware\TransformsRequest->handle(Object(Illuminate\Http\Request), Object(Closure))
#36 /home/thuanan/domains/thuanandmc.vn/public_html/vendor/laravel/framework/src/Illuminate/Routing/Pipeline.php(105): Illuminate\Pipeline\Pipeline->Illuminate\Pipeline\{closure}(Object(Illuminate\Http\Request))
#37 /home/thuanan/domains/thuanandmc.vn/public_html/vendor/laravel/framework/src/Illuminate/Foundation/Http/Middleware/ValidatePostSize.php(53): Illuminate\Routing\Pipeline->Illuminate\Routing\{closure}(Object(Illuminate\Http\Request))
#38 /home/thuanan/domains/thuanandmc.vn/public_html/vendor/laravel/framework/src/Illuminate/Pipeline/Pipeline.php(295): Illuminate\Foundation\Http\Middleware\ValidatePostSize->handle(Object(Illuminate\Http\Request), Object(Closure))
#39 /home/thuanan/domains/thuanandmc.vn/public_html/vendor/laravel/framework/src/Illuminate/Routing/Pipeline.php(105): Illuminate\Pipeline\Pipeline->Illuminate\Pipeline\{closure}(Object(Illuminate\Http\Request))
#40 /home/thuanan/domains/thuanandmc.vn/public_html/vendor/laravel/framework/src/Illuminate/Foundation/Http/Middleware/CheckForMaintenanceMode.php(91): Illuminate\Routing\Pipeline->Illuminate\Routing\{closure}(Object(Illuminate\Http\Request))
#41 /home/thuanan/domains/thuanandmc.vn/public_html/vendor/laravel/framework/src/Illuminate/Pipeline/Pipeline.php(295): Illuminate\Foundation\Http\Middleware\CheckForMaintenanceMode->handle(Object(Illuminate\Http\Request), Object(Closure))
#42 /home/thuanan/domains/thuanandmc.vn/public_html/vendor/laravel/framework/src/Illuminate/Routing/Pipeline.php(105): Illuminate\Pipeline\Pipeline->Illuminate\Pipeline\{closure}(Object(Illuminate\Http\Request))
#43 /home/thuanan/domains/thuanandmc.vn/public_html/vendor/laravel/framework/src/Illuminate/Pipeline/Pipeline.php(203): Illuminate\Routing\Pipeline->Illuminate\Routing\{closure}(Object(Illuminate\Http\Request))
#44 /home/thuanan/domains/thuanandmc.vn/public_html/vendor/laravel/framework/src/Illuminate/Foundation/Http/Kernel.php(301): Illuminate\Pipeline\Pipeline->then(Object(Closure))
#45 /home/thuanan/domains/thuanandmc.vn/public_html/vendor/laravel/framework/src/Illuminate/Foundation/Http/Kernel.php(231): Illuminate\Foundation\Http\Kernel->sendRequestThroughRouter(Object(Illuminate\Http\Request))
#46 /home/thuanan/domains/thuanandmc.vn/public_html/index.php(53): Illuminate\Foundation\Http\Kernel->handle(Object(Illuminate\Http\Request))
#47 {main}  
