[2021-01-22 03:29:24] local.ERROR: InvalidArgumentException: View [templates.layout.header] not found. in C:\xampp\htdocs\public_html\vendor\laravel\framework\src\Illuminate\View\FileViewFinder.php:273
Stack trace:
#0 C:\xampp\htdocs\public_html\vendor\laravel\framework\src\Illuminate\View\FileViewFinder.php(157): Illuminate\View\FileViewFinder->findInPaths('templates.layou...', Array)
#1 C:\xampp\htdocs\public_html\vendor\laravel\framework\src\Illuminate\View\Factory.php(255): Illuminate\View\FileViewFinder->find('templates.layou...')
#2 C:\xampp\htdocs\public_html\storage\framework\views\3ac5afb2ec12e20a4ab7c61f93e43c6320ba9169.php(102): Illuminate\View\Factory->make('templates.layou...', Array)
#3 C:\xampp\htdocs\public_html\vendor\laravel\framework\src\Illuminate\View\Engines\PhpEngine.php(83): include('C:\\xampp\\htdocs...')
#4 C:\xampp\htdocs\public_html\vendor\laravel\framework\src\Illuminate\View\Engines\CompilerEngine.php(117): Illuminate\View\Engines\PhpEngine->evaluatePath('C:\\xampp\\htdocs...', Array)
#5 C:\xampp\htdocs\public_html\vendor\laravel\framework\src\Illuminate\View\View.php(273): Illuminate\View\Engines\CompilerEngine->get('C:\\xampp\\htdocs...', Array)
#6 C:\xampp\htdocs\public_html\vendor\laravel\framework\src\Illuminate\View\View.php(239): Illuminate\View\View->getContents()
#7 C:\xampp\htdocs\public_html\vendor\laravel\framework\src\Illuminate\View\View.php(169): Illuminate\View\View->renderContents()
#8 C:\xampp\htdocs\public_html\storage\framework\views\102884f5119b573a4e2a3c93e98997c724cd3690.php(35): Illuminate\View\View->render()
#9 C:\xampp\htdocs\public_html\vendor\laravel\framework\src\Illuminate\View\Engines\PhpEngine.php(83): include('C:\\xampp\\htdocs...')
#10 C:\xampp\htdocs\public_html\vendor\laravel\framework\src\Illuminate\View\Engines\CompilerEngine.php(117): Illuminate\View\Engines\PhpEngine->evaluatePath('C:\\xampp\\htdocs...', Array)
#11 C:\xampp\htdocs\public_html\vendor\laravel\framework\src\Illuminate\View\View.php(273): Illuminate\View\Engines\CompilerEngine->get('C:\\xampp\\htdocs...', Array)
#12 C:\xampp\htdocs\public_html\vendor\laravel\framework\src\Illuminate\View\View.php(239): Illuminate\View\View->getContents()
#13 C:\xampp\htdocs\public_html\vendor\laravel\framework\src\Illuminate\View\View.php(169): Illuminate\View\View->renderContents()
#14 C:\xampp\htdocs\public_html\vendor\laravel\framework\src\Illuminate\Http\Response.php(75): Illuminate\View\View->render()
#15 C:\xampp\htdocs\public_html\vendor\symfony\http-foundation\Response.php(401): Illuminate\Http\Response->setContent(Object(Illuminate\View\View))
#16 C:\xampp\htdocs\public_html\vendor\laravel\framework\src\Illuminate\Routing\ResponseFactory.php(109): Symfony\Component\HttpFoundation\Response->__construct(Object(Illuminate\View\View), 404, Array)
#17 C:\xampp\htdocs\public_html\vendor\laravel\framework\src\Illuminate\Routing\ResponseFactory.php(137): Illuminate\Routing\ResponseFactory->make(Object(Illuminate\View\View), 404, Array)
#18 C:\xampp\htdocs\public_html\vendor\laravel\framework\src\Illuminate\Foundation\Exceptions\Handler.php(389): Illuminate\Routing\ResponseFactory->view('errors::404', Array, 404, Array)
#19 C:\xampp\htdocs\public_html\vendor\laravel\framework\src\Illuminate\Foundation\Exceptions\Handler.php(345): Illuminate\Foundation\Exceptions\Handler->renderHttpException(Object(Symfony\Component\HttpKernel\Exception\NotFoundHttpException))
#20 C:\xampp\htdocs\public_html\vendor\laravel\framework\src\Illuminate\Foundation\Exceptions\Handler.php(237): Illuminate\Foundation\Exceptions\Handler->prepareResponse(Object(Illuminate\Http\Request), Object(Symfony\Component\HttpKernel\Exception\NotFoundHttpException))
#21 C:\xampp\htdocs\public_html\app\Exceptions\Handler.php(139): Illuminate\Foundation\Exceptions\Handler->render(Object(Illuminate\Http\Request), Object(Symfony\Component\HttpKernel\Exception\NotFoundHttpException))
#22 C:\xampp\htdocs\public_html\vendor\laravel\framework\src\Illuminate\Routing\Pipeline.php(163): App\Exceptions\Handler->render(Object(Illuminate\Http\Request), Object(Symfony\Component\HttpKernel\Exception\NotFoundHttpException))
#23 C:\xampp\htdocs\public_html\vendor\laravel\framework\src\Illuminate\Routing\Pipeline.php(63): Illuminate\Routing\Pipeline->handleException(Object(Illuminate\Http\Request), Object(Symfony\Component\HttpKernel\Exception\NotFoundHttpException))
#24 C:\xampp\htdocs\public_html\vendor\laravel\framework\src\Illuminate\Foundation\Http\Middleware\TransformsRequest.php(59): Illuminate\Routing\Pipeline->Illuminate\Routing\{closure}(Object(Illuminate\Http\Request))
#25 C:\xampp\htdocs\public_html\vendor\laravel\framework\src\Illuminate\Pipeline\Pipeline.php(295): Illuminate\Foundation\Http\Middleware\TransformsRequest->handle(Object(Illuminate\Http\Request), Object(Closure))
#26 C:\xampp\htdocs\public_html\vendor\laravel\framework\src\Illuminate\Routing\Pipeline.php(105): Illuminate\Pipeline\Pipeline->Illuminate\Pipeline\{closure}(Object(Illuminate\Http\Request))
#27 C:\xampp\htdocs\public_html\vendor\laravel\framework\src\Illuminate\Foundation\Http\Middleware\TransformsRequest.php(59): Illuminate\Routing\Pipeline->Illuminate\Routing\{closure}(Object(Illuminate\Http\Request))
#28 C:\xampp\htdocs\public_html\vendor\laravel\framework\src\Illuminate\Pipeline\Pipeline.php(295): Illuminate\Foundation\Http\Middleware\TransformsRequest->handle(Object(Illuminate\Http\Request), Object(Closure))
#29 C:\xampp\htdocs\public_html\vendor\laravel\framework\src\Illuminate\Routing\Pipeline.php(105): Illuminate\Pipeline\Pipeline->Illuminate\Pipeline\{closure}(Object(Illuminate\Http\Request))
#30 C:\xampp\htdocs\public_html\vendor\laravel\framework\src\Illuminate\Foundation\Http\Middleware\ValidatePostSize.php(53): Illuminate\Routing\Pipeline->Illuminate\Routing\{closure}(Object(Illuminate\Http\Request))
#31 C:\xampp\htdocs\public_html\vendor\laravel\framework\src\Illuminate\Pipeline\Pipeline.php(295): Illuminate\Foundation\Http\Middleware\ValidatePostSize->handle(Object(Illuminate\Http\Request), Object(Closure))
#32 C:\xampp\htdocs\public_html\vendor\laravel\framework\src\Illuminate\Routing\Pipeline.php(105): Illuminate\Pipeline\Pipeline->Illuminate\Pipeline\{closure}(Object(Illuminate\Http\Request))
#33 C:\xampp\htdocs\public_html\vendor\laravel\framework\src\Illuminate\Foundation\Http\Middleware\CheckForMaintenanceMode.php(91): Illuminate\Routing\Pipeline->Illuminate\Routing\{closure}(Object(Illuminate\Http\Request))
#34 C:\xampp\htdocs\public_html\vendor\laravel\framework\src\Illuminate\Pipeline\Pipeline.php(295): Illuminate\Foundation\Http\Middleware\CheckForMaintenanceMode->handle(Object(Illuminate\Http\Request), Object(Closure))
#35 C:\xampp\htdocs\public_html\vendor\laravel\framework\src\Illuminate\Routing\Pipeline.php(105): Illuminate\Pipeline\Pipeline->Illuminate\Pipeline\{closure}(Object(Illuminate\Http\Request))
#36 C:\xampp\htdocs\public_html\vendor\laravel\framework\src\Illuminate\Pipeline\Pipeline.php(203): Illuminate\Routing\Pipeline->Illuminate\Routing\{closure}(Object(Illuminate\Http\Request))
#37 C:\xampp\htdocs\public_html\vendor\laravel\framework\src\Illuminate\Foundation\Http\Kernel.php(301): Illuminate\Pipeline\Pipeline->then(Object(Closure))
#38 C:\xampp\htdocs\public_html\vendor\laravel\framework\src\Illuminate\Foundation\Http\Kernel.php(231): Illuminate\Foundation\Http\Kernel->sendRequestThroughRouter(Object(Illuminate\Http\Request))
#39 C:\xampp\htdocs\public_html\index.php(53): Illuminate\Foundation\Http\Kernel->handle(Object(Illuminate\Http\Request))
#40 {main}

Next ErrorException: View [templates.layout.header] not found. (View: C:\xampp\htdocs\public_html\resources\views\index.blade.php) in C:\xampp\htdocs\public_html\vendor\laravel\framework\src\Illuminate\View\FileViewFinder.php:273
Stack trace:
#0 C:\xampp\htdocs\public_html\vendor\laravel\framework\src\Illuminate\View\Engines\PhpEngine.php(87): Illuminate\View\Engines\CompilerEngine->handleViewException(Object(InvalidArgumentException), 2)
#1 C:\xampp\htdocs\public_html\vendor\laravel\framework\src\Illuminate\View\Engines\CompilerEngine.php(117): Illuminate\View\Engines\PhpEngine->evaluatePath('C:\\xampp\\htdocs...', Array)
#2 C:\xampp\htdocs\public_html\vendor\laravel\framework\src\Illuminate\View\View.php(273): Illuminate\View\Engines\CompilerEngine->get('C:\\xampp\\htdocs...', Array)
#3 C:\xampp\htdocs\public_html\vendor\laravel\framework\src\Illuminate\View\View.php(239): Illuminate\View\View->getContents()
#4 C:\xampp\htdocs\public_html\vendor\laravel\framework\src\Illuminate\View\View.php(169): Illuminate\View\View->renderContents()
#5 C:\xampp\htdocs\public_html\storage\framework\views\102884f5119b573a4e2a3c93e98997c724cd3690.php(35): Illuminate\View\View->render()
#6 C:\xampp\htdocs\public_html\vendor\laravel\framework\src\Illuminate\View\Engines\PhpEngine.php(83): include('C:\\xampp\\htdocs...')
#7 C:\xampp\htdocs\public_html\vendor\laravel\framework\src\Illuminate\View\Engines\CompilerEngine.php(117): Illuminate\View\Engines\PhpEngine->evaluatePath('C:\\xampp\\htdocs...', Array)
#8 C:\xampp\htdocs\public_html\vendor\laravel\framework\src\Illuminate\View\View.php(273): Illuminate\View\Engines\CompilerEngine->get('C:\\xampp\\htdocs...', Array)
#9 C:\xampp\htdocs\public_html\vendor\laravel\framework\src\Illuminate\View\View.php(239): Illuminate\View\View->getContents()
#10 C:\xampp\htdocs\public_html\vendor\laravel\framework\src\Illuminate\View\View.php(169): Illuminate\View\View->renderContents()
#11 C:\xampp\htdocs\public_html\vendor\laravel\framework\src\Illuminate\Http\Response.php(75): Illuminate\View\View->render()
#12 C:\xampp\htdocs\public_html\vendor\symfony\http-foundation\Response.php(401): Illuminate\Http\Response->setContent(Object(Illuminate\View\View))
#13 C:\xampp\htdocs\public_html\vendor\laravel\framework\src\Illuminate\Routing\ResponseFactory.php(109): Symfony\Component\HttpFoundation\Response->__construct(Object(Illuminate\View\View), 404, Array)
#14 C:\xampp\htdocs\public_html\vendor\laravel\framework\src\Illuminate\Routing\ResponseFactory.php(137): Illuminate\Routing\ResponseFactory->make(Object(Illuminate\View\View), 404, Array)
#15 C:\xampp\htdocs\public_html\vendor\laravel\framework\src\Illuminate\Foundation\Exceptions\Handler.php(389): Illuminate\Routing\ResponseFactory->view('errors::404', Array, 404, Array)
#16 C:\xampp\htdocs\public_html\vendor\laravel\framework\src\Illuminate\Foundation\Exceptions\Handler.php(345): Illuminate\Foundation\Exceptions\Handler->renderHttpException(Object(Symfony\Component\HttpKernel\Exception\NotFoundHttpException))
#17 C:\xampp\htdocs\public_html\vendor\laravel\framework\src\Illuminate\Foundation\Exceptions\Handler.php(237): Illuminate\Foundation\Exceptions\Handler->prepareResponse(Object(Illuminate\Http\Request), Object(Symfony\Component\HttpKernel\Exception\NotFoundHttpException))
#18 C:\xampp\htdocs\public_html\app\Exceptions\Handler.php(139): Illuminate\Foundation\Exceptions\Handler->render(Object(Illuminate\Http\Request), Object(Symfony\Component\HttpKernel\Exception\NotFoundHttpException))
#19 C:\xampp\htdocs\public_html\vendor\laravel\framework\src\Illuminate\Routing\Pipeline.php(163): App\Exceptions\Handler->render(Object(Illuminate\Http\Request), Object(Symfony\Component\HttpKernel\Exception\NotFoundHttpException))
#20 C:\xampp\htdocs\public_html\vendor\laravel\framework\src\Illuminate\Routing\Pipeline.php(63): Illuminate\Routing\Pipeline->handleException(Object(Illuminate\Http\Request), Object(Symfony\Component\HttpKernel\Exception\NotFoundHttpException))
#21 C:\xampp\htdocs\public_html\vendor\laravel\framework\src\Illuminate\Foundation\Http\Middleware\TransformsRequest.php(59): Illuminate\Routing\Pipeline->Illuminate\Routing\{closure}(Object(Illuminate\Http\Request))
#22 C:\xampp\htdocs\public_html\vendor\laravel\framework\src\Illuminate\Pipeline\Pipeline.php(295): Illuminate\Foundation\Http\Middleware\TransformsRequest->handle(Object(Illuminate\Http\Request), Object(Closure))
#23 C:\xampp\htdocs\public_html\vendor\laravel\framework\src\Illuminate\Routing\Pipeline.php(105): Illuminate\Pipeline\Pipeline->Illuminate\Pipeline\{closure}(Object(Illuminate\Http\Request))
#24 C:\xampp\htdocs\public_html\vendor\laravel\framework\src\Illuminate\Foundation\Http\Middleware\TransformsRequest.php(59): Illuminate\Routing\Pipeline->Illuminate\Routing\{closure}(Object(Illuminate\Http\Request))
#25 C:\xampp\htdocs\public_html\vendor\laravel\framework\src\Illuminate\Pipeline\Pipeline.php(295): Illuminate\Foundation\Http\Middleware\TransformsRequest->handle(Object(Illuminate\Http\Request), Object(Closure))
#26 C:\xampp\htdocs\public_html\vendor\laravel\framework\src\Illuminate\Routing\Pipeline.php(105): Illuminate\Pipeline\Pipeline->Illuminate\Pipeline\{closure}(Object(Illuminate\Http\Request))
#27 C:\xampp\htdocs\public_html\vendor\laravel\framework\src\Illuminate\Foundation\Http\Middleware\ValidatePostSize.php(53): Illuminate\Routing\Pipeline->Illuminate\Routing\{closure}(Object(Illuminate\Http\Request))
#28 C:\xampp\htdocs\public_html\vendor\laravel\framework\src\Illuminate\Pipeline\Pipeline.php(295): Illuminate\Foundation\Http\Middleware\ValidatePostSize->handle(Object(Illuminate\Http\Request), Object(Closure))
#29 C:\xampp\htdocs\public_html\vendor\laravel\framework\src\Illuminate\Routing\Pipeline.php(105): Illuminate\Pipeline\Pipeline->Illuminate\Pipeline\{closure}(Object(Illuminate\Http\Request))
#30 C:\xampp\htdocs\public_html\vendor\laravel\framework\src\Illuminate\Foundation\Http\Middleware\CheckForMaintenanceMode.php(91): Illuminate\Routing\Pipeline->Illuminate\Routing\{closure}(Object(Illuminate\Http\Request))
#31 C:\xampp\htdocs\public_html\vendor\laravel\framework\src\Illuminate\Pipeline\Pipeline.php(295): Illuminate\Foundation\Http\Middleware\CheckForMaintenanceMode->handle(Object(Illuminate\Http\Request), Object(Closure))
#32 C:\xampp\htdocs\public_html\vendor\laravel\framework\src\Illuminate\Routing\Pipeline.php(105): Illuminate\Pipeline\Pipeline->Illuminate\Pipeline\{closure}(Object(Illuminate\Http\Request))
#33 C:\xampp\htdocs\public_html\vendor\laravel\framework\src\Illuminate\Pipeline\Pipeline.php(203): Illuminate\Routing\Pipeline->Illuminate\Routing\{closure}(Object(Illuminate\Http\Request))
#34 C:\xampp\htdocs\public_html\vendor\laravel\framework\src\Illuminate\Foundation\Http\Kernel.php(301): Illuminate\Pipeline\Pipeline->then(Object(Closure))
#35 C:\xampp\htdocs\public_html\vendor\laravel\framework\src\Illuminate\Foundation\Http\Kernel.php(231): Illuminate\Foundation\Http\Kernel->sendRequestThroughRouter(Object(Illuminate\Http\Request))
#36 C:\xampp\htdocs\public_html\index.php(53): Illuminate\Foundation\Http\Kernel->handle(Object(Illuminate\Http\Request))
#37 {main}

Next ErrorException: View [templates.layout.header] not found. (View: C:\xampp\htdocs\public_html\resources\views\index.blade.php) (View: C:\xampp\htdocs\public_html\resources\views\index.blade.php) in C:\xampp\htdocs\public_html\vendor\laravel\framework\src\Illuminate\View\FileViewFinder.php:273
Stack trace:
#0 C:\xampp\htdocs\public_html\vendor\laravel\framework\src\Illuminate\View\Engines\PhpEngine.php(87): Illuminate\View\Engines\CompilerEngine->handleViewException(Object(ErrorException), 1)
#1 C:\xampp\htdocs\public_html\vendor\laravel\framework\src\Illuminate\View\Engines\CompilerEngine.php(117): Illuminate\View\Engines\PhpEngine->evaluatePath('C:\\xampp\\htdocs...', Array)
#2 C:\xampp\htdocs\public_html\vendor\laravel\framework\src\Illuminate\View\View.php(273): Illuminate\View\Engines\CompilerEngine->get('C:\\xampp\\htdocs...', Array)
#3 C:\xampp\htdocs\public_html\vendor\laravel\framework\src\Illuminate\View\View.php(239): Illuminate\View\View->getContents()
#4 C:\xampp\htdocs\public_html\vendor\laravel\framework\src\Illuminate\View\View.php(169): Illuminate\View\View->renderContents()
#5 C:\xampp\htdocs\public_html\vendor\laravel\framework\src\Illuminate\Http\Response.php(75): Illuminate\View\View->render()
#6 C:\xampp\htdocs\public_html\vendor\symfony\http-foundation\Response.php(401): Illuminate\Http\Response->setContent(Object(Illuminate\View\View))
#7 C:\xampp\htdocs\public_html\vendor\laravel\framework\src\Illuminate\Routing\ResponseFactory.php(109): Symfony\Component\HttpFoundation\Response->__construct(Object(Illuminate\View\View), 404, Array)
#8 C:\xampp\htdocs\public_html\vendor\laravel\framework\src\Illuminate\Routing\ResponseFactory.php(137): Illuminate\Routing\ResponseFactory->make(Object(Illuminate\View\View), 404, Array)
#9 C:\xampp\htdocs\public_html\vendor\laravel\framework\src\Illuminate\Foundation\Exceptions\Handler.php(389): Illuminate\Routing\ResponseFactory->view('errors::404', Array, 404, Array)
#10 C:\xampp\htdocs\public_html\vendor\laravel\framework\src\Illuminate\Foundation\Exceptions\Handler.php(345): Illuminate\Foundation\Exceptions\Handler->renderHttpException(Object(Symfony\Component\HttpKernel\Exception\NotFoundHttpException))
#11 C:\xampp\htdocs\public_html\vendor\laravel\framework\src\Illuminate\Foundation\Exceptions\Handler.php(237): Illuminate\Foundation\Exceptions\Handler->prepareResponse(Object(Illuminate\Http\Request), Object(Symfony\Component\HttpKernel\Exception\NotFoundHttpException))
#12 C:\xampp\htdocs\public_html\app\Exceptions\Handler.php(139): Illuminate\Foundation\Exceptions\Handler->render(Object(Illuminate\Http\Request), Object(Symfony\Component\HttpKernel\Exception\NotFoundHttpException))
#13 C:\xampp\htdocs\public_html\vendor\laravel\framework\src\Illuminate\Routing\Pipeline.php(163): App\Exceptions\Handler->render(Object(Illuminate\Http\Request), Object(Symfony\Component\HttpKernel\Exception\NotFoundHttpException))
#14 C:\xampp\htdocs\public_html\vendor\laravel\framework\src\Illuminate\Routing\Pipeline.php(63): Illuminate\Routing\Pipeline->handleException(Object(Illuminate\Http\Request), Object(Symfony\Component\HttpKernel\Exception\NotFoundHttpException))
#15 C:\xampp\htdocs\public_html\vendor\laravel\framework\src\Illuminate\Foundation\Http\Middleware\TransformsRequest.php(59): Illuminate\Routing\Pipeline->Illuminate\Routing\{closure}(Object(Illuminate\Http\Request))
#16 C:\xampp\htdocs\public_html\vendor\laravel\framework\src\Illuminate\Pipeline\Pipeline.php(295): Illuminate\Foundation\Http\Middleware\TransformsRequest->handle(Object(Illuminate\Http\Request), Object(Closure))
#17 C:\xampp\htdocs\public_html\vendor\laravel\framework\src\Illuminate\Routing\Pipeline.php(105): Illuminate\Pipeline\Pipeline->Illuminate\Pipeline\{closure}(Object(Illuminate\Http\Request))
#18 C:\xampp\htdocs\public_html\vendor\laravel\framework\src\Illuminate\Foundation\Http\Middleware\TransformsRequest.php(59): Illuminate\Routing\Pipeline->Illuminate\Routing\{closure}(Object(Illuminate\Http\Request))
#19 C:\xampp\htdocs\public_html\vendor\laravel\framework\src\Illuminate\Pipeline\Pipeline.php(295): Illuminate\Foundation\Http\Middleware\TransformsRequest->handle(Object(Illuminate\Http\Request), Object(Closure))
#20 C:\xampp\htdocs\public_html\vendor\laravel\framework\src\Illuminate\Routing\Pipeline.php(105): Illuminate\Pipeline\Pipeline->Illuminate\Pipeline\{closure}(Object(Illuminate\Http\Request))
#21 C:\xampp\htdocs\public_html\vendor\laravel\framework\src\Illuminate\Foundation\Http\Middleware\ValidatePostSize.php(53): Illuminate\Routing\Pipeline->Illuminate\Routing\{closure}(Object(Illuminate\Http\Request))
#22 C:\xampp\htdocs\public_html\vendor\laravel\framework\src\Illuminate\Pipeline\Pipeline.php(295): Illuminate\Foundation\Http\Middleware\ValidatePostSize->handle(Object(Illuminate\Http\Request), Object(Closure))
#23 C:\xampp\htdocs\public_html\vendor\laravel\framework\src\Illuminate\Routing\Pipeline.php(105): Illuminate\Pipeline\Pipeline->Illuminate\Pipeline\{closure}(Object(Illuminate\Http\Request))
#24 C:\xampp\htdocs\public_html\vendor\laravel\framework\src\Illuminate\Foundation\Http\Middleware\CheckForMaintenanceMode.php(91): Illuminate\Routing\Pipeline->Illuminate\Routing\{closure}(Object(Illuminate\Http\Request))
#25 C:\xampp\htdocs\public_html\vendor\laravel\framework\src\Illuminate\Pipeline\Pipeline.php(295): Illuminate\Foundation\Http\Middleware\CheckForMaintenanceMode->handle(Object(Illuminate\Http\Request), Object(Closure))
#26 C:\xampp\htdocs\public_html\vendor\laravel\framework\src\Illuminate\Routing\Pipeline.php(105): Illuminate\Pipeline\Pipeline->Illuminate\Pipeline\{closure}(Object(Illuminate\Http\Request))
#27 C:\xampp\htdocs\public_html\vendor\laravel\framework\src\Illuminate\Pipeline\Pipeline.php(203): Illuminate\Routing\Pipeline->Illuminate\Routing\{closure}(Object(Illuminate\Http\Request))
#28 C:\xampp\htdocs\public_html\vendor\laravel\framework\src\Illuminate\Foundation\Http\Kernel.php(301): Illuminate\Pipeline\Pipeline->then(Object(Closure))
#29 C:\xampp\htdocs\public_html\vendor\laravel\framework\src\Illuminate\Foundation\Http\Kernel.php(231): Illuminate\Foundation\Http\Kernel->sendRequestThroughRouter(Object(Illuminate\Http\Request))
#30 C:\xampp\htdocs\public_html\index.php(53): Illuminate\Foundation\Http\Kernel->handle(Object(Illuminate\Http\Request))
#31 {main}  
