[2021-01-06 04:07:31] local.ERROR: Symfony\Component\Debug\Exception\FatalThrowableError: Call to a member function toArray() on null in /home/thuanan/domains/thuanandmc.vn/public_html/app/Http/Controllers/IndexController.php:3207
Stack trace:
#0 [internal function]: App\Http\Controllers\IndexController->getProductDetail('le-thanh-nhan-d...', '52')
#1 /home/thuanan/domains/thuanandmc.vn/public_html/vendor/laravel/framework/src/Illuminate/Routing/Controller.php(109): call_user_func_array(Array, Array)
#2 /home/thuanan/domains/thuanandmc.vn/public_html/vendor/laravel/framework/src/Illuminate/Routing/ControllerDispatcher.php(87): Illuminate\Routing\Controller->callAction('getProductDetai...', Array)
#3 /home/thuanan/domains/thuanandmc.vn/public_html/vendor/laravel/framework/src/Illuminate/Routing/Route.php(405): Illuminate\Routing\ControllerDispatcher->dispatch(Object(Illuminate\Routing\Route), Object(App\Http\Controllers\IndexController), 'getProductDetai...')
#4 /home/thuanan/domains/thuanandmc.vn/public_html/vendor/laravel/framework/src/Illuminate/Routing/Route.php(319): Illuminate\Routing\Route->runController()
#5 /home/thuanan/domains/thuanandmc.vn/public_html/vendor/laravel/framework/src/Illuminate/Routing/Router.php(1143): Illuminate\Routing\Route->run()
#6 /home/thuanan/domains/thuanandmc.vn/public_html/vendor/laravel/framework/src/Illuminate/Routing/Pipeline.php(59): Illuminate\Routing\Router->Illuminate\Routing\{closure}(Object(Illuminate\Http\Request))
#7 /home/thuanan/domains/thuanandmc.vn/public_html/vendor/laravel/framework/src/Illuminate/Routing/Middleware/SubstituteBindings.php(81): Illuminate\Routing\Pipeline->Illuminate\Routing\{closure}(Object(Illuminate\Http\Request))
#8 /home/thuanan/domains/thuanandmc.vn/public_html/vendor/laravel/framework/src/Illuminate/Pipeline/Pipeline.php(295): Illuminate\Routing\Middleware\SubstituteBindings->handle(Object(Illuminate\Http\Request), Object(Closure))
#9 /home/thuanan/domains/thuanandmc.vn/public_html/vendor/laravel/framework/src/Illuminate/Routing/Pipeline.php(105): Illuminate\Pipeline\Pipeline->Illuminate\Pipeline\{closure}(Object(Illuminate\Http\Request))
#10 /home/thuanan/domains/thuanandmc.vn/public_html/vendor/laravel/framework/src/Illuminate/Foundation/Http/Middleware/VerifyCsrfToken.php(129): Illuminate\Routing\Pipeline->Illuminate\Routing\{closure}(Object(Illuminate\Http\Request))
#11 /home/thuanan/domains/thuanandmc.vn/public_html/vendor/laravel/framework/src/Illuminate/Pipeline/Pipeline.php(295): Illuminate\Foundation\Http\Middleware\VerifyCsrfToken->handle(Object(Illuminate\Http\Request), Object(Closure))
#12 /home/thuanan/domains/thuanandmc.vn/public_html/vendor/laravel/framework/src/Illuminate/Routing/Pipeline.php(105): Illuminate\Pipeline\Pipeline->Illuminate\Pipeline\{closure}(Object(Illuminate\Http\Request))
#13 /home/thuanan/domains/thuanandmc.vn/public_html/vendor/laravel/framework/src/Illuminate/View/Middleware/ShareErrorsFromSession.php(97): Illuminate\Routing\Pipeline->Illuminate\Routing\{closure}(Object(Illuminate\Http\Request))
#14 /home/thuanan/domains/thuanandmc.vn/public_html/vendor/laravel/framework/src/Illuminate/Pipeline/Pipeline.php(295): Illuminate\View\Middleware\ShareErrorsFromSession->handle(Object(Illuminate\Http\Request), Object(Closure))
#15 /home/thuanan/domains/thuanandmc.vn/public_html/vendor/laravel/framework/src/Illuminate/Routing/Pipeline.php(105): Illuminate\Pipeline\Pipeline->Illuminate\Pipeline\{closure}(Object(Illuminate\Http\Request))
#16 /home/thuanan/domains/thuanandmc.vn/public_html/vendor/laravel/framework/src/Illuminate/Session/Middleware/StartSession.php(127): Illuminate\Routing\Pipeline->Illuminate\Routing\{closure}(Object(Illuminate\Http\Request))
#17 /home/thuanan/domains/thuanandmc.vn/public_html/vendor/laravel/framework/src/Illuminate/Pipeline/Pipeline.php(295): Illuminate\Session\Middleware\StartSession->handle(Object(Illuminate\Http\Request), Object(Closure))
#18 /home/thuanan/domains/thuanandmc.vn/public_html/vendor/laravel/framework/src/Illuminate/Routing/Pipeline.php(105): Illuminate\Pipeline\Pipeline->Illuminate\Pipeline\{closure}(Object(Illuminate\Http\Request))
#19 /home/thuanan/domains/thuanandmc.vn/public_html/vendor/laravel/framework/src/Illuminate/Cookie/Middleware/AddQueuedCookiesToResponse.php(73): Illuminate\Routing\Pipeline->Illuminate\Routing\{closure}(Object(Illuminate\Http\Request))
#20 /home/thuanan/domains/thuanandmc.vn/public_html/vendor/laravel/framework/src/Illuminate/Pipeline/Pipeline.php(295): Illuminate\Cookie\Middleware\AddQueuedCookiesToResponse->handle(Object(Illuminate\Http\Request), Object(Closure))
#21 /home/thuanan/domains/thuanandmc.vn/public_html/vendor/laravel/framework/src/Illuminate/Routing/Pipeline.php(105): Illuminate\Pipeline\Pipeline->Illuminate\Pipeline\{closure}(Object(Illuminate\Http\Request))
#22 /home/thuanan/domains/thuanandmc.vn/public_html/vendor/laravel/framework/src/Illuminate/Cookie/Middleware/EncryptCookies.php(117): Illuminate\Routing\Pipeline->Illuminate\Routing\{closure}(Object(Illuminate\Http\Request))
#23 /home/thuanan/domains/thuanandmc.vn/public_html/vendor/laravel/framework/src/Illuminate/Pipeline/Pipeline.php(295): Illuminate\Cookie\Middleware\EncryptCookies->handle(Object(Illuminate\Http\Request), Object(Closure))
#24 /home/thuanan/domains/thuanandmc.vn/public_html/vendor/laravel/framework/src/Illuminate/Routing/Pipeline.php(105): Illuminate\Pipeline\Pipeline->Illuminate\Pipeline\{closure}(Object(Illuminate\Http\Request))
#25 /home/thuanan/domains/thuanandmc.vn/public_html/vendor/laravel/framework/src/Illuminate/Pipeline/Pipeline.php(203): Illuminate\Routing\Pipeline->Illuminate\Routing\{closure}(Object(Illuminate\Http\Request))
#26 /home/thuanan/domains/thuanandmc.vn/public_html/vendor/laravel/framework/src/Illuminate/Routing/Router.php(1147): Illuminate\Pipeline\Pipeline->then(Object(Closure))
#27 /home/thuanan/domains/thuanandmc.vn/public_html/vendor/laravel/framework/src/Illuminate/Routing/Router.php(1065): Illuminate\Routing\Router->runRouteWithinStack(Object(Illuminate\Routing\Route), Object(Illuminate\Http\Request))
#28 /home/thuanan/domains/thuanandmc.vn/public_html/vendor/laravel/framework/src/Illuminate/Routing/Router.php(1021): Illuminate\Routing\Router->dispatchToRoute(Object(Illuminate\Http\Request))
#29 /home/thuanan/domains/thuanandmc.vn/public_html/vendor/laravel/framework/src/Illuminate/Foundation/Http/Kernel.php(351): Illuminate\Routing\Router->dispatch(Object(Illuminate\Http\Request))
#30 /home/thuanan/domains/thuanandmc.vn/public_html/vendor/laravel/framework/src/Illuminate/Routing/Pipeline.php(59): Illuminate\Foundation\Http\Kernel->Illuminate\Foundation\Http\{closure}(Object(Illuminate\Http\Request))
#31 /home/thuanan/domains/thuanandmc.vn/public_html/vendor/laravel/framework/src/Illuminate/Foundation/Http/Middleware/TransformsRequest.php(59): Illuminate\Routing\Pipeline->Illuminate\Routing\{closure}(Object(Illuminate\Http\Request))
#32 /home/thuanan/domains/thuanandmc.vn/public_html/vendor/laravel/framework/src/Illuminate/Pipeline/Pipeline.php(295): Illuminate\Foundation\Http\Middleware\TransformsRequest->handle(Object(Illuminate\Http\Request), Object(Closure))
#33 /home/thuanan/domains/thuanandmc.vn/public_html/vendor/laravel/framework/src/Illuminate/Routing/Pipeline.php(105): Illuminate\Pipeline\Pipeline->Illuminate\Pipeline\{closure}(Object(Illuminate\Http\Request))
#34 /home/thuanan/domains/thuanandmc.vn/public_html/vendor/laravel/framework/src/Illuminate/Foundation/Http/Middleware/TransformsRequest.php(59): Illuminate\Routing\Pipeline->Illuminate\Routing\{closure}(Object(Illuminate\Http\Request))
#35 /home/thuanan/domains/thuanandmc.vn/public_html/vendor/laravel/framework/src/Illuminate/Pipeline/Pipeline.php(295): Illuminate\Foundation\Http\Middleware\TransformsRequest->handle(Object(Illuminate\Http\Request), Object(Closure))
#36 /home/thuanan/domains/thuanandmc.vn/public_html/vendor/laravel/framework/src/Illuminate/Routing/Pipeline.php(105): Illuminate\Pipeline\Pipeline->Illuminate\Pipeline\{closure}(Object(Illuminate\Http\Request))
#37 /home/thuanan/domains/thuanandmc.vn/public_html/vendor/laravel/framework/src/Illuminate/Foundation/Http/Middleware/ValidatePostSize.php(53): Illuminate\Routing\Pipeline->Illuminate\Routing\{closure}(Object(Illuminate\Http\Request))
#38 /home/thuanan/domains/thuanandmc.vn/public_html/vendor/laravel/framework/src/Illuminate/Pipeline/Pipeline.php(295): Illuminate\Foundation\Http\Middleware\ValidatePostSize->handle(Object(Illuminate\Http\Request), Object(Closure))
#39 /home/thuanan/domains/thuanandmc.vn/public_html/vendor/laravel/framework/src/Illuminate/Routing/Pipeline.php(105): Illuminate\Pipeline\Pipeline->Illuminate\Pipeline\{closure}(Object(Illuminate\Http\Request))
#40 /home/thuanan/domains/thuanandmc.vn/public_html/vendor/laravel/framework/src/Illuminate/Foundation/Http/Middleware/CheckForMaintenanceMode.php(91): Illuminate\Routing\Pipeline->Illuminate\Routing\{closure}(Object(Illuminate\Http\Request))
#41 /home/thuanan/domains/thuanandmc.vn/public_html/vendor/laravel/framework/src/Illuminate/Pipeline/Pipeline.php(295): Illuminate\Foundation\Http\Middleware\CheckForMaintenanceMode->handle(Object(Illuminate\Http\Request), Object(Closure))
#42 /home/thuanan/domains/thuanandmc.vn/public_html/vendor/laravel/framework/src/Illuminate/Routing/Pipeline.php(105): Illuminate\Pipeline\Pipeline->Illuminate\Pipeline\{closure}(Object(Illuminate\Http\Request))
#43 /home/thuanan/domains/thuanandmc.vn/public_html/vendor/laravel/framework/src/Illuminate/Pipeline/Pipeline.php(203): Illuminate\Routing\Pipeline->Illuminate\Routing\{closure}(Object(Illuminate\Http\Request))
#44 /home/thuanan/domains/thuanandmc.vn/public_html/vendor/laravel/framework/src/Illuminate/Foundation/Http/Kernel.php(301): Illuminate\Pipeline\Pipeline->then(Object(Closure))
#45 /home/thuanan/domains/thuanandmc.vn/public_html/vendor/laravel/framework/src/Illuminate/Foundation/Http/Kernel.php(231): Illuminate\Foundation\Http\Kernel->sendRequestThroughRouter(Object(Illuminate\Http\Request))
#46 /home/thuanan/domains/thuanandmc.vn/public_html/index.php(53): Illuminate\Foundation\Http\Kernel->handle(Object(Illuminate\Http\Request))
#47 {main}  
[2021-01-06 15:14:31] local.ERROR: Symfony\Component\Debug\Exception\FatalThrowableError: Call to a member function toArray() on null in /home/thuanan/domains/thuanandmc.vn/public_html/app/Http/Controllers/IndexController.php:3207
Stack trace:
#0 [internal function]: App\Http\Controllers\IndexController->getProductDetail('le-thanh-nhan-d...', '53')
#1 /home/thuanan/domains/thuanandmc.vn/public_html/vendor/laravel/framework/src/Illuminate/Routing/Controller.php(109): call_user_func_array(Array, Array)
#2 /home/thuanan/domains/thuanandmc.vn/public_html/vendor/laravel/framework/src/Illuminate/Routing/ControllerDispatcher.php(87): Illuminate\Routing\Controller->callAction('getProductDetai...', Array)
#3 /home/thuanan/domains/thuanandmc.vn/public_html/vendor/laravel/framework/src/Illuminate/Routing/Route.php(405): Illuminate\Routing\ControllerDispatcher->dispatch(Object(Illuminate\Routing\Route), Object(App\Http\Controllers\IndexController), 'getProductDetai...')
#4 /home/thuanan/domains/thuanandmc.vn/public_html/vendor/laravel/framework/src/Illuminate/Routing/Route.php(319): Illuminate\Routing\Route->runController()
#5 /home/thuanan/domains/thuanandmc.vn/public_html/vendor/laravel/framework/src/Illuminate/Routing/Router.php(1143): Illuminate\Routing\Route->run()
#6 /home/thuanan/domains/thuanandmc.vn/public_html/vendor/laravel/framework/src/Illuminate/Routing/Pipeline.php(59): Illuminate\Routing\Router->Illuminate\Routing\{closure}(Object(Illuminate\Http\Request))
#7 /home/thuanan/domains/thuanandmc.vn/public_html/vendor/laravel/framework/src/Illuminate/Routing/Middleware/SubstituteBindings.php(81): Illuminate\Routing\Pipeline->Illuminate\Routing\{closure}(Object(Illuminate\Http\Request))
#8 /home/thuanan/domains/thuanandmc.vn/public_html/vendor/laravel/framework/src/Illuminate/Pipeline/Pipeline.php(295): Illuminate\Routing\Middleware\SubstituteBindings->handle(Object(Illuminate\Http\Request), Object(Closure))
#9 /home/thuanan/domains/thuanandmc.vn/public_html/vendor/laravel/framework/src/Illuminate/Routing/Pipeline.php(105): Illuminate\Pipeline\Pipeline->Illuminate\Pipeline\{closure}(Object(Illuminate\Http\Request))
#10 /home/thuanan/domains/thuanandmc.vn/public_html/vendor/laravel/framework/src/Illuminate/Foundation/Http/Middleware/VerifyCsrfToken.php(129): Illuminate\Routing\Pipeline->Illuminate\Routing\{closure}(Object(Illuminate\Http\Request))
#11 /home/thuanan/domains/thuanandmc.vn/public_html/vendor/laravel/framework/src/Illuminate/Pipeline/Pipeline.php(295): Illuminate\Foundation\Http\Middleware\VerifyCsrfToken->handle(Object(Illuminate\Http\Request), Object(Closure))
#12 /home/thuanan/domains/thuanandmc.vn/public_html/vendor/laravel/framework/src/Illuminate/Routing/Pipeline.php(105): Illuminate\Pipeline\Pipeline->Illuminate\Pipeline\{closure}(Object(Illuminate\Http\Request))
#13 /home/thuanan/domains/thuanandmc.vn/public_html/vendor/laravel/framework/src/Illuminate/View/Middleware/ShareErrorsFromSession.php(97): Illuminate\Routing\Pipeline->Illuminate\Routing\{closure}(Object(Illuminate\Http\Request))
#14 /home/thuanan/domains/thuanandmc.vn/public_html/vendor/laravel/framework/src/Illuminate/Pipeline/Pipeline.php(295): Illuminate\View\Middleware\ShareErrorsFromSession->handle(Object(Illuminate\Http\Request), Object(Closure))
#15 /home/thuanan/domains/thuanandmc.vn/public_html/vendor/laravel/framework/src/Illuminate/Routing/Pipeline.php(105): Illuminate\Pipeline\Pipeline->Illuminate\Pipeline\{closure}(Object(Illuminate\Http\Request))
#16 /home/thuanan/domains/thuanandmc.vn/public_html/vendor/laravel/framework/src/Illuminate/Session/Middleware/StartSession.php(127): Illuminate\Routing\Pipeline->Illuminate\Routing\{closure}(Object(Illuminate\Http\Request))
#17 /home/thuanan/domains/thuanandmc.vn/public_html/vendor/laravel/framework/src/Illuminate/Pipeline/Pipeline.php(295): Illuminate\Session\Middleware\StartSession->handle(Object(Illuminate\Http\Request), Object(Closure))
#18 /home/thuanan/domains/thuanandmc.vn/public_html/vendor/laravel/framework/src/Illuminate/Routing/Pipeline.php(105): Illuminate\Pipeline\Pipeline->Illuminate\Pipeline\{closure}(Object(Illuminate\Http\Request))
#19 /home/thuanan/domains/thuanandmc.vn/public_html/vendor/laravel/framework/src/Illuminate/Cookie/Middleware/AddQueuedCookiesToResponse.php(73): Illuminate\Routing\Pipeline->Illuminate\Routing\{closure}(Object(Illuminate\Http\Request))
#20 /home/thuanan/domains/thuanandmc.vn/public_html/vendor/laravel/framework/src/Illuminate/Pipeline/Pipeline.php(295): Illuminate\Cookie\Middleware\AddQueuedCookiesToResponse->handle(Object(Illuminate\Http\Request), Object(Closure))
#21 /home/thuanan/domains/thuanandmc.vn/public_html/vendor/laravel/framework/src/Illuminate/Routing/Pipeline.php(105): Illuminate\Pipeline\Pipeline->Illuminate\Pipeline\{closure}(Object(Illuminate\Http\Request))
#22 /home/thuanan/domains/thuanandmc.vn/public_html/vendor/laravel/framework/src/Illuminate/Cookie/Middleware/EncryptCookies.php(117): Illuminate\Routing\Pipeline->Illuminate\Routing\{closure}(Object(Illuminate\Http\Request))
#23 /home/thuanan/domains/thuanandmc.vn/public_html/vendor/laravel/framework/src/Illuminate/Pipeline/Pipeline.php(295): Illuminate\Cookie\Middleware\EncryptCookies->handle(Object(Illuminate\Http\Request), Object(Closure))
#24 /home/thuanan/domains/thuanandmc.vn/public_html/vendor/laravel/framework/src/Illuminate/Routing/Pipeline.php(105): Illuminate\Pipeline\Pipeline->Illuminate\Pipeline\{closure}(Object(Illuminate\Http\Request))
#25 /home/thuanan/domains/thuanandmc.vn/public_html/vendor/laravel/framework/src/Illuminate/Pipeline/Pipeline.php(203): Illuminate\Routing\Pipeline->Illuminate\Routing\{closure}(Object(Illuminate\Http\Request))
#26 /home/thuanan/domains/thuanandmc.vn/public_html/vendor/laravel/framework/src/Illuminate/Routing/Router.php(1147): Illuminate\Pipeline\Pipeline->then(Object(Closure))
#27 /home/thuanan/domains/thuanandmc.vn/public_html/vendor/laravel/framework/src/Illuminate/Routing/Router.php(1065): Illuminate\Routing\Router->runRouteWithinStack(Object(Illuminate\Routing\Route), Object(Illuminate\Http\Request))
#28 /home/thuanan/domains/thuanandmc.vn/public_html/vendor/laravel/framework/src/Illuminate/Routing/Router.php(1021): Illuminate\Routing\Router->dispatchToRoute(Object(Illuminate\Http\Request))
#29 /home/thuanan/domains/thuanandmc.vn/public_html/vendor/laravel/framework/src/Illuminate/Foundation/Http/Kernel.php(351): Illuminate\Routing\Router->dispatch(Object(Illuminate\Http\Request))
#30 /home/thuanan/domains/thuanandmc.vn/public_html/vendor/laravel/framework/src/Illuminate/Routing/Pipeline.php(59): Illuminate\Foundation\Http\Kernel->Illuminate\Foundation\Http\{closure}(Object(Illuminate\Http\Request))
#31 /home/thuanan/domains/thuanandmc.vn/public_html/vendor/laravel/framework/src/Illuminate/Foundation/Http/Middleware/TransformsRequest.php(59): Illuminate\Routing\Pipeline->Illuminate\Routing\{closure}(Object(Illuminate\Http\Request))
#32 /home/thuanan/domains/thuanandmc.vn/public_html/vendor/laravel/framework/src/Illuminate/Pipeline/Pipeline.php(295): Illuminate\Foundation\Http\Middleware\TransformsRequest->handle(Object(Illuminate\Http\Request), Object(Closure))
#33 /home/thuanan/domains/thuanandmc.vn/public_html/vendor/laravel/framework/src/Illuminate/Routing/Pipeline.php(105): Illuminate\Pipeline\Pipeline->Illuminate\Pipeline\{closure}(Object(Illuminate\Http\Request))
#34 /home/thuanan/domains/thuanandmc.vn/public_html/vendor/laravel/framework/src/Illuminate/Foundation/Http/Middleware/TransformsRequest.php(59): Illuminate\Routing\Pipeline->Illuminate\Routing\{closure}(Object(Illuminate\Http\Request))
#35 /home/thuanan/domains/thuanandmc.vn/public_html/vendor/laravel/framework/src/Illuminate/Pipeline/Pipeline.php(295): Illuminate\Foundation\Http\Middleware\TransformsRequest->handle(Object(Illuminate\Http\Request), Object(Closure))
#36 /home/thuanan/domains/thuanandmc.vn/public_html/vendor/laravel/framework/src/Illuminate/Routing/Pipeline.php(105): Illuminate\Pipeline\Pipeline->Illuminate\Pipeline\{closure}(Object(Illuminate\Http\Request))
#37 /home/thuanan/domains/thuanandmc.vn/public_html/vendor/laravel/framework/src/Illuminate/Foundation/Http/Middleware/ValidatePostSize.php(53): Illuminate\Routing\Pipeline->Illuminate\Routing\{closure}(Object(Illuminate\Http\Request))
#38 /home/thuanan/domains/thuanandmc.vn/public_html/vendor/laravel/framework/src/Illuminate/Pipeline/Pipeline.php(295): Illuminate\Foundation\Http\Middleware\ValidatePostSize->handle(Object(Illuminate\Http\Request), Object(Closure))
#39 /home/thuanan/domains/thuanandmc.vn/public_html/vendor/laravel/framework/src/Illuminate/Routing/Pipeline.php(105): Illuminate\Pipeline\Pipeline->Illuminate\Pipeline\{closure}(Object(Illuminate\Http\Request))
#40 /home/thuanan/domains/thuanandmc.vn/public_html/vendor/laravel/framework/src/Illuminate/Foundation/Http/Middleware/CheckForMaintenanceMode.php(91): Illuminate\Routing\Pipeline->Illuminate\Routing\{closure}(Object(Illuminate\Http\Request))
#41 /home/thuanan/domains/thuanandmc.vn/public_html/vendor/laravel/framework/src/Illuminate/Pipeline/Pipeline.php(295): Illuminate\Foundation\Http\Middleware\CheckForMaintenanceMode->handle(Object(Illuminate\Http\Request), Object(Closure))
#42 /home/thuanan/domains/thuanandmc.vn/public_html/vendor/laravel/framework/src/Illuminate/Routing/Pipeline.php(105): Illuminate\Pipeline\Pipeline->Illuminate\Pipeline\{closure}(Object(Illuminate\Http\Request))
#43 /home/thuanan/domains/thuanandmc.vn/public_html/vendor/laravel/framework/src/Illuminate/Pipeline/Pipeline.php(203): Illuminate\Routing\Pipeline->Illuminate\Routing\{closure}(Object(Illuminate\Http\Request))
#44 /home/thuanan/domains/thuanandmc.vn/public_html/vendor/laravel/framework/src/Illuminate/Foundation/Http/Kernel.php(301): Illuminate\Pipeline\Pipeline->then(Object(Closure))
#45 /home/thuanan/domains/thuanandmc.vn/public_html/vendor/laravel/framework/src/Illuminate/Foundation/Http/Kernel.php(231): Illuminate\Foundation\Http\Kernel->sendRequestThroughRouter(Object(Illuminate\Http\Request))
#46 /home/thuanan/domains/thuanandmc.vn/public_html/index.php(53): Illuminate\Foundation\Http\Kernel->handle(Object(Illuminate\Http\Request))
#47 {main}  
[2021-01-06 19:01:21] local.ERROR: PDOException: SQLSTATE[HY000]: General error: 1366 Incorrect string value: '\x92ve ev...' for column 'content' at row 1 in /home/thuanan/domains/thuanandmc.vn/public_html/vendor/laravel/framework/src/Illuminate/Database/Connection.php:897
Stack trace:
#0 /home/thuanan/domains/thuanandmc.vn/public_html/vendor/laravel/framework/src/Illuminate/Database/Connection.php(897): PDOStatement->execute()
#1 /home/thuanan/domains/thuanandmc.vn/public_html/vendor/laravel/framework/src/Illuminate/Database/Connection.php(1279): Illuminate\Database\Connection->Illuminate\Database\{closure}('insert into `co...', Array)
#2 /home/thuanan/domains/thuanandmc.vn/public_html/vendor/laravel/framework/src/Illuminate/Database/Connection.php(1213): Illuminate\Database\Connection->runQueryCallback('insert into `co...', Array, Object(Closure))
#3 /home/thuanan/domains/thuanandmc.vn/public_html/vendor/laravel/framework/src/Illuminate/Database/Connection.php(899): Illuminate\Database\Connection->run('insert into `co...', Array, Object(Closure))
#4 /home/thuanan/domains/thuanandmc.vn/public_html/vendor/laravel/framework/src/Illuminate/Database/Connection.php(807): Illuminate\Database\Connection->statement('insert into `co...', Array)
#5 /home/thuanan/domains/thuanandmc.vn/public_html/vendor/laravel/framework/src/Illuminate/Database/Query/Processors/Processor.php(63): Illuminate\Database\Connection->insert('insert into `co...', Array)
#6 /home/thuanan/domains/thuanandmc.vn/public_html/vendor/laravel/framework/src/Illuminate/Database/Query/Builder.php(4265): Illuminate\Database\Query\Processors\Processor->processInsertGetId(Object(Illuminate\Database\Query\Builder), 'insert into `co...', Array, 'id')
#7 /home/thuanan/domains/thuanandmc.vn/public_html/vendor/laravel/framework/src/Illuminate/Database/Eloquent/Builder.php(2501): Illuminate\Database\Query\Builder->insertGetId(Array, 'id')
#8 /home/thuanan/domains/thuanandmc.vn/public_html/vendor/laravel/framework/src/Illuminate/Database/Eloquent/Model.php(1375): Illuminate\Database\Eloquent\Builder->__call('insertGetId', Array)
#9 /home/thuanan/domains/thuanandmc.vn/public_html/vendor/laravel/framework/src/Illuminate/Database/Eloquent/Model.php(1305): Illuminate\Database\Eloquent\Model->insertAndSetId(Object(Illuminate\Database\Eloquent\Builder), Array)
#10 /home/thuanan/domains/thuanandmc.vn/public_html/vendor/laravel/framework/src/Illuminate/Database/Eloquent/Model.php(1043): Illuminate\Database\Eloquent\Model->performInsert(Object(Illuminate\Database\Eloquent\Builder))
#11 /home/thuanan/domains/thuanandmc.vn/public_html/app/Http/Controllers/IndexController.php(2461): Illuminate\Database\Eloquent\Model->save()
#12 [internal function]: App\Http\Controllers\IndexController->post_lienhe(Object(Illuminate\Http\Request))
#13 /home/thuanan/domains/thuanandmc.vn/public_html/vendor/laravel/framework/src/Illuminate/Routing/Controller.php(109): call_user_func_array(Array, Array)
#14 /home/thuanan/domains/thuanandmc.vn/public_html/vendor/laravel/framework/src/Illuminate/Routing/ControllerDispatcher.php(87): Illuminate\Routing\Controller->callAction('post_lienhe', Array)
#15 /home/thuanan/domains/thuanandmc.vn/public_html/vendor/laravel/framework/src/Illuminate/Routing/Route.php(405): Illuminate\Routing\ControllerDispatcher->dispatch(Object(Illuminate\Routing\Route), Object(App\Http\Controllers\IndexController), 'post_lienhe')
#16 /home/thuanan/domains/thuanandmc.vn/public_html/vendor/laravel/framework/src/Illuminate/Routing/Route.php(319): Illuminate\Routing\Route->runController()
#17 /home/thuanan/domains/thuanandmc.vn/public_html/vendor/laravel/framework/src/Illuminate/Routing/Router.php(1143): Illuminate\Routing\Route->run()
#18 /home/thuanan/domains/thuanandmc.vn/public_html/vendor/laravel/framework/src/Illuminate/Routing/Pipeline.php(59): Illuminate\Routing\Router->Illuminate\Routing\{closure}(Object(Illuminate\Http\Request))
#19 /home/thuanan/domains/thuanandmc.vn/public_html/vendor/laravel/framework/src/Illuminate/Routing/Middleware/SubstituteBindings.php(81): Illuminate\Routing\Pipeline->Illuminate\Routing\{closure}(Object(Illuminate\Http\Request))
#20 /home/thuanan/domains/thuanandmc.vn/public_html/vendor/laravel/framework/src/Illuminate/Pipeline/Pipeline.php(295): Illuminate\Routing\Middleware\SubstituteBindings->handle(Object(Illuminate\Http\Request), Object(Closure))
#21 /home/thuanan/domains/thuanandmc.vn/public_html/vendor/laravel/framework/src/Illuminate/Routing/Pipeline.php(105): Illuminate\Pipeline\Pipeline->Illuminate\Pipeline\{closure}(Object(Illuminate\Http\Request))
#22 /home/thuanan/domains/thuanandmc.vn/public_html/vendor/laravel/framework/src/Illuminate/Foundation/Http/Middleware/VerifyCsrfToken.php(129): Illuminate\Routing\Pipeline->Illuminate\Routing\{closure}(Object(Illuminate\Http\Request))
#23 /home/thuanan/domains/thuanandmc.vn/public_html/vendor/laravel/framework/src/Illuminate/Pipeline/Pipeline.php(295): Illuminate\Foundation\Http\Middleware\VerifyCsrfToken->handle(Object(Illuminate\Http\Request), Object(Closure))
#24 /home/thuanan/domains/thuanandmc.vn/public_html/vendor/laravel/framework/src/Illuminate/Routing/Pipeline.php(105): Illuminate\Pipeline\Pipeline->Illuminate\Pipeline\{closure}(Object(Illuminate\Http\Request))
#25 /home/thuanan/domains/thuanandmc.vn/public_html/vendor/laravel/framework/src/Illuminate/View/Middleware/ShareErrorsFromSession.php(97): Illuminate\Routing\Pipeline->Illuminate\Routing\{closure}(Object(Illuminate\Http\Request))
#26 /home/thuanan/domains/thuanandmc.vn/public_html/vendor/laravel/framework/src/Illuminate/Pipeline/Pipeline.php(295): Illuminate\View\Middleware\ShareErrorsFromSession->handle(Object(Illuminate\Http\Request), Object(Closure))
#27 /home/thuanan/domains/thuanandmc.vn/public_html/vendor/laravel/framework/src/Illuminate/Routing/Pipeline.php(105): Illuminate\Pipeline\Pipeline->Illuminate\Pipeline\{closure}(Object(Illuminate\Http\Request))
#28 /home/thuanan/domains/thuanandmc.vn/public_html/vendor/laravel/framework/src/Illuminate/Session/Middleware/StartSession.php(127): Illuminate\Routing\Pipeline->Illuminate\Routing\{closure}(Object(Illuminate\Http\Request))
#29 /home/thuanan/domains/thuanandmc.vn/public_html/vendor/laravel/framework/src/Illuminate/Pipeline/Pipeline.php(295): Illuminate\Session\Middleware\StartSession->handle(Object(Illuminate\Http\Request), Object(Closure))
#30 /home/thuanan/domains/thuanandmc.vn/public_html/vendor/laravel/framework/src/Illuminate/Routing/Pipeline.php(105): Illuminate\Pipeline\Pipeline->Illuminate\Pipeline\{closure}(Object(Illuminate\Http\Request))
#31 /home/thuanan/domains/thuanandmc.vn/public_html/vendor/laravel/framework/src/Illuminate/Cookie/Middleware/AddQueuedCookiesToResponse.php(73): Illuminate\Routing\Pipeline->Illuminate\Routing\{closure}(Object(Illuminate\Http\Request))
#32 /home/thuanan/domains/thuanandmc.vn/public_html/vendor/laravel/framework/src/Illuminate/Pipeline/Pipeline.php(295): Illuminate\Cookie\Middleware\AddQueuedCookiesToResponse->handle(Object(Illuminate\Http\Request), Object(Closure))
#33 /home/thuanan/domains/thuanandmc.vn/public_html/vendor/laravel/framework/src/Illuminate/Routing/Pipeline.php(105): Illuminate\Pipeline\Pipeline->Illuminate\Pipeline\{closure}(Object(Illuminate\Http\Request))
#34 /home/thuanan/domains/thuanandmc.vn/public_html/vendor/laravel/framework/src/Illuminate/Cookie/Middleware/EncryptCookies.php(117): Illuminate\Routing\Pipeline->Illuminate\Routing\{closure}(Object(Illuminate\Http\Request))
#35 /home/thuanan/domains/thuanandmc.vn/public_html/vendor/laravel/framework/src/Illuminate/Pipeline/Pipeline.php(295): Illuminate\Cookie\Middleware\EncryptCookies->handle(Object(Illuminate\Http\Request), Object(Closure))
#36 /home/thuanan/domains/thuanandmc.vn/public_html/vendor/laravel/framework/src/Illuminate/Routing/Pipeline.php(105): Illuminate\Pipeline\Pipeline->Illuminate\Pipeline\{closure}(Object(Illuminate\Http\Request))
#37 /home/thuanan/domains/thuanandmc.vn/public_html/vendor/laravel/framework/src/Illuminate/Pipeline/Pipeline.php(203): Illuminate\Routing\Pipeline->Illuminate\Routing\{closure}(Object(Illuminate\Http\Request))
#38 /home/thuanan/domains/thuanandmc.vn/public_html/vendor/laravel/framework/src/Illuminate/Routing/Router.php(1147): Illuminate\Pipeline\Pipeline->then(Object(Closure))
#39 /home/thuanan/domains/thuanandmc.vn/public_html/vendor/laravel/framework/src/Illuminate/Routing/Router.php(1065): Illuminate\Routing\Router->runRouteWithinStack(Object(Illuminate\Routing\Route), Object(Illuminate\Http\Request))
#40 /home/thuanan/domains/thuanandmc.vn/public_html/vendor/laravel/framework/src/Illuminate/Routing/Router.php(1021): Illuminate\Routing\Router->dispatchToRoute(Object(Illuminate\Http\Request))
#41 /home/thuanan/domains/thuanandmc.vn/public_html/vendor/laravel/framework/src/Illuminate/Foundation/Http/Kernel.php(351): Illuminate\Routing\Router->dispatch(Object(Illuminate\Http\Request))
#42 /home/thuanan/domains/thuanandmc.vn/public_html/vendor/laravel/framework/src/Illuminate/Routing/Pipeline.php(59): Illuminate\Foundation\Http\Kernel->Illuminate\Foundation\Http\{closure}(Object(Illuminate\Http\Request))
#43 /home/thuanan/domains/thuanandmc.vn/public_html/vendor/laravel/framework/src/Illuminate/Foundation/Http/Middleware/TransformsRequest.php(59): Illuminate\Routing\Pipeline->Illuminate\Routing\{closure}(Object(Illuminate\Http\Request))
#44 /home/thuanan/domains/thuanandmc.vn/public_html/vendor/laravel/framework/src/Illuminate/Pipeline/Pipeline.php(295): Illuminate\Foundation\Http\Middleware\TransformsRequest->handle(Object(Illuminate\Http\Request), Object(Closure))
#45 /home/thuanan/domains/thuanandmc.vn/public_html/vendor/laravel/framework/src/Illuminate/Routing/Pipeline.php(105): Illuminate\Pipeline\Pipeline->Illuminate\Pipeline\{closure}(Object(Illuminate\Http\Request))
#46 /home/thuanan/domains/thuanandmc.vn/public_html/vendor/laravel/framework/src/Illuminate/Foundation/Http/Middleware/TransformsRequest.php(59): Illuminate\Routing\Pipeline->Illuminate\Routing\{closure}(Object(Illuminate\Http\Request))
#47 /home/thuanan/domains/thuanandmc.vn/public_html/vendor/laravel/framework/src/Illuminate/Pipeline/Pipeline.php(295): Illuminate\Foundation\Http\Middleware\TransformsRequest->handle(Object(Illuminate\Http\Request), Object(Closure))
#48 /home/thuanan/domains/thuanandmc.vn/public_html/vendor/laravel/framework/src/Illuminate/Routing/Pipeline.php(105): Illuminate\Pipeline\Pipeline->Illuminate\Pipeline\{closure}(Object(Illuminate\Http\Request))
#49 /home/thuanan/domains/thuanandmc.vn/public_html/vendor/laravel/framework/src/Illuminate/Foundation/Http/Middleware/ValidatePostSize.php(53): Illuminate\Routing\Pipeline->Illuminate\Routing\{closure}(Object(Illuminate\Http\Request))
#50 /home/thuanan/domains/thuanandmc.vn/public_html/vendor/laravel/framework/src/Illuminate/Pipeline/Pipeline.php(295): Illuminate\Foundation\Http\Middleware\ValidatePostSize->handle(Object(Illuminate\Http\Request), Object(Closure))
#51 /home/thuanan/domains/thuanandmc.vn/public_html/vendor/laravel/framework/src/Illuminate/Routing/Pipeline.php(105): Illuminate\Pipeline\Pipeline->Illuminate\Pipeline\{closure}(Object(Illuminate\Http\Request))
#52 /home/thuanan/domains/thuanandmc.vn/public_html/vendor/laravel/framework/src/Illuminate/Foundation/Http/Middleware/CheckForMaintenanceMode.php(91): Illuminate\Routing\Pipeline->Illuminate\Routing\{closure}(Object(Illuminate\Http\Request))
#53 /home/thuanan/domains/thuanandmc.vn/public_html/vendor/laravel/framework/src/Illuminate/Pipeline/Pipeline.php(295): Illuminate\Foundation\Http\Middleware\CheckForMaintenanceMode->handle(Object(Illuminate\Http\Request), Object(Closure))
#54 /home/thuanan/domains/thuanandmc.vn/public_html/vendor/laravel/framework/src/Illuminate/Routing/Pipeline.php(105): Illuminate\Pipeline\Pipeline->Illuminate\Pipeline\{closure}(Object(Illuminate\Http\Request))
#55 /home/thuanan/domains/thuanandmc.vn/public_html/vendor/laravel/framework/src/Illuminate/Pipeline/Pipeline.php(203): Illuminate\Routing\Pipeline->Illuminate\Routing\{closure}(Object(Illuminate\Http\Request))
#56 /home/thuanan/domains/thuanandmc.vn/public_html/vendor/laravel/framework/src/Illuminate/Foundation/Http/Kernel.php(301): Illuminate\Pipeline\Pipeline->then(Object(Closure))
#57 /home/thuanan/domains/thuanandmc.vn/public_html/vendor/laravel/framework/src/Illuminate/Foundation/Http/Kernel.php(231): Illuminate\Foundation\Http\Kernel->sendRequestThroughRouter(Object(Illuminate\Http\Request))
#58 /home/thuanan/domains/thuanandmc.vn/public_html/index.php(53): Illuminate\Foundation\Http\Kernel->handle(Object(Illuminate\Http\Request))
#59 {main}

Next Illuminate\Database\QueryException: SQLSTATE[HY000]: General error: 1366 Incorrect string value: '\x92ve ev...' for column 'content' at row 1 (SQL: insert into `contact` (`name`, `email`, `phone`, `content`, `title`, `address`, `type`, `updated_at`, `created_at`) values (Anders, lacey.anders@yahoo.com, 0337 9568332, Hi,

We're wondering if you’ve ever considered having a web-based tool to help you find the keywords with low SEO difficulty and high search volume You don't have to be an expert to start using it. You'll understand all the data and features instantly.

You can track your rankings, find powerful backlinks, check your competitor's website authority and link profile insights, plus lots more.

There's a 10 day free trial available to you at the following link: https://tracktherank.com/kwfinder

Kind Regards,
Lacey, Via Pisanelli 74, 1, 2021-01-06 19:01:21, 2021-01-06 19:01:21, ?)) in /home/thuanan/domains/thuanandmc.vn/public_html/vendor/laravel/framework/src/Illuminate/Database/Connection.php:1293
Stack trace:
#0 /home/thuanan/domains/thuanandmc.vn/public_html/vendor/laravel/framework/src/Illuminate/Database/Connection.php(1213): Illuminate\Database\Connection->runQueryCallback('insert into `co...', Array, Object(Closure))
#1 /home/thuanan/domains/thuanandmc.vn/public_html/vendor/laravel/framework/src/Illuminate/Database/Connection.php(899): Illuminate\Database\Connection->run('insert into `co...', Array, Object(Closure))
#2 /home/thuanan/domains/thuanandmc.vn/public_html/vendor/laravel/framework/src/Illuminate/Database/Connection.php(807): Illuminate\Database\Connection->statement('insert into `co...', Array)
#3 /home/thuanan/domains/thuanandmc.vn/public_html/vendor/laravel/framework/src/Illuminate/Database/Query/Processors/Processor.php(63): Illuminate\Database\Connection->insert('insert into `co...', Array)
#4 /home/thuanan/domains/thuanandmc.vn/public_html/vendor/laravel/framework/src/Illuminate/Database/Query/Builder.php(4265): Illuminate\Database\Query\Processors\Processor->processInsertGetId(Object(Illuminate\Database\Query\Builder), 'insert into `co...', Array, 'id')
#5 /home/thuanan/domains/thuanandmc.vn/public_html/vendor/laravel/framework/src/Illuminate/Database/Eloquent/Builder.php(2501): Illuminate\Database\Query\Builder->insertGetId(Array, 'id')
#6 /home/thuanan/domains/thuanandmc.vn/public_html/vendor/laravel/framework/src/Illuminate/Database/Eloquent/Model.php(1375): Illuminate\Database\Eloquent\Builder->__call('insertGetId', Array)
#7 /home/thuanan/domains/thuanandmc.vn/public_html/vendor/laravel/framework/src/Illuminate/Database/Eloquent/Model.php(1305): Illuminate\Database\Eloquent\Model->insertAndSetId(Object(Illuminate\Database\Eloquent\Builder), Array)
#8 /home/thuanan/domains/thuanandmc.vn/public_html/vendor/laravel/framework/src/Illuminate/Database/Eloquent/Model.php(1043): Illuminate\Database\Eloquent\Model->performInsert(Object(Illuminate\Database\Eloquent\Builder))
#9 /home/thuanan/domains/thuanandmc.vn/public_html/app/Http/Controllers/IndexController.php(2461): Illuminate\Database\Eloquent\Model->save()
#10 [internal function]: App\Http\Controllers\IndexController->post_lienhe(Object(Illuminate\Http\Request))
#11 /home/thuanan/domains/thuanandmc.vn/public_html/vendor/laravel/framework/src/Illuminate/Routing/Controller.php(109): call_user_func_array(Array, Array)
#12 /home/thuanan/domains/thuanandmc.vn/public_html/vendor/laravel/framework/src/Illuminate/Routing/ControllerDispatcher.php(87): Illuminate\Routing\Controller->callAction('post_lienhe', Array)
#13 /home/thuanan/domains/thuanandmc.vn/public_html/vendor/laravel/framework/src/Illuminate/Routing/Route.php(405): Illuminate\Routing\ControllerDispatcher->dispatch(Object(Illuminate\Routing\Route), Object(App\Http\Controllers\IndexController), 'post_lienhe')
#14 /home/thuanan/domains/thuanandmc.vn/public_html/vendor/laravel/framework/src/Illuminate/Routing/Route.php(319): Illuminate\Routing\Route->runController()
#15 /home/thuanan/domains/thuanandmc.vn/public_html/vendor/laravel/framework/src/Illuminate/Routing/Router.php(1143): Illuminate\Routing\Route->run()
#16 /home/thuanan/domains/thuanandmc.vn/public_html/vendor/laravel/framework/src/Illuminate/Routing/Pipeline.php(59): Illuminate\Routing\Router->Illuminate\Routing\{closure}(Object(Illuminate\Http\Request))
#17 /home/thuanan/domains/thuanandmc.vn/public_html/vendor/laravel/framework/src/Illuminate/Routing/Middleware/SubstituteBindings.php(81): Illuminate\Routing\Pipeline->Illuminate\Routing\{closure}(Object(Illuminate\Http\Request))
#18 /home/thuanan/domains/thuanandmc.vn/public_html/vendor/laravel/framework/src/Illuminate/Pipeline/Pipeline.php(295): Illuminate\Routing\Middleware\SubstituteBindings->handle(Object(Illuminate\Http\Request), Object(Closure))
#19 /home/thuanan/domains/thuanandmc.vn/public_html/vendor/laravel/framework/src/Illuminate/Routing/Pipeline.php(105): Illuminate\Pipeline\Pipeline->Illuminate\Pipeline\{closure}(Object(Illuminate\Http\Request))
#20 /home/thuanan/domains/thuanandmc.vn/public_html/vendor/laravel/framework/src/Illuminate/Foundation/Http/Middleware/VerifyCsrfToken.php(129): Illuminate\Routing\Pipeline->Illuminate\Routing\{closure}(Object(Illuminate\Http\Request))
#21 /home/thuanan/domains/thuanandmc.vn/public_html/vendor/laravel/framework/src/Illuminate/Pipeline/Pipeline.php(295): Illuminate\Foundation\Http\Middleware\VerifyCsrfToken->handle(Object(Illuminate\Http\Request), Object(Closure))
#22 /home/thuanan/domains/thuanandmc.vn/public_html/vendor/laravel/framework/src/Illuminate/Routing/Pipeline.php(105): Illuminate\Pipeline\Pipeline->Illuminate\Pipeline\{closure}(Object(Illuminate\Http\Request))
#23 /home/thuanan/domains/thuanandmc.vn/public_html/vendor/laravel/framework/src/Illuminate/View/Middleware/ShareErrorsFromSession.php(97): Illuminate\Routing\Pipeline->Illuminate\Routing\{closure}(Object(Illuminate\Http\Request))
#24 /home/thuanan/domains/thuanandmc.vn/public_html/vendor/laravel/framework/src/Illuminate/Pipeline/Pipeline.php(295): Illuminate\View\Middleware\ShareErrorsFromSession->handle(Object(Illuminate\Http\Request), Object(Closure))
#25 /home/thuanan/domains/thuanandmc.vn/public_html/vendor/laravel/framework/src/Illuminate/Routing/Pipeline.php(105): Illuminate\Pipeline\Pipeline->Illuminate\Pipeline\{closure}(Object(Illuminate\Http\Request))
#26 /home/thuanan/domains/thuanandmc.vn/public_html/vendor/laravel/framework/src/Illuminate/Session/Middleware/StartSession.php(127): Illuminate\Routing\Pipeline->Illuminate\Routing\{closure}(Object(Illuminate\Http\Request))
#27 /home/thuanan/domains/thuanandmc.vn/public_html/vendor/laravel/framework/src/Illuminate/Pipeline/Pipeline.php(295): Illuminate\Session\Middleware\StartSession->handle(Object(Illuminate\Http\Request), Object(Closure))
#28 /home/thuanan/domains/thuanandmc.vn/public_html/vendor/laravel/framework/src/Illuminate/Routing/Pipeline.php(105): Illuminate\Pipeline\Pipeline->Illuminate\Pipeline\{closure}(Object(Illuminate\Http\Request))
#29 /home/thuanan/domains/thuanandmc.vn/public_html/vendor/laravel/framework/src/Illuminate/Cookie/Middleware/AddQueuedCookiesToResponse.php(73): Illuminate\Routing\Pipeline->Illuminate\Routing\{closure}(Object(Illuminate\Http\Request))
#30 /home/thuanan/domains/thuanandmc.vn/public_html/vendor/laravel/framework/src/Illuminate/Pipeline/Pipeline.php(295): Illuminate\Cookie\Middleware\AddQueuedCookiesToResponse->handle(Object(Illuminate\Http\Request), Object(Closure))
#31 /home/thuanan/domains/thuanandmc.vn/public_html/vendor/laravel/framework/src/Illuminate/Routing/Pipeline.php(105): Illuminate\Pipeline\Pipeline->Illuminate\Pipeline\{closure}(Object(Illuminate\Http\Request))
#32 /home/thuanan/domains/thuanandmc.vn/public_html/vendor/laravel/framework/src/Illuminate/Cookie/Middleware/EncryptCookies.php(117): Illuminate\Routing\Pipeline->Illuminate\Routing\{closure}(Object(Illuminate\Http\Request))
#33 /home/thuanan/domains/thuanandmc.vn/public_html/vendor/laravel/framework/src/Illuminate/Pipeline/Pipeline.php(295): Illuminate\Cookie\Middleware\EncryptCookies->handle(Object(Illuminate\Http\Request), Object(Closure))
#34 /home/thuanan/domains/thuanandmc.vn/public_html/vendor/laravel/framework/src/Illuminate/Routing/Pipeline.php(105): Illuminate\Pipeline\Pipeline->Illuminate\Pipeline\{closure}(Object(Illuminate\Http\Request))
#35 /home/thuanan/domains/thuanandmc.vn/public_html/vendor/laravel/framework/src/Illuminate/Pipeline/Pipeline.php(203): Illuminate\Routing\Pipeline->Illuminate\Routing\{closure}(Object(Illuminate\Http\Request))
#36 /home/thuanan/domains/thuanandmc.vn/public_html/vendor/laravel/framework/src/Illuminate/Routing/Router.php(1147): Illuminate\Pipeline\Pipeline->then(Object(Closure))
#37 /home/thuanan/domains/thuanandmc.vn/public_html/vendor/laravel/framework/src/Illuminate/Routing/Router.php(1065): Illuminate\Routing\Router->runRouteWithinStack(Object(Illuminate\Routing\Route), Object(Illuminate\Http\Request))
#38 /home/thuanan/domains/thuanandmc.vn/public_html/vendor/laravel/framework/src/Illuminate/Routing/Router.php(1021): Illuminate\Routing\Router->dispatchToRoute(Object(Illuminate\Http\Request))
#39 /home/thuanan/domains/thuanandmc.vn/public_html/vendor/laravel/framework/src/Illuminate/Foundation/Http/Kernel.php(351): Illuminate\Routing\Router->dispatch(Object(Illuminate\Http\Request))
#40 /home/thuanan/domains/thuanandmc.vn/public_html/vendor/laravel/framework/src/Illuminate/Routing/Pipeline.php(59): Illuminate\Foundation\Http\Kernel->Illuminate\Foundation\Http\{closure}(Object(Illuminate\Http\Request))
#41 /home/thuanan/domains/thuanandmc.vn/public_html/vendor/laravel/framework/src/Illuminate/Foundation/Http/Middleware/TransformsRequest.php(59): Illuminate\Routing\Pipeline->Illuminate\Routing\{closure}(Object(Illuminate\Http\Request))
#42 /home/thuanan/domains/thuanandmc.vn/public_html/vendor/laravel/framework/src/Illuminate/Pipeline/Pipeline.php(295): Illuminate\Foundation\Http\Middleware\TransformsRequest->handle(Object(Illuminate\Http\Request), Object(Closure))
#43 /home/thuanan/domains/thuanandmc.vn/public_html/vendor/laravel/framework/src/Illuminate/Routing/Pipeline.php(105): Illuminate\Pipeline\Pipeline->Illuminate\Pipeline\{closure}(Object(Illuminate\Http\Request))
#44 /home/thuanan/domains/thuanandmc.vn/public_html/vendor/laravel/framework/src/Illuminate/Foundation/Http/Middleware/TransformsRequest.php(59): Illuminate\Routing\Pipeline->Illuminate\Routing\{closure}(Object(Illuminate\Http\Request))
#45 /home/thuanan/domains/thuanandmc.vn/public_html/vendor/laravel/framework/src/Illuminate/Pipeline/Pipeline.php(295): Illuminate\Foundation\Http\Middleware\TransformsRequest->handle(Object(Illuminate\Http\Request), Object(Closure))
#46 /home/thuanan/domains/thuanandmc.vn/public_html/vendor/laravel/framework/src/Illuminate/Routing/Pipeline.php(105): Illuminate\Pipeline\Pipeline->Illuminate\Pipeline\{closure}(Object(Illuminate\Http\Request))
#47 /home/thuanan/domains/thuanandmc.vn/public_html/vendor/laravel/framework/src/Illuminate/Foundation/Http/Middleware/ValidatePostSize.php(53): Illuminate\Routing\Pipeline->Illuminate\Routing\{closure}(Object(Illuminate\Http\Request))
#48 /home/thuanan/domains/thuanandmc.vn/public_html/vendor/laravel/framework/src/Illuminate/Pipeline/Pipeline.php(295): Illuminate\Foundation\Http\Middleware\ValidatePostSize->handle(Object(Illuminate\Http\Request), Object(Closure))
#49 /home/thuanan/domains/thuanandmc.vn/public_html/vendor/laravel/framework/src/Illuminate/Routing/Pipeline.php(105): Illuminate\Pipeline\Pipeline->Illuminate\Pipeline\{closure}(Object(Illuminate\Http\Request))
#50 /home/thuanan/domains/thuanandmc.vn/public_html/vendor/laravel/framework/src/Illuminate/Foundation/Http/Middleware/CheckForMaintenanceMode.php(91): Illuminate\Routing\Pipeline->Illuminate\Routing\{closure}(Object(Illuminate\Http\Request))
#51 /home/thuanan/domains/thuanandmc.vn/public_html/vendor/laravel/framework/src/Illuminate/Pipeline/Pipeline.php(295): Illuminate\Foundation\Http\Middleware\CheckForMaintenanceMode->handle(Object(Illuminate\Http\Request), Object(Closure))
#52 /home/thuanan/domains/thuanandmc.vn/public_html/vendor/laravel/framework/src/Illuminate/Routing/Pipeline.php(105): Illuminate\Pipeline\Pipeline->Illuminate\Pipeline\{closure}(Object(Illuminate\Http\Request))
#53 /home/thuanan/domains/thuanandmc.vn/public_html/vendor/laravel/framework/src/Illuminate/Pipeline/Pipeline.php(203): Illuminate\Routing\Pipeline->Illuminate\Routing\{closure}(Object(Illuminate\Http\Request))
#54 /home/thuanan/domains/thuanandmc.vn/public_html/vendor/laravel/framework/src/Illuminate/Foundation/Http/Kernel.php(301): Illuminate\Pipeline\Pipeline->then(Object(Closure))
#55 /home/thuanan/domains/thuanandmc.vn/public_html/vendor/laravel/framework/src/Illuminate/Foundation/Http/Kernel.php(231): Illuminate\Foundation\Http\Kernel->sendRequestThroughRouter(Object(Illuminate\Http\Request))
#56 /home/thuanan/domains/thuanandmc.vn/public_html/index.php(53): Illuminate\Foundation\Http\Kernel->handle(Object(Illuminate\Http\Request))
#57 {main}  
