[2021-01-01 03:33:57] local.ERROR: Symfony\Component\Debug\Exception\FatalThrowableError: Call to a member function toArray() on null in /home/thuanan/domains/thuanandmc.vn/public_html/app/Http/Controllers/IndexController.php:3207
Stack trace:
#0 [internal function]: App\Http\Controllers\IndexController->getProductDetail('tuyen-09-nam-do...', '15')
#1 /home/thuanan/domains/thuanandmc.vn/public_html/vendor/laravel/framework/src/Illuminate/Routing/Controller.php(109): call_user_func_array(Array, Array)
#2 /home/thuanan/domains/thuanandmc.vn/public_html/vendor/laravel/framework/src/Illuminate/Routing/ControllerDispatcher.php(87): Illuminate\Routing\Controller->callAction('getProductDetai...', Array)
#3 /home/thuanan/domains/thuanandmc.vn/public_html/vendor/laravel/framework/src/Illuminate/Routing/Route.php(405): Illuminate\Routing\ControllerDispatcher->dispatch(Object(Illuminate\Routing\Route), Object(App\Http\Controllers\IndexController), 'getProductDetai...')
#4 /home/thuanan/domains/thuanandmc.vn/public_html/vendor/laravel/framework/src/Illuminate/Routing/Route.php(319): Illuminate\Routing\Route->runController()
#5 /home/thuanan/domains/thuanandmc.vn/public_html/vendor/laravel/framework/src/Illuminate/Routing/Router.php(1143): Illuminate\Routing\Route->run()
#6 /home/thuanan/domains/thuanandmc.vn/public_html/vendor/laravel/framework/src/Illuminate/Routing/Pipeline.php(59): Illuminate\Routing\Router->Illuminate\Routing\{closure}(Object(Illuminate\Http\Request))
#7 /home/thuanan/domains/thuanandmc.vn/public_html/vendor/laravel/framework/src/Illuminate/Routing/Middleware/SubstituteBindings.php(81): Illuminate\Routing\Pipeline->Illuminate\Routing\{closure}(Object(Illuminate\Http\Request))
#8 /home/thuanan/domains/thuanandmc.vn/public_html/vendor/laravel/framework/src/Illuminate/Pipeline/Pipeline.php(295): Illuminate\Routing\Middleware\SubstituteBindings->handle(Object(Illuminate\Http\Request), Object(Closure))
#9 /home/thuanan/domains/thuanandmc.vn/public_html/vendor/laravel/framework/src/Illuminate/Routing/Pipeline.php(105): Illuminate\Pipeline\Pipeline->Illuminate\Pipeline\{closure}(Object(Illuminate\Http\Request))
#10 /home/thuanan/domains/thuanandmc.vn/public_html/vendor/laravel/framework/src/Illuminate/Foundation/Http/Middleware/VerifyCsrfToken.php(129): Illuminate\Routing\Pipeline->Illuminate\Routing\{closure}(Object(Illuminate\Http\Request))
#11 /home/thuanan/domains/thuanandmc.vn/public_html/vendor/laravel/framework/src/Illuminate/Pipeline/Pipeline.php(295): Illuminate\Foundation\Http\Middleware\VerifyCsrfToken->handle(Object(Illuminate\Http\Request), Object(Closure))
#12 /home/thuanan/domains/thuanandmc.vn/public_html/vendor/laravel/framework/src/Illuminate/Routing/Pipeline.php(105): Illuminate\Pipeline\Pipeline->Illuminate\Pipeline\{closure}(Object(Illuminate\Http\Request))
#13 /home/thuanan/domains/thuanandmc.vn/public_html/vendor/laravel/framework/src/Illuminate/View/Middleware/ShareErrorsFromSession.php(97): Illuminate\Routing\Pipeline->Illuminate\Routing\{closure}(Object(Illuminate\Http\Request))
#14 /home/thuanan/domains/thuanandmc.vn/public_html/vendor/laravel/framework/src/Illuminate/Pipeline/Pipeline.php(295): Illuminate\View\Middleware\ShareErrorsFromSession->handle(Object(Illuminate\Http\Request), Object(Closure))
#15 /home/thuanan/domains/thuanandmc.vn/public_html/vendor/laravel/framework/src/Illuminate/Routing/Pipeline.php(105): Illuminate\Pipeline\Pipeline->Illuminate\Pipeline\{closure}(Object(Illuminate\Http\Request))
#16 /home/thuanan/domains/thuanandmc.vn/public_html/vendor/laravel/framework/src/Illuminate/Session/Middleware/StartSession.php(127): Illuminate\Routing\Pipeline->Illuminate\Routing\{closure}(Object(Illuminate\Http\Request))
#17 /home/thuanan/domains/thuanandmc.vn/public_html/vendor/laravel/framework/src/Illuminate/Pipeline/Pipeline.php(295): Illuminate\Session\Middleware\StartSession->handle(Object(Illuminate\Http\Request), Object(Closure))
#18 /home/thuanan/domains/thuanandmc.vn/public_html/vendor/laravel/framework/src/Illuminate/Routing/Pipeline.php(105): Illuminate\Pipeline\Pipeline->Illuminate\Pipeline\{closure}(Object(Illuminate\Http\Request))
#19 /home/thuanan/domains/thuanandmc.vn/public_html/vendor/laravel/framework/src/Illuminate/Cookie/Middleware/AddQueuedCookiesToResponse.php(73): Illuminate\Routing\Pipeline->Illuminate\Routing\{closure}(Object(Illuminate\Http\Request))
#20 /home/thuanan/domains/thuanandmc.vn/public_html/vendor/laravel/framework/src/Illuminate/Pipeline/Pipeline.php(295): Illuminate\Cookie\Middleware\AddQueuedCookiesToResponse->handle(Object(Illuminate\Http\Request), Object(Closure))
#21 /home/thuanan/domains/thuanandmc.vn/public_html/vendor/laravel/framework/src/Illuminate/Routing/Pipeline.php(105): Illuminate\Pipeline\Pipeline->Illuminate\Pipeline\{closure}(Object(Illuminate\Http\Request))
#22 /home/thuanan/domains/thuanandmc.vn/public_html/vendor/laravel/framework/src/Illuminate/Cookie/Middleware/EncryptCookies.php(117): Illuminate\Routing\Pipeline->Illuminate\Routing\{closure}(Object(Illuminate\Http\Request))
#23 /home/thuanan/domains/thuanandmc.vn/public_html/vendor/laravel/framework/src/Illuminate/Pipeline/Pipeline.php(295): Illuminate\Cookie\Middleware\EncryptCookies->handle(Object(Illuminate\Http\Request), Object(Closure))
#24 /home/thuanan/domains/thuanandmc.vn/public_html/vendor/laravel/framework/src/Illuminate/Routing/Pipeline.php(105): Illuminate\Pipeline\Pipeline->Illuminate\Pipeline\{closure}(Object(Illuminate\Http\Request))
#25 /home/thuanan/domains/thuanandmc.vn/public_html/vendor/laravel/framework/src/Illuminate/Pipeline/Pipeline.php(203): Illuminate\Routing\Pipeline->Illuminate\Routing\{closure}(Object(Illuminate\Http\Request))
#26 /home/thuanan/domains/thuanandmc.vn/public_html/vendor/laravel/framework/src/Illuminate/Routing/Router.php(1147): Illuminate\Pipeline\Pipeline->then(Object(Closure))
#27 /home/thuanan/domains/thuanandmc.vn/public_html/vendor/laravel/framework/src/Illuminate/Routing/Router.php(1065): Illuminate\Routing\Router->runRouteWithinStack(Object(Illuminate\Routing\Route), Object(Illuminate\Http\Request))
#28 /home/thuanan/domains/thuanandmc.vn/public_html/vendor/laravel/framework/src/Illuminate/Routing/Router.php(1021): Illuminate\Routing\Router->dispatchToRoute(Object(Illuminate\Http\Request))
#29 /home/thuanan/domains/thuanandmc.vn/public_html/vendor/laravel/framework/src/Illuminate/Foundation/Http/Kernel.php(351): Illuminate\Routing\Router->dispatch(Object(Illuminate\Http\Request))
#30 /home/thuanan/domains/thuanandmc.vn/public_html/vendor/laravel/framework/src/Illuminate/Routing/Pipeline.php(59): Illuminate\Foundation\Http\Kernel->Illuminate\Foundation\Http\{closure}(Object(Illuminate\Http\Request))
#31 /home/thuanan/domains/thuanandmc.vn/public_html/vendor/laravel/framework/src/Illuminate/Foundation/Http/Middleware/TransformsRequest.php(59): Illuminate\Routing\Pipeline->Illuminate\Routing\{closure}(Object(Illuminate\Http\Request))
#32 /home/thuanan/domains/thuanandmc.vn/public_html/vendor/laravel/framework/src/Illuminate/Pipeline/Pipeline.php(295): Illuminate\Foundation\Http\Middleware\TransformsRequest->handle(Object(Illuminate\Http\Request), Object(Closure))
#33 /home/thuanan/domains/thuanandmc.vn/public_html/vendor/laravel/framework/src/Illuminate/Routing/Pipeline.php(105): Illuminate\Pipeline\Pipeline->Illuminate\Pipeline\{closure}(Object(Illuminate\Http\Request))
#34 /home/thuanan/domains/thuanandmc.vn/public_html/vendor/laravel/framework/src/Illuminate/Foundation/Http/Middleware/TransformsRequest.php(59): Illuminate\Routing\Pipeline->Illuminate\Routing\{closure}(Object(Illuminate\Http\Request))
#35 /home/thuanan/domains/thuanandmc.vn/public_html/vendor/laravel/framework/src/Illuminate/Pipeline/Pipeline.php(295): Illuminate\Foundation\Http\Middleware\TransformsRequest->handle(Object(Illuminate\Http\Request), Object(Closure))
#36 /home/thuanan/domains/thuanandmc.vn/public_html/vendor/laravel/framework/src/Illuminate/Routing/Pipeline.php(105): Illuminate\Pipeline\Pipeline->Illuminate\Pipeline\{closure}(Object(Illuminate\Http\Request))
#37 /home/thuanan/domains/thuanandmc.vn/public_html/vendor/laravel/framework/src/Illuminate/Foundation/Http/Middleware/ValidatePostSize.php(53): Illuminate\Routing\Pipeline->Illuminate\Routing\{closure}(Object(Illuminate\Http\Request))
#38 /home/thuanan/domains/thuanandmc.vn/public_html/vendor/laravel/framework/src/Illuminate/Pipeline/Pipeline.php(295): Illuminate\Foundation\Http\Middleware\ValidatePostSize->handle(Object(Illuminate\Http\Request), Object(Closure))
#39 /home/thuanan/domains/thuanandmc.vn/public_html/vendor/laravel/framework/src/Illuminate/Routing/Pipeline.php(105): Illuminate\Pipeline\Pipeline->Illuminate\Pipeline\{closure}(Object(Illuminate\Http\Request))
#40 /home/thuanan/domains/thuanandmc.vn/public_html/vendor/laravel/framework/src/Illuminate/Foundation/Http/Middleware/CheckForMaintenanceMode.php(91): Illuminate\Routing\Pipeline->Illuminate\Routing\{closure}(Object(Illuminate\Http\Request))
#41 /home/thuanan/domains/thuanandmc.vn/public_html/vendor/laravel/framework/src/Illuminate/Pipeline/Pipeline.php(295): Illuminate\Foundation\Http\Middleware\CheckForMaintenanceMode->handle(Object(Illuminate\Http\Request), Object(Closure))
#42 /home/thuanan/domains/thuanandmc.vn/public_html/vendor/laravel/framework/src/Illuminate/Routing/Pipeline.php(105): Illuminate\Pipeline\Pipeline->Illuminate\Pipeline\{closure}(Object(Illuminate\Http\Request))
#43 /home/thuanan/domains/thuanandmc.vn/public_html/vendor/laravel/framework/src/Illuminate/Pipeline/Pipeline.php(203): Illuminate\Routing\Pipeline->Illuminate\Routing\{closure}(Object(Illuminate\Http\Request))
#44 /home/thuanan/domains/thuanandmc.vn/public_html/vendor/laravel/framework/src/Illuminate/Foundation/Http/Kernel.php(301): Illuminate\Pipeline\Pipeline->then(Object(Closure))
#45 /home/thuanan/domains/thuanandmc.vn/public_html/vendor/laravel/framework/src/Illuminate/Foundation/Http/Kernel.php(231): Illuminate\Foundation\Http\Kernel->sendRequestThroughRouter(Object(Illuminate\Http\Request))
#46 /home/thuanan/domains/thuanandmc.vn/public_html/index.php(53): Illuminate\Foundation\Http\Kernel->handle(Object(Illuminate\Http\Request))
#47 {main}  
[2021-01-01 07:05:28] local.ERROR: Symfony\Component\Debug\Exception\FatalThrowableError: Call to a member function toArray() on null in /home/thuanan/domains/thuanandmc.vn/public_html/app/Http/Controllers/IndexController.php:3207
Stack trace:
#0 [internal function]: App\Http\Controllers\IndexController->getProductDetail('tuyen-09-nam-la...', '16')
#1 /home/thuanan/domains/thuanandmc.vn/public_html/vendor/laravel/framework/src/Illuminate/Routing/Controller.php(109): call_user_func_array(Array, Array)
#2 /home/thuanan/domains/thuanandmc.vn/public_html/vendor/laravel/framework/src/Illuminate/Routing/ControllerDispatcher.php(87): Illuminate\Routing\Controller->callAction('getProductDetai...', Array)
#3 /home/thuanan/domains/thuanandmc.vn/public_html/vendor/laravel/framework/src/Illuminate/Routing/Route.php(405): Illuminate\Routing\ControllerDispatcher->dispatch(Object(Illuminate\Routing\Route), Object(App\Http\Controllers\IndexController), 'getProductDetai...')
#4 /home/thuanan/domains/thuanandmc.vn/public_html/vendor/laravel/framework/src/Illuminate/Routing/Route.php(319): Illuminate\Routing\Route->runController()
#5 /home/thuanan/domains/thuanandmc.vn/public_html/vendor/laravel/framework/src/Illuminate/Routing/Router.php(1143): Illuminate\Routing\Route->run()
#6 /home/thuanan/domains/thuanandmc.vn/public_html/vendor/laravel/framework/src/Illuminate/Routing/Pipeline.php(59): Illuminate\Routing\Router->Illuminate\Routing\{closure}(Object(Illuminate\Http\Request))
#7 /home/thuanan/domains/thuanandmc.vn/public_html/vendor/laravel/framework/src/Illuminate/Routing/Middleware/SubstituteBindings.php(81): Illuminate\Routing\Pipeline->Illuminate\Routing\{closure}(Object(Illuminate\Http\Request))
#8 /home/thuanan/domains/thuanandmc.vn/public_html/vendor/laravel/framework/src/Illuminate/Pipeline/Pipeline.php(295): Illuminate\Routing\Middleware\SubstituteBindings->handle(Object(Illuminate\Http\Request), Object(Closure))
#9 /home/thuanan/domains/thuanandmc.vn/public_html/vendor/laravel/framework/src/Illuminate/Routing/Pipeline.php(105): Illuminate\Pipeline\Pipeline->Illuminate\Pipeline\{closure}(Object(Illuminate\Http\Request))
#10 /home/thuanan/domains/thuanandmc.vn/public_html/vendor/laravel/framework/src/Illuminate/Foundation/Http/Middleware/VerifyCsrfToken.php(129): Illuminate\Routing\Pipeline->Illuminate\Routing\{closure}(Object(Illuminate\Http\Request))
#11 /home/thuanan/domains/thuanandmc.vn/public_html/vendor/laravel/framework/src/Illuminate/Pipeline/Pipeline.php(295): Illuminate\Foundation\Http\Middleware\VerifyCsrfToken->handle(Object(Illuminate\Http\Request), Object(Closure))
#12 /home/thuanan/domains/thuanandmc.vn/public_html/vendor/laravel/framework/src/Illuminate/Routing/Pipeline.php(105): Illuminate\Pipeline\Pipeline->Illuminate\Pipeline\{closure}(Object(Illuminate\Http\Request))
#13 /home/thuanan/domains/thuanandmc.vn/public_html/vendor/laravel/framework/src/Illuminate/View/Middleware/ShareErrorsFromSession.php(97): Illuminate\Routing\Pipeline->Illuminate\Routing\{closure}(Object(Illuminate\Http\Request))
#14 /home/thuanan/domains/thuanandmc.vn/public_html/vendor/laravel/framework/src/Illuminate/Pipeline/Pipeline.php(295): Illuminate\View\Middleware\ShareErrorsFromSession->handle(Object(Illuminate\Http\Request), Object(Closure))
#15 /home/thuanan/domains/thuanandmc.vn/public_html/vendor/laravel/framework/src/Illuminate/Routing/Pipeline.php(105): Illuminate\Pipeline\Pipeline->Illuminate\Pipeline\{closure}(Object(Illuminate\Http\Request))
#16 /home/thuanan/domains/thuanandmc.vn/public_html/vendor/laravel/framework/src/Illuminate/Session/Middleware/StartSession.php(127): Illuminate\Routing\Pipeline->Illuminate\Routing\{closure}(Object(Illuminate\Http\Request))
#17 /home/thuanan/domains/thuanandmc.vn/public_html/vendor/laravel/framework/src/Illuminate/Pipeline/Pipeline.php(295): Illuminate\Session\Middleware\StartSession->handle(Object(Illuminate\Http\Request), Object(Closure))
#18 /home/thuanan/domains/thuanandmc.vn/public_html/vendor/laravel/framework/src/Illuminate/Routing/Pipeline.php(105): Illuminate\Pipeline\Pipeline->Illuminate\Pipeline\{closure}(Object(Illuminate\Http\Request))
#19 /home/thuanan/domains/thuanandmc.vn/public_html/vendor/laravel/framework/src/Illuminate/Cookie/Middleware/AddQueuedCookiesToResponse.php(73): Illuminate\Routing\Pipeline->Illuminate\Routing\{closure}(Object(Illuminate\Http\Request))
#20 /home/thuanan/domains/thuanandmc.vn/public_html/vendor/laravel/framework/src/Illuminate/Pipeline/Pipeline.php(295): Illuminate\Cookie\Middleware\AddQueuedCookiesToResponse->handle(Object(Illuminate\Http\Request), Object(Closure))
#21 /home/thuanan/domains/thuanandmc.vn/public_html/vendor/laravel/framework/src/Illuminate/Routing/Pipeline.php(105): Illuminate\Pipeline\Pipeline->Illuminate\Pipeline\{closure}(Object(Illuminate\Http\Request))
#22 /home/thuanan/domains/thuanandmc.vn/public_html/vendor/laravel/framework/src/Illuminate/Cookie/Middleware/EncryptCookies.php(117): Illuminate\Routing\Pipeline->Illuminate\Routing\{closure}(Object(Illuminate\Http\Request))
#23 /home/thuanan/domains/thuanandmc.vn/public_html/vendor/laravel/framework/src/Illuminate/Pipeline/Pipeline.php(295): Illuminate\Cookie\Middleware\EncryptCookies->handle(Object(Illuminate\Http\Request), Object(Closure))
#24 /home/thuanan/domains/thuanandmc.vn/public_html/vendor/laravel/framework/src/Illuminate/Routing/Pipeline.php(105): Illuminate\Pipeline\Pipeline->Illuminate\Pipeline\{closure}(Object(Illuminate\Http\Request))
#25 /home/thuanan/domains/thuanandmc.vn/public_html/vendor/laravel/framework/src/Illuminate/Pipeline/Pipeline.php(203): Illuminate\Routing\Pipeline->Illuminate\Routing\{closure}(Object(Illuminate\Http\Request))
#26 /home/thuanan/domains/thuanandmc.vn/public_html/vendor/laravel/framework/src/Illuminate/Routing/Router.php(1147): Illuminate\Pipeline\Pipeline->then(Object(Closure))
#27 /home/thuanan/domains/thuanandmc.vn/public_html/vendor/laravel/framework/src/Illuminate/Routing/Router.php(1065): Illuminate\Routing\Router->runRouteWithinStack(Object(Illuminate\Routing\Route), Object(Illuminate\Http\Request))
#28 /home/thuanan/domains/thuanandmc.vn/public_html/vendor/laravel/framework/src/Illuminate/Routing/Router.php(1021): Illuminate\Routing\Router->dispatchToRoute(Object(Illuminate\Http\Request))
#29 /home/thuanan/domains/thuanandmc.vn/public_html/vendor/laravel/framework/src/Illuminate/Foundation/Http/Kernel.php(351): Illuminate\Routing\Router->dispatch(Object(Illuminate\Http\Request))
#30 /home/thuanan/domains/thuanandmc.vn/public_html/vendor/laravel/framework/src/Illuminate/Routing/Pipeline.php(59): Illuminate\Foundation\Http\Kernel->Illuminate\Foundation\Http\{closure}(Object(Illuminate\Http\Request))
#31 /home/thuanan/domains/thuanandmc.vn/public_html/vendor/laravel/framework/src/Illuminate/Foundation/Http/Middleware/TransformsRequest.php(59): Illuminate\Routing\Pipeline->Illuminate\Routing\{closure}(Object(Illuminate\Http\Request))
#32 /home/thuanan/domains/thuanandmc.vn/public_html/vendor/laravel/framework/src/Illuminate/Pipeline/Pipeline.php(295): Illuminate\Foundation\Http\Middleware\TransformsRequest->handle(Object(Illuminate\Http\Request), Object(Closure))
#33 /home/thuanan/domains/thuanandmc.vn/public_html/vendor/laravel/framework/src/Illuminate/Routing/Pipeline.php(105): Illuminate\Pipeline\Pipeline->Illuminate\Pipeline\{closure}(Object(Illuminate\Http\Request))
#34 /home/thuanan/domains/thuanandmc.vn/public_html/vendor/laravel/framework/src/Illuminate/Foundation/Http/Middleware/TransformsRequest.php(59): Illuminate\Routing\Pipeline->Illuminate\Routing\{closure}(Object(Illuminate\Http\Request))
#35 /home/thuanan/domains/thuanandmc.vn/public_html/vendor/laravel/framework/src/Illuminate/Pipeline/Pipeline.php(295): Illuminate\Foundation\Http\Middleware\TransformsRequest->handle(Object(Illuminate\Http\Request), Object(Closure))
#36 /home/thuanan/domains/thuanandmc.vn/public_html/vendor/laravel/framework/src/Illuminate/Routing/Pipeline.php(105): Illuminate\Pipeline\Pipeline->Illuminate\Pipeline\{closure}(Object(Illuminate\Http\Request))
#37 /home/thuanan/domains/thuanandmc.vn/public_html/vendor/laravel/framework/src/Illuminate/Foundation/Http/Middleware/ValidatePostSize.php(53): Illuminate\Routing\Pipeline->Illuminate\Routing\{closure}(Object(Illuminate\Http\Request))
#38 /home/thuanan/domains/thuanandmc.vn/public_html/vendor/laravel/framework/src/Illuminate/Pipeline/Pipeline.php(295): Illuminate\Foundation\Http\Middleware\ValidatePostSize->handle(Object(Illuminate\Http\Request), Object(Closure))
#39 /home/thuanan/domains/thuanandmc.vn/public_html/vendor/laravel/framework/src/Illuminate/Routing/Pipeline.php(105): Illuminate\Pipeline\Pipeline->Illuminate\Pipeline\{closure}(Object(Illuminate\Http\Request))
#40 /home/thuanan/domains/thuanandmc.vn/public_html/vendor/laravel/framework/src/Illuminate/Foundation/Http/Middleware/CheckForMaintenanceMode.php(91): Illuminate\Routing\Pipeline->Illuminate\Routing\{closure}(Object(Illuminate\Http\Request))
#41 /home/thuanan/domains/thuanandmc.vn/public_html/vendor/laravel/framework/src/Illuminate/Pipeline/Pipeline.php(295): Illuminate\Foundation\Http\Middleware\CheckForMaintenanceMode->handle(Object(Illuminate\Http\Request), Object(Closure))
#42 /home/thuanan/domains/thuanandmc.vn/public_html/vendor/laravel/framework/src/Illuminate/Routing/Pipeline.php(105): Illuminate\Pipeline\Pipeline->Illuminate\Pipeline\{closure}(Object(Illuminate\Http\Request))
#43 /home/thuanan/domains/thuanandmc.vn/public_html/vendor/laravel/framework/src/Illuminate/Pipeline/Pipeline.php(203): Illuminate\Routing\Pipeline->Illuminate\Routing\{closure}(Object(Illuminate\Http\Request))
#44 /home/thuanan/domains/thuanandmc.vn/public_html/vendor/laravel/framework/src/Illuminate/Foundation/Http/Kernel.php(301): Illuminate\Pipeline\Pipeline->then(Object(Closure))
#45 /home/thuanan/domains/thuanandmc.vn/public_html/vendor/laravel/framework/src/Illuminate/Foundation/Http/Kernel.php(231): Illuminate\Foundation\Http\Kernel->sendRequestThroughRouter(Object(Illuminate\Http\Request))
#46 /home/thuanan/domains/thuanandmc.vn/public_html/index.php(53): Illuminate\Foundation\Http\Kernel->handle(Object(Illuminate\Http\Request))
#47 {main}  
[2021-01-01 18:21:14] local.ERROR: ErrorException: Undefined variable: home in /home/thuanan/domains/thuanandmc.vn/public_html/storage/framework/views/0af53f9ce28897f5bca5f5ac71d1cb3c6efade43.php:180
Stack trace:
#0 /home/thuanan/domains/thuanandmc.vn/public_html/storage/framework/views/0af53f9ce28897f5bca5f5ac71d1cb3c6efade43.php(180): Illuminate\Foundation\Bootstrap\HandleExceptions->handleError(8, 'Undefined varia...', '/home/thuanan/d...', 180, Array)
#1 /home/thuanan/domains/thuanandmc.vn/public_html/vendor/laravel/framework/src/Illuminate/View/Engines/PhpEngine.php(83): include('/home/thuanan/d...')
#2 /home/thuanan/domains/thuanandmc.vn/public_html/vendor/laravel/framework/src/Illuminate/View/Engines/CompilerEngine.php(117): Illuminate\View\Engines\PhpEngine->evaluatePath('/home/thuanan/d...', Array)
#3 /home/thuanan/domains/thuanandmc.vn/public_html/vendor/laravel/framework/src/Illuminate/View/View.php(273): Illuminate\View\Engines\CompilerEngine->get('/home/thuanan/d...', Array)
#4 /home/thuanan/domains/thuanandmc.vn/public_html/vendor/laravel/framework/src/Illuminate/View/View.php(239): Illuminate\View\View->getContents()
#5 /home/thuanan/domains/thuanandmc.vn/public_html/vendor/laravel/framework/src/Illuminate/View/View.php(169): Illuminate\View\View->renderContents()
#6 /home/thuanan/domains/thuanandmc.vn/public_html/storage/framework/views/16929ea459f0170e8e50a655084c73711bca4b7c.php(102): Illuminate\View\View->render()
#7 /home/thuanan/domains/thuanandmc.vn/public_html/vendor/laravel/framework/src/Illuminate/View/Engines/PhpEngine.php(83): include('/home/thuanan/d...')
#8 /home/thuanan/domains/thuanandmc.vn/public_html/vendor/laravel/framework/src/Illuminate/View/Engines/CompilerEngine.php(117): Illuminate\View\Engines\PhpEngine->evaluatePath('/home/thuanan/d...', Array)
#9 /home/thuanan/domains/thuanandmc.vn/public_html/vendor/laravel/framework/src/Illuminate/View/View.php(273): Illuminate\View\Engines\CompilerEngine->get('/home/thuanan/d...', Array)
#10 /home/thuanan/domains/thuanandmc.vn/public_html/vendor/laravel/framework/src/Illuminate/View/View.php(239): Illuminate\View\View->getContents()
#11 /home/thuanan/domains/thuanandmc.vn/public_html/vendor/laravel/framework/src/Illuminate/View/View.php(169): Illuminate\View\View->renderContents()
#12 /home/thuanan/domains/thuanandmc.vn/public_html/storage/framework/views/9db0af5df515661ef734778b76b91cbe92a631ad.php(35): Illuminate\View\View->render()
#13 /home/thuanan/domains/thuanandmc.vn/public_html/vendor/laravel/framework/src/Illuminate/View/Engines/PhpEngine.php(83): include('/home/thuanan/d...')
#14 /home/thuanan/domains/thuanandmc.vn/public_html/vendor/laravel/framework/src/Illuminate/View/Engines/CompilerEngine.php(117): Illuminate\View\Engines\PhpEngine->evaluatePath('/home/thuanan/d...', Array)
#15 /home/thuanan/domains/thuanandmc.vn/public_html/vendor/laravel/framework/src/Illuminate/View/View.php(273): Illuminate\View\Engines\CompilerEngine->get('/home/thuanan/d...', Array)
#16 /home/thuanan/domains/thuanandmc.vn/public_html/vendor/laravel/framework/src/Illuminate/View/View.php(239): Illuminate\View\View->getContents()
#17 /home/thuanan/domains/thuanandmc.vn/public_html/vendor/laravel/framework/src/Illuminate/View/View.php(169): Illuminate\View\View->renderContents()
#18 /home/thuanan/domains/thuanandmc.vn/public_html/vendor/laravel/framework/src/Illuminate/Http/Response.php(75): Illuminate\View\View->render()
#19 /home/thuanan/domains/thuanandmc.vn/public_html/vendor/symfony/http-foundation/Response.php(401): Illuminate\Http\Response->setContent(Object(Illuminate\View\View))
#20 /home/thuanan/domains/thuanandmc.vn/public_html/vendor/laravel/framework/src/Illuminate/Routing/ResponseFactory.php(109): Symfony\Component\HttpFoundation\Response->__construct(Object(Illuminate\View\View), 404, Array)
#21 /home/thuanan/domains/thuanandmc.vn/public_html/vendor/laravel/framework/src/Illuminate/Routing/ResponseFactory.php(137): Illuminate\Routing\ResponseFactory->make(Object(Illuminate\View\View), 404, Array)
#22 /home/thuanan/domains/thuanandmc.vn/public_html/vendor/laravel/framework/src/Illuminate/Foundation/Exceptions/Handler.php(389): Illuminate\Routing\ResponseFactory->view('errors::404', Array, 404, Array)
#23 /home/thuanan/domains/thuanandmc.vn/public_html/vendor/laravel/framework/src/Illuminate/Foundation/Exceptions/Handler.php(345): Illuminate\Foundation\Exceptions\Handler->renderHttpException(Object(Symfony\Component\HttpKernel\Exception\NotFoundHttpException))
#24 /home/thuanan/domains/thuanandmc.vn/public_html/vendor/laravel/framework/src/Illuminate/Foundation/Exceptions/Handler.php(237): Illuminate\Foundation\Exceptions\Handler->prepareResponse(Object(Illuminate\Http\Request), Object(Symfony\Component\HttpKernel\Exception\NotFoundHttpException))
#25 /home/thuanan/domains/thuanandmc.vn/public_html/app/Exceptions/Handler.php(139): Illuminate\Foundation\Exceptions\Handler->render(Object(Illuminate\Http\Request), Object(Symfony\Component\HttpKernel\Exception\NotFoundHttpException))
#26 /home/thuanan/domains/thuanandmc.vn/public_html/vendor/laravel/framework/src/Illuminate/Routing/Pipeline.php(163): App\Exceptions\Handler->render(Object(Illuminate\Http\Request), Object(Symfony\Component\HttpKernel\Exception\NotFoundHttpException))
#27 /home/thuanan/domains/thuanandmc.vn/public_html/vendor/laravel/framework/src/Illuminate/Routing/Pipeline.php(63): Illuminate\Routing\Pipeline->handleException(Object(Illuminate\Http\Request), Object(Symfony\Component\HttpKernel\Exception\NotFoundHttpException))
#28 /home/thuanan/domains/thuanandmc.vn/public_html/vendor/laravel/framework/src/Illuminate/Foundation/Http/Middleware/TransformsRequest.php(59): Illuminate\Routing\Pipeline->Illuminate\Routing\{closure}(Object(Illuminate\Http\Request))
#29 /home/thuanan/domains/thuanandmc.vn/public_html/vendor/laravel/framework/src/Illuminate/Pipeline/Pipeline.php(295): Illuminate\Foundation\Http\Middleware\TransformsRequest->handle(Object(Illuminate\Http\Request), Object(Closure))
#30 /home/thuanan/domains/thuanandmc.vn/public_html/vendor/laravel/framework/src/Illuminate/Routing/Pipeline.php(105): Illuminate\Pipeline\Pipeline->Illuminate\Pipeline\{closure}(Object(Illuminate\Http\Request))
#31 /home/thuanan/domains/thuanandmc.vn/public_html/vendor/laravel/framework/src/Illuminate/Foundation/Http/Middleware/TransformsRequest.php(59): Illuminate\Routing\Pipeline->Illuminate\Routing\{closure}(Object(Illuminate\Http\Request))
#32 /home/thuanan/domains/thuanandmc.vn/public_html/vendor/laravel/framework/src/Illuminate/Pipeline/Pipeline.php(295): Illuminate\Foundation\Http\Middleware\TransformsRequest->handle(Object(Illuminate\Http\Request), Object(Closure))
#33 /home/thuanan/domains/thuanandmc.vn/public_html/vendor/laravel/framework/src/Illuminate/Routing/Pipeline.php(105): Illuminate\Pipeline\Pipeline->Illuminate\Pipeline\{closure}(Object(Illuminate\Http\Request))
#34 /home/thuanan/domains/thuanandmc.vn/public_html/vendor/laravel/framework/src/Illuminate/Foundation/Http/Middleware/ValidatePostSize.php(53): Illuminate\Routing\Pipeline->Illuminate\Routing\{closure}(Object(Illuminate\Http\Request))
#35 /home/thuanan/domains/thuanandmc.vn/public_html/vendor/laravel/framework/src/Illuminate/Pipeline/Pipeline.php(295): Illuminate\Foundation\Http\Middleware\ValidatePostSize->handle(Object(Illuminate\Http\Request), Object(Closure))
#36 /home/thuanan/domains/thuanandmc.vn/public_html/vendor/laravel/framework/src/Illuminate/Routing/Pipeline.php(105): Illuminate\Pipeline\Pipeline->Illuminate\Pipeline\{closure}(Object(Illuminate\Http\Request))
#37 /home/thuanan/domains/thuanandmc.vn/public_html/vendor/laravel/framework/src/Illuminate/Foundation/Http/Middleware/CheckForMaintenanceMode.php(91): Illuminate\Routing\Pipeline->Illuminate\Routing\{closure}(Object(Illuminate\Http\Request))
#38 /home/thuanan/domains/thuanandmc.vn/public_html/vendor/laravel/framework/src/Illuminate/Pipeline/Pipeline.php(295): Illuminate\Foundation\Http\Middleware\CheckForMaintenanceMode->handle(Object(Illuminate\Http\Request), Object(Closure))
#39 /home/thuanan/domains/thuanandmc.vn/public_html/vendor/laravel/framework/src/Illuminate/Routing/Pipeline.php(105): Illuminate\Pipeline\Pipeline->Illuminate\Pipeline\{closure}(Object(Illuminate\Http\Request))
#40 /home/thuanan/domains/thuanandmc.vn/public_html/vendor/laravel/framework/src/Illuminate/Pipeline/Pipeline.php(203): Illuminate\Routing\Pipeline->Illuminate\Routing\{closure}(Object(Illuminate\Http\Request))
#41 /home/thuanan/domains/thuanandmc.vn/public_html/vendor/laravel/framework/src/Illuminate/Foundation/Http/Kernel.php(301): Illuminate\Pipeline\Pipeline->then(Object(Closure))
#42 /home/thuanan/domains/thuanandmc.vn/public_html/vendor/laravel/framework/src/Illuminate/Foundation/Http/Kernel.php(231): Illuminate\Foundation\Http\Kernel->sendRequestThroughRouter(Object(Illuminate\Http\Request))
#43 /home/thuanan/domains/thuanandmc.vn/public_html/public/index.php(157): Illuminate\Foundation\Http\Kernel->handle(Object(Illuminate\Http\Request))
#44 {main}

Next ErrorException: Undefined variable: home (View: /home/thuanan/domains/thuanandmc.vn/public_html/resources/views/templates/layout/header.blade.php) in /home/thuanan/domains/thuanandmc.vn/public_html/storage/framework/views/0af53f9ce28897f5bca5f5ac71d1cb3c6efade43.php:180
Stack trace:
#0 /home/thuanan/domains/thuanandmc.vn/public_html/vendor/laravel/framework/src/Illuminate/View/Engines/PhpEngine.php(87): Illuminate\View\Engines\CompilerEngine->handleViewException(Object(ErrorException), 3)
#1 /home/thuanan/domains/thuanandmc.vn/public_html/vendor/laravel/framework/src/Illuminate/View/Engines/CompilerEngine.php(117): Illuminate\View\Engines\PhpEngine->evaluatePath('/home/thuanan/d...', Array)
#2 /home/thuanan/domains/thuanandmc.vn/public_html/vendor/laravel/framework/src/Illuminate/View/View.php(273): Illuminate\View\Engines\CompilerEngine->get('/home/thuanan/d...', Array)
#3 /home/thuanan/domains/thuanandmc.vn/public_html/vendor/laravel/framework/src/Illuminate/View/View.php(239): Illuminate\View\View->getContents()
#4 /home/thuanan/domains/thuanandmc.vn/public_html/vendor/laravel/framework/src/Illuminate/View/View.php(169): Illuminate\View\View->renderContents()
#5 /home/thuanan/domains/thuanandmc.vn/public_html/storage/framework/views/16929ea459f0170e8e50a655084c73711bca4b7c.php(102): Illuminate\View\View->render()
#6 /home/thuanan/domains/thuanandmc.vn/public_html/vendor/laravel/framework/src/Illuminate/View/Engines/PhpEngine.php(83): include('/home/thuanan/d...')
#7 /home/thuanan/domains/thuanandmc.vn/public_html/vendor/laravel/framework/src/Illuminate/View/Engines/CompilerEngine.php(117): Illuminate\View\Engines\PhpEngine->evaluatePath('/home/thuanan/d...', Array)
#8 /home/thuanan/domains/thuanandmc.vn/public_html/vendor/laravel/framework/src/Illuminate/View/View.php(273): Illuminate\View\Engines\CompilerEngine->get('/home/thuanan/d...', Array)
#9 /home/thuanan/domains/thuanandmc.vn/public_html/vendor/laravel/framework/src/Illuminate/View/View.php(239): Illuminate\View\View->getContents()
#10 /home/thuanan/domains/thuanandmc.vn/public_html/vendor/laravel/framework/src/Illuminate/View/View.php(169): Illuminate\View\View->renderContents()
#11 /home/thuanan/domains/thuanandmc.vn/public_html/storage/framework/views/9db0af5df515661ef734778b76b91cbe92a631ad.php(35): Illuminate\View\View->render()
#12 /home/thuanan/domains/thuanandmc.vn/public_html/vendor/laravel/framework/src/Illuminate/View/Engines/PhpEngine.php(83): include('/home/thuanan/d...')
#13 /home/thuanan/domains/thuanandmc.vn/public_html/vendor/laravel/framework/src/Illuminate/View/Engines/CompilerEngine.php(117): Illuminate\View\Engines\PhpEngine->evaluatePath('/home/thuanan/d...', Array)
#14 /home/thuanan/domains/thuanandmc.vn/public_html/vendor/laravel/framework/src/Illuminate/View/View.php(273): Illuminate\View\Engines\CompilerEngine->get('/home/thuanan/d...', Array)
#15 /home/thuanan/domains/thuanandmc.vn/public_html/vendor/laravel/framework/src/Illuminate/View/View.php(239): Illuminate\View\View->getContents()
#16 /home/thuanan/domains/thuanandmc.vn/public_html/vendor/laravel/framework/src/Illuminate/View/View.php(169): Illuminate\View\View->renderContents()
#17 /home/thuanan/domains/thuanandmc.vn/public_html/vendor/laravel/framework/src/Illuminate/Http/Response.php(75): Illuminate\View\View->render()
#18 /home/thuanan/domains/thuanandmc.vn/public_html/vendor/symfony/http-foundation/Response.php(401): Illuminate\Http\Response->setContent(Object(Illuminate\View\View))
#19 /home/thuanan/domains/thuanandmc.vn/public_html/vendor/laravel/framework/src/Illuminate/Routing/ResponseFactory.php(109): Symfony\Component\HttpFoundation\Response->__construct(Object(Illuminate\View\View), 404, Array)
#20 /home/thuanan/domains/thuanandmc.vn/public_html/vendor/laravel/framework/src/Illuminate/Routing/ResponseFactory.php(137): Illuminate\Routing\ResponseFactory->make(Object(Illuminate\View\View), 404, Array)
#21 /home/thuanan/domains/thuanandmc.vn/public_html/vendor/laravel/framework/src/Illuminate/Foundation/Exceptions/Handler.php(389): Illuminate\Routing\ResponseFactory->view('errors::404', Array, 404, Array)
#22 /home/thuanan/domains/thuanandmc.vn/public_html/vendor/laravel/framework/src/Illuminate/Foundation/Exceptions/Handler.php(345): Illuminate\Foundation\Exceptions\Handler->renderHttpException(Object(Symfony\Component\HttpKernel\Exception\NotFoundHttpException))
#23 /home/thuanan/domains/thuanandmc.vn/public_html/vendor/laravel/framework/src/Illuminate/Foundation/Exceptions/Handler.php(237): Illuminate\Foundation\Exceptions\Handler->prepareResponse(Object(Illuminate\Http\Request), Object(Symfony\Component\HttpKernel\Exception\NotFoundHttpException))
#24 /home/thuanan/domains/thuanandmc.vn/public_html/app/Exceptions/Handler.php(139): Illuminate\Foundation\Exceptions\Handler->render(Object(Illuminate\Http\Request), Object(Symfony\Component\HttpKernel\Exception\NotFoundHttpException))
#25 /home/thuanan/domains/thuanandmc.vn/public_html/vendor/laravel/framework/src/Illuminate/Routing/Pipeline.php(163): App\Exceptions\Handler->render(Object(Illuminate\Http\Request), Object(Symfony\Component\HttpKernel\Exception\NotFoundHttpException))
#26 /home/thuanan/domains/thuanandmc.vn/public_html/vendor/laravel/framework/src/Illuminate/Routing/Pipeline.php(63): Illuminate\Routing\Pipeline->handleException(Object(Illuminate\Http\Request), Object(Symfony\Component\HttpKernel\Exception\NotFoundHttpException))
#27 /home/thuanan/domains/thuanandmc.vn/public_html/vendor/laravel/framework/src/Illuminate/Foundation/Http/Middleware/TransformsRequest.php(59): Illuminate\Routing\Pipeline->Illuminate\Routing\{closure}(Object(Illuminate\Http\Request))
#28 /home/thuanan/domains/thuanandmc.vn/public_html/vendor/laravel/framework/src/Illuminate/Pipeline/Pipeline.php(295): Illuminate\Foundation\Http\Middleware\TransformsRequest->handle(Object(Illuminate\Http\Request), Object(Closure))
#29 /home/thuanan/domains/thuanandmc.vn/public_html/vendor/laravel/framework/src/Illuminate/Routing/Pipeline.php(105): Illuminate\Pipeline\Pipeline->Illuminate\Pipeline\{closure}(Object(Illuminate\Http\Request))
#30 /home/thuanan/domains/thuanandmc.vn/public_html/vendor/laravel/framework/src/Illuminate/Foundation/Http/Middleware/TransformsRequest.php(59): Illuminate\Routing\Pipeline->Illuminate\Routing\{closure}(Object(Illuminate\Http\Request))
#31 /home/thuanan/domains/thuanandmc.vn/public_html/vendor/laravel/framework/src/Illuminate/Pipeline/Pipeline.php(295): Illuminate\Foundation\Http\Middleware\TransformsRequest->handle(Object(Illuminate\Http\Request), Object(Closure))
#32 /home/thuanan/domains/thuanandmc.vn/public_html/vendor/laravel/framework/src/Illuminate/Routing/Pipeline.php(105): Illuminate\Pipeline\Pipeline->Illuminate\Pipeline\{closure}(Object(Illuminate\Http\Request))
#33 /home/thuanan/domains/thuanandmc.vn/public_html/vendor/laravel/framework/src/Illuminate/Foundation/Http/Middleware/ValidatePostSize.php(53): Illuminate\Routing\Pipeline->Illuminate\Routing\{closure}(Object(Illuminate\Http\Request))
#34 /home/thuanan/domains/thuanandmc.vn/public_html/vendor/laravel/framework/src/Illuminate/Pipeline/Pipeline.php(295): Illuminate\Foundation\Http\Middleware\ValidatePostSize->handle(Object(Illuminate\Http\Request), Object(Closure))
#35 /home/thuanan/domains/thuanandmc.vn/public_html/vendor/laravel/framework/src/Illuminate/Routing/Pipeline.php(105): Illuminate\Pipeline\Pipeline->Illuminate\Pipeline\{closure}(Object(Illuminate\Http\Request))
#36 /home/thuanan/domains/thuanandmc.vn/public_html/vendor/laravel/framework/src/Illuminate/Foundation/Http/Middleware/CheckForMaintenanceMode.php(91): Illuminate\Routing\Pipeline->Illuminate\Routing\{closure}(Object(Illuminate\Http\Request))
#37 /home/thuanan/domains/thuanandmc.vn/public_html/vendor/laravel/framework/src/Illuminate/Pipeline/Pipeline.php(295): Illuminate\Foundation\Http\Middleware\CheckForMaintenanceMode->handle(Object(Illuminate\Http\Request), Object(Closure))
#38 /home/thuanan/domains/thuanandmc.vn/public_html/vendor/laravel/framework/src/Illuminate/Routing/Pipeline.php(105): Illuminate\Pipeline\Pipeline->Illuminate\Pipeline\{closure}(Object(Illuminate\Http\Request))
#39 /home/thuanan/domains/thuanandmc.vn/public_html/vendor/laravel/framework/src/Illuminate/Pipeline/Pipeline.php(203): Illuminate\Routing\Pipeline->Illuminate\Routing\{closure}(Object(Illuminate\Http\Request))
#40 /home/thuanan/domains/thuanandmc.vn/public_html/vendor/laravel/framework/src/Illuminate/Foundation/Http/Kernel.php(301): Illuminate\Pipeline\Pipeline->then(Object(Closure))
#41 /home/thuanan/domains/thuanandmc.vn/public_html/vendor/laravel/framework/src/Illuminate/Foundation/Http/Kernel.php(231): Illuminate\Foundation\Http\Kernel->sendRequestThroughRouter(Object(Illuminate\Http\Request))
#42 /home/thuanan/domains/thuanandmc.vn/public_html/public/index.php(157): Illuminate\Foundation\Http\Kernel->handle(Object(Illuminate\Http\Request))
#43 {main}

Next ErrorException: Undefined variable: home (View: /home/thuanan/domains/thuanandmc.vn/public_html/resources/views/templates/layout/header.blade.php) (View: /home/thuanan/domains/thuanandmc.vn/public_html/resources/views/templates/layout/header.blade.php) in /home/thuanan/domains/thuanandmc.vn/public_html/storage/framework/views/0af53f9ce28897f5bca5f5ac71d1cb3c6efade43.php:180
Stack trace:
#0 /home/thuanan/domains/thuanandmc.vn/public_html/vendor/laravel/framework/src/Illuminate/View/Engines/PhpEngine.php(87): Illuminate\View\Engines\CompilerEngine->handleViewException(Object(ErrorException), 2)
#1 /home/thuanan/domains/thuanandmc.vn/public_html/vendor/laravel/framework/src/Illuminate/View/Engines/CompilerEngine.php(117): Illuminate\View\Engines\PhpEngine->evaluatePath('/home/thuanan/d...', Array)
#2 /home/thuanan/domains/thuanandmc.vn/public_html/vendor/laravel/framework/src/Illuminate/View/View.php(273): Illuminate\View\Engines\CompilerEngine->get('/home/thuanan/d...', Array)
#3 /home/thuanan/domains/thuanandmc.vn/public_html/vendor/laravel/framework/src/Illuminate/View/View.php(239): Illuminate\View\View->getContents()
#4 /home/thuanan/domains/thuanandmc.vn/public_html/vendor/laravel/framework/src/Illuminate/View/View.php(169): Illuminate\View\View->renderContents()
#5 /home/thuanan/domains/thuanandmc.vn/public_html/storage/framework/views/9db0af5df515661ef734778b76b91cbe92a631ad.php(35): Illuminate\View\View->render()
#6 /home/thuanan/domains/thuanandmc.vn/public_html/vendor/laravel/framework/src/Illuminate/View/Engines/PhpEngine.php(83): include('/home/thuanan/d...')
#7 /home/thuanan/domains/thuanandmc.vn/public_html/vendor/laravel/framework/src/Illuminate/View/Engines/CompilerEngine.php(117): Illuminate\View\Engines\PhpEngine->evaluatePath('/home/thuanan/d...', Array)
#8 /home/thuanan/domains/thuanandmc.vn/public_html/vendor/laravel/framework/src/Illuminate/View/View.php(273): Illuminate\View\Engines\CompilerEngine->get('/home/thuanan/d...', Array)
#9 /home/thuanan/domains/thuanandmc.vn/public_html/vendor/laravel/framework/src/Illuminate/View/View.php(239): Illuminate\View\View->getContents()
#10 /home/thuanan/domains/thuanandmc.vn/public_html/vendor/laravel/framework/src/Illuminate/View/View.php(169): Illuminate\View\View->renderContents()
#11 /home/thuanan/domains/thuanandmc.vn/public_html/vendor/laravel/framework/src/Illuminate/Http/Response.php(75): Illuminate\View\View->render()
#12 /home/thuanan/domains/thuanandmc.vn/public_html/vendor/symfony/http-foundation/Response.php(401): Illuminate\Http\Response->setContent(Object(Illuminate\View\View))
#13 /home/thuanan/domains/thuanandmc.vn/public_html/vendor/laravel/framework/src/Illuminate/Routing/ResponseFactory.php(109): Symfony\Component\HttpFoundation\Response->__construct(Object(Illuminate\View\View), 404, Array)
#14 /home/thuanan/domains/thuanandmc.vn/public_html/vendor/laravel/framework/src/Illuminate/Routing/ResponseFactory.php(137): Illuminate\Routing\ResponseFactory->make(Object(Illuminate\View\View), 404, Array)
#15 /home/thuanan/domains/thuanandmc.vn/public_html/vendor/laravel/framework/src/Illuminate/Foundation/Exceptions/Handler.php(389): Illuminate\Routing\ResponseFactory->view('errors::404', Array, 404, Array)
#16 /home/thuanan/domains/thuanandmc.vn/public_html/vendor/laravel/framework/src/Illuminate/Foundation/Exceptions/Handler.php(345): Illuminate\Foundation\Exceptions\Handler->renderHttpException(Object(Symfony\Component\HttpKernel\Exception\NotFoundHttpException))
#17 /home/thuanan/domains/thuanandmc.vn/public_html/vendor/laravel/framework/src/Illuminate/Foundation/Exceptions/Handler.php(237): Illuminate\Foundation\Exceptions\Handler->prepareResponse(Object(Illuminate\Http\Request), Object(Symfony\Component\HttpKernel\Exception\NotFoundHttpException))
#18 /home/thuanan/domains/thuanandmc.vn/public_html/app/Exceptions/Handler.php(139): Illuminate\Foundation\Exceptions\Handler->render(Object(Illuminate\Http\Request), Object(Symfony\Component\HttpKernel\Exception\NotFoundHttpException))
#19 /home/thuanan/domains/thuanandmc.vn/public_html/vendor/laravel/framework/src/Illuminate/Routing/Pipeline.php(163): App\Exceptions\Handler->render(Object(Illuminate\Http\Request), Object(Symfony\Component\HttpKernel\Exception\NotFoundHttpException))
#20 /home/thuanan/domains/thuanandmc.vn/public_html/vendor/laravel/framework/src/Illuminate/Routing/Pipeline.php(63): Illuminate\Routing\Pipeline->handleException(Object(Illuminate\Http\Request), Object(Symfony\Component\HttpKernel\Exception\NotFoundHttpException))
#21 /home/thuanan/domains/thuanandmc.vn/public_html/vendor/laravel/framework/src/Illuminate/Foundation/Http/Middleware/TransformsRequest.php(59): Illuminate\Routing\Pipeline->Illuminate\Routing\{closure}(Object(Illuminate\Http\Request))
#22 /home/thuanan/domains/thuanandmc.vn/public_html/vendor/laravel/framework/src/Illuminate/Pipeline/Pipeline.php(295): Illuminate\Foundation\Http\Middleware\TransformsRequest->handle(Object(Illuminate\Http\Request), Object(Closure))
#23 /home/thuanan/domains/thuanandmc.vn/public_html/vendor/laravel/framework/src/Illuminate/Routing/Pipeline.php(105): Illuminate\Pipeline\Pipeline->Illuminate\Pipeline\{closure}(Object(Illuminate\Http\Request))
#24 /home/thuanan/domains/thuanandmc.vn/public_html/vendor/laravel/framework/src/Illuminate/Foundation/Http/Middleware/TransformsRequest.php(59): Illuminate\Routing\Pipeline->Illuminate\Routing\{closure}(Object(Illuminate\Http\Request))
#25 /home/thuanan/domains/thuanandmc.vn/public_html/vendor/laravel/framework/src/Illuminate/Pipeline/Pipeline.php(295): Illuminate\Foundation\Http\Middleware\TransformsRequest->handle(Object(Illuminate\Http\Request), Object(Closure))
#26 /home/thuanan/domains/thuanandmc.vn/public_html/vendor/laravel/framework/src/Illuminate/Routing/Pipeline.php(105): Illuminate\Pipeline\Pipeline->Illuminate\Pipeline\{closure}(Object(Illuminate\Http\Request))
#27 /home/thuanan/domains/thuanandmc.vn/public_html/vendor/laravel/framework/src/Illuminate/Foundation/Http/Middleware/ValidatePostSize.php(53): Illuminate\Routing\Pipeline->Illuminate\Routing\{closure}(Object(Illuminate\Http\Request))
#28 /home/thuanan/domains/thuanandmc.vn/public_html/vendor/laravel/framework/src/Illuminate/Pipeline/Pipeline.php(295): Illuminate\Foundation\Http\Middleware\ValidatePostSize->handle(Object(Illuminate\Http\Request), Object(Closure))
#29 /home/thuanan/domains/thuanandmc.vn/public_html/vendor/laravel/framework/src/Illuminate/Routing/Pipeline.php(105): Illuminate\Pipeline\Pipeline->Illuminate\Pipeline\{closure}(Object(Illuminate\Http\Request))
#30 /home/thuanan/domains/thuanandmc.vn/public_html/vendor/laravel/framework/src/Illuminate/Foundation/Http/Middleware/CheckForMaintenanceMode.php(91): Illuminate\Routing\Pipeline->Illuminate\Routing\{closure}(Object(Illuminate\Http\Request))
#31 /home/thuanan/domains/thuanandmc.vn/public_html/vendor/laravel/framework/src/Illuminate/Pipeline/Pipeline.php(295): Illuminate\Foundation\Http\Middleware\CheckForMaintenanceMode->handle(Object(Illuminate\Http\Request), Object(Closure))
#32 /home/thuanan/domains/thuanandmc.vn/public_html/vendor/laravel/framework/src/Illuminate/Routing/Pipeline.php(105): Illuminate\Pipeline\Pipeline->Illuminate\Pipeline\{closure}(Object(Illuminate\Http\Request))
#33 /home/thuanan/domains/thuanandmc.vn/public_html/vendor/laravel/framework/src/Illuminate/Pipeline/Pipeline.php(203): Illuminate\Routing\Pipeline->Illuminate\Routing\{closure}(Object(Illuminate\Http\Request))
#34 /home/thuanan/domains/thuanandmc.vn/public_html/vendor/laravel/framework/src/Illuminate/Foundation/Http/Kernel.php(301): Illuminate\Pipeline\Pipeline->then(Object(Closure))
#35 /home/thuanan/domains/thuanandmc.vn/public_html/vendor/laravel/framework/src/Illuminate/Foundation/Http/Kernel.php(231): Illuminate\Foundation\Http\Kernel->sendRequestThroughRouter(Object(Illuminate\Http\Request))
#36 /home/thuanan/domains/thuanandmc.vn/public_html/public/index.php(157): Illuminate\Foundation\Http\Kernel->handle(Object(Illuminate\Http\Request))
#37 {main}

Next ErrorException: Undefined variable: home (View: /home/thuanan/domains/thuanandmc.vn/public_html/resources/views/templates/layout/header.blade.php) (View: /home/thuanan/domains/thuanandmc.vn/public_html/resources/views/templates/layout/header.blade.php) (View: /home/thuanan/domains/thuanandmc.vn/public_html/resources/views/templates/layout/header.blade.php) in /home/thuanan/domains/thuanandmc.vn/public_html/storage/framework/views/0af53f9ce28897f5bca5f5ac71d1cb3c6efade43.php:180
Stack trace:
#0 /home/thuanan/domains/thuanandmc.vn/public_html/vendor/laravel/framework/src/Illuminate/View/Engines/PhpEngine.php(87): Illuminate\View\Engines\CompilerEngine->handleViewException(Object(ErrorException), 1)
#1 /home/thuanan/domains/thuanandmc.vn/public_html/vendor/laravel/framework/src/Illuminate/View/Engines/CompilerEngine.php(117): Illuminate\View\Engines\PhpEngine->evaluatePath('/home/thuanan/d...', Array)
#2 /home/thuanan/domains/thuanandmc.vn/public_html/vendor/laravel/framework/src/Illuminate/View/View.php(273): Illuminate\View\Engines\CompilerEngine->get('/home/thuanan/d...', Array)
#3 /home/thuanan/domains/thuanandmc.vn/public_html/vendor/laravel/framework/src/Illuminate/View/View.php(239): Illuminate\View\View->getContents()
#4 /home/thuanan/domains/thuanandmc.vn/public_html/vendor/laravel/framework/src/Illuminate/View/View.php(169): Illuminate\View\View->renderContents()
#5 /home/thuanan/domains/thuanandmc.vn/public_html/vendor/laravel/framework/src/Illuminate/Http/Response.php(75): Illuminate\View\View->render()
#6 /home/thuanan/domains/thuanandmc.vn/public_html/vendor/symfony/http-foundation/Response.php(401): Illuminate\Http\Response->setContent(Object(Illuminate\View\View))
#7 /home/thuanan/domains/thuanandmc.vn/public_html/vendor/laravel/framework/src/Illuminate/Routing/ResponseFactory.php(109): Symfony\Component\HttpFoundation\Response->__construct(Object(Illuminate\View\View), 404, Array)
#8 /home/thuanan/domains/thuanandmc.vn/public_html/vendor/laravel/framework/src/Illuminate/Routing/ResponseFactory.php(137): Illuminate\Routing\ResponseFactory->make(Object(Illuminate\View\View), 404, Array)
#9 /home/thuanan/domains/thuanandmc.vn/public_html/vendor/laravel/framework/src/Illuminate/Foundation/Exceptions/Handler.php(389): Illuminate\Routing\ResponseFactory->view('errors::404', Array, 404, Array)
#10 /home/thuanan/domains/thuanandmc.vn/public_html/vendor/laravel/framework/src/Illuminate/Foundation/Exceptions/Handler.php(345): Illuminate\Foundation\Exceptions\Handler->renderHttpException(Object(Symfony\Component\HttpKernel\Exception\NotFoundHttpException))
#11 /home/thuanan/domains/thuanandmc.vn/public_html/vendor/laravel/framework/src/Illuminate/Foundation/Exceptions/Handler.php(237): Illuminate\Foundation\Exceptions\Handler->prepareResponse(Object(Illuminate\Http\Request), Object(Symfony\Component\HttpKernel\Exception\NotFoundHttpException))
#12 /home/thuanan/domains/thuanandmc.vn/public_html/app/Exceptions/Handler.php(139): Illuminate\Foundation\Exceptions\Handler->render(Object(Illuminate\Http\Request), Object(Symfony\Component\HttpKernel\Exception\NotFoundHttpException))
#13 /home/thuanan/domains/thuanandmc.vn/public_html/vendor/laravel/framework/src/Illuminate/Routing/Pipeline.php(163): App\Exceptions\Handler->render(Object(Illuminate\Http\Request), Object(Symfony\Component\HttpKernel\Exception\NotFoundHttpException))
#14 /home/thuanan/domains/thuanandmc.vn/public_html/vendor/laravel/framework/src/Illuminate/Routing/Pipeline.php(63): Illuminate\Routing\Pipeline->handleException(Object(Illuminate\Http\Request), Object(Symfony\Component\HttpKernel\Exception\NotFoundHttpException))
#15 /home/thuanan/domains/thuanandmc.vn/public_html/vendor/laravel/framework/src/Illuminate/Foundation/Http/Middleware/TransformsRequest.php(59): Illuminate\Routing\Pipeline->Illuminate\Routing\{closure}(Object(Illuminate\Http\Request))
#16 /home/thuanan/domains/thuanandmc.vn/public_html/vendor/laravel/framework/src/Illuminate/Pipeline/Pipeline.php(295): Illuminate\Foundation\Http\Middleware\TransformsRequest->handle(Object(Illuminate\Http\Request), Object(Closure))
#17 /home/thuanan/domains/thuanandmc.vn/public_html/vendor/laravel/framework/src/Illuminate/Routing/Pipeline.php(105): Illuminate\Pipeline\Pipeline->Illuminate\Pipeline\{closure}(Object(Illuminate\Http\Request))
#18 /home/thuanan/domains/thuanandmc.vn/public_html/vendor/laravel/framework/src/Illuminate/Foundation/Http/Middleware/TransformsRequest.php(59): Illuminate\Routing\Pipeline->Illuminate\Routing\{closure}(Object(Illuminate\Http\Request))
#19 /home/thuanan/domains/thuanandmc.vn/public_html/vendor/laravel/framework/src/Illuminate/Pipeline/Pipeline.php(295): Illuminate\Foundation\Http\Middleware\TransformsRequest->handle(Object(Illuminate\Http\Request), Object(Closure))
#20 /home/thuanan/domains/thuanandmc.vn/public_html/vendor/laravel/framework/src/Illuminate/Routing/Pipeline.php(105): Illuminate\Pipeline\Pipeline->Illuminate\Pipeline\{closure}(Object(Illuminate\Http\Request))
#21 /home/thuanan/domains/thuanandmc.vn/public_html/vendor/laravel/framework/src/Illuminate/Foundation/Http/Middleware/ValidatePostSize.php(53): Illuminate\Routing\Pipeline->Illuminate\Routing\{closure}(Object(Illuminate\Http\Request))
#22 /home/thuanan/domains/thuanandmc.vn/public_html/vendor/laravel/framework/src/Illuminate/Pipeline/Pipeline.php(295): Illuminate\Foundation\Http\Middleware\ValidatePostSize->handle(Object(Illuminate\Http\Request), Object(Closure))
#23 /home/thuanan/domains/thuanandmc.vn/public_html/vendor/laravel/framework/src/Illuminate/Routing/Pipeline.php(105): Illuminate\Pipeline\Pipeline->Illuminate\Pipeline\{closure}(Object(Illuminate\Http\Request))
#24 /home/thuanan/domains/thuanandmc.vn/public_html/vendor/laravel/framework/src/Illuminate/Foundation/Http/Middleware/CheckForMaintenanceMode.php(91): Illuminate\Routing\Pipeline->Illuminate\Routing\{closure}(Object(Illuminate\Http\Request))
#25 /home/thuanan/domains/thuanandmc.vn/public_html/vendor/laravel/framework/src/Illuminate/Pipeline/Pipeline.php(295): Illuminate\Foundation\Http\Middleware\CheckForMaintenanceMode->handle(Object(Illuminate\Http\Request), Object(Closure))
#26 /home/thuanan/domains/thuanandmc.vn/public_html/vendor/laravel/framework/src/Illuminate/Routing/Pipeline.php(105): Illuminate\Pipeline\Pipeline->Illuminate\Pipeline\{closure}(Object(Illuminate\Http\Request))
#27 /home/thuanan/domains/thuanandmc.vn/public_html/vendor/laravel/framework/src/Illuminate/Pipeline/Pipeline.php(203): Illuminate\Routing\Pipeline->Illuminate\Routing\{closure}(Object(Illuminate\Http\Request))
#28 /home/thuanan/domains/thuanandmc.vn/public_html/vendor/laravel/framework/src/Illuminate/Foundation/Http/Kernel.php(301): Illuminate\Pipeline\Pipeline->then(Object(Closure))
#29 /home/thuanan/domains/thuanandmc.vn/public_html/vendor/laravel/framework/src/Illuminate/Foundation/Http/Kernel.php(231): Illuminate\Foundation\Http\Kernel->sendRequestThroughRouter(Object(Illuminate\Http\Request))
#30 /home/thuanan/domains/thuanandmc.vn/public_html/public/index.php(157): Illuminate\Foundation\Http\Kernel->handle(Object(Illuminate\Http\Request))
#31 {main}  
[2021-01-01 23:26:08] local.ERROR: Symfony\Component\Debug\Exception\FatalThrowableError: Call to a member function toArray() on null in /home/thuanan/domains/thuanandmc.vn/public_html/app/Http/Controllers/IndexController.php:3207
Stack trace:
#0 [internal function]: App\Http\Controllers\IndexController->getProductDetail('le-thanh-nhan-d...', '28')
#1 /home/thuanan/domains/thuanandmc.vn/public_html/vendor/laravel/framework/src/Illuminate/Routing/Controller.php(109): call_user_func_array(Array, Array)
#2 /home/thuanan/domains/thuanandmc.vn/public_html/vendor/laravel/framework/src/Illuminate/Routing/ControllerDispatcher.php(87): Illuminate\Routing\Controller->callAction('getProductDetai...', Array)
#3 /home/thuanan/domains/thuanandmc.vn/public_html/vendor/laravel/framework/src/Illuminate/Routing/Route.php(405): Illuminate\Routing\ControllerDispatcher->dispatch(Object(Illuminate\Routing\Route), Object(App\Http\Controllers\IndexController), 'getProductDetai...')
#4 /home/thuanan/domains/thuanandmc.vn/public_html/vendor/laravel/framework/src/Illuminate/Routing/Route.php(319): Illuminate\Routing\Route->runController()
#5 /home/thuanan/domains/thuanandmc.vn/public_html/vendor/laravel/framework/src/Illuminate/Routing/Router.php(1143): Illuminate\Routing\Route->run()
#6 /home/thuanan/domains/thuanandmc.vn/public_html/vendor/laravel/framework/src/Illuminate/Routing/Pipeline.php(59): Illuminate\Routing\Router->Illuminate\Routing\{closure}(Object(Illuminate\Http\Request))
#7 /home/thuanan/domains/thuanandmc.vn/public_html/vendor/laravel/framework/src/Illuminate/Routing/Middleware/SubstituteBindings.php(81): Illuminate\Routing\Pipeline->Illuminate\Routing\{closure}(Object(Illuminate\Http\Request))
#8 /home/thuanan/domains/thuanandmc.vn/public_html/vendor/laravel/framework/src/Illuminate/Pipeline/Pipeline.php(295): Illuminate\Routing\Middleware\SubstituteBindings->handle(Object(Illuminate\Http\Request), Object(Closure))
#9 /home/thuanan/domains/thuanandmc.vn/public_html/vendor/laravel/framework/src/Illuminate/Routing/Pipeline.php(105): Illuminate\Pipeline\Pipeline->Illuminate\Pipeline\{closure}(Object(Illuminate\Http\Request))
#10 /home/thuanan/domains/thuanandmc.vn/public_html/vendor/laravel/framework/src/Illuminate/Foundation/Http/Middleware/VerifyCsrfToken.php(129): Illuminate\Routing\Pipeline->Illuminate\Routing\{closure}(Object(Illuminate\Http\Request))
#11 /home/thuanan/domains/thuanandmc.vn/public_html/vendor/laravel/framework/src/Illuminate/Pipeline/Pipeline.php(295): Illuminate\Foundation\Http\Middleware\VerifyCsrfToken->handle(Object(Illuminate\Http\Request), Object(Closure))
#12 /home/thuanan/domains/thuanandmc.vn/public_html/vendor/laravel/framework/src/Illuminate/Routing/Pipeline.php(105): Illuminate\Pipeline\Pipeline->Illuminate\Pipeline\{closure}(Object(Illuminate\Http\Request))
#13 /home/thuanan/domains/thuanandmc.vn/public_html/vendor/laravel/framework/src/Illuminate/View/Middleware/ShareErrorsFromSession.php(97): Illuminate\Routing\Pipeline->Illuminate\Routing\{closure}(Object(Illuminate\Http\Request))
#14 /home/thuanan/domains/thuanandmc.vn/public_html/vendor/laravel/framework/src/Illuminate/Pipeline/Pipeline.php(295): Illuminate\View\Middleware\ShareErrorsFromSession->handle(Object(Illuminate\Http\Request), Object(Closure))
#15 /home/thuanan/domains/thuanandmc.vn/public_html/vendor/laravel/framework/src/Illuminate/Routing/Pipeline.php(105): Illuminate\Pipeline\Pipeline->Illuminate\Pipeline\{closure}(Object(Illuminate\Http\Request))
#16 /home/thuanan/domains/thuanandmc.vn/public_html/vendor/laravel/framework/src/Illuminate/Session/Middleware/StartSession.php(127): Illuminate\Routing\Pipeline->Illuminate\Routing\{closure}(Object(Illuminate\Http\Request))
#17 /home/thuanan/domains/thuanandmc.vn/public_html/vendor/laravel/framework/src/Illuminate/Pipeline/Pipeline.php(295): Illuminate\Session\Middleware\StartSession->handle(Object(Illuminate\Http\Request), Object(Closure))
#18 /home/thuanan/domains/thuanandmc.vn/public_html/vendor/laravel/framework/src/Illuminate/Routing/Pipeline.php(105): Illuminate\Pipeline\Pipeline->Illuminate\Pipeline\{closure}(Object(Illuminate\Http\Request))
#19 /home/thuanan/domains/thuanandmc.vn/public_html/vendor/laravel/framework/src/Illuminate/Cookie/Middleware/AddQueuedCookiesToResponse.php(73): Illuminate\Routing\Pipeline->Illuminate\Routing\{closure}(Object(Illuminate\Http\Request))
#20 /home/thuanan/domains/thuanandmc.vn/public_html/vendor/laravel/framework/src/Illuminate/Pipeline/Pipeline.php(295): Illuminate\Cookie\Middleware\AddQueuedCookiesToResponse->handle(Object(Illuminate\Http\Request), Object(Closure))
#21 /home/thuanan/domains/thuanandmc.vn/public_html/vendor/laravel/framework/src/Illuminate/Routing/Pipeline.php(105): Illuminate\Pipeline\Pipeline->Illuminate\Pipeline\{closure}(Object(Illuminate\Http\Request))
#22 /home/thuanan/domains/thuanandmc.vn/public_html/vendor/laravel/framework/src/Illuminate/Cookie/Middleware/EncryptCookies.php(117): Illuminate\Routing\Pipeline->Illuminate\Routing\{closure}(Object(Illuminate\Http\Request))
#23 /home/thuanan/domains/thuanandmc.vn/public_html/vendor/laravel/framework/src/Illuminate/Pipeline/Pipeline.php(295): Illuminate\Cookie\Middleware\EncryptCookies->handle(Object(Illuminate\Http\Request), Object(Closure))
#24 /home/thuanan/domains/thuanandmc.vn/public_html/vendor/laravel/framework/src/Illuminate/Routing/Pipeline.php(105): Illuminate\Pipeline\Pipeline->Illuminate\Pipeline\{closure}(Object(Illuminate\Http\Request))
#25 /home/thuanan/domains/thuanandmc.vn/public_html/vendor/laravel/framework/src/Illuminate/Pipeline/Pipeline.php(203): Illuminate\Routing\Pipeline->Illuminate\Routing\{closure}(Object(Illuminate\Http\Request))
#26 /home/thuanan/domains/thuanandmc.vn/public_html/vendor/laravel/framework/src/Illuminate/Routing/Router.php(1147): Illuminate\Pipeline\Pipeline->then(Object(Closure))
#27 /home/thuanan/domains/thuanandmc.vn/public_html/vendor/laravel/framework/src/Illuminate/Routing/Router.php(1065): Illuminate\Routing\Router->runRouteWithinStack(Object(Illuminate\Routing\Route), Object(Illuminate\Http\Request))
#28 /home/thuanan/domains/thuanandmc.vn/public_html/vendor/laravel/framework/src/Illuminate/Routing/Router.php(1021): Illuminate\Routing\Router->dispatchToRoute(Object(Illuminate\Http\Request))
#29 /home/thuanan/domains/thuanandmc.vn/public_html/vendor/laravel/framework/src/Illuminate/Foundation/Http/Kernel.php(351): Illuminate\Routing\Router->dispatch(Object(Illuminate\Http\Request))
#30 /home/thuanan/domains/thuanandmc.vn/public_html/vendor/laravel/framework/src/Illuminate/Routing/Pipeline.php(59): Illuminate\Foundation\Http\Kernel->Illuminate\Foundation\Http\{closure}(Object(Illuminate\Http\Request))
#31 /home/thuanan/domains/thuanandmc.vn/public_html/vendor/laravel/framework/src/Illuminate/Foundation/Http/Middleware/TransformsRequest.php(59): Illuminate\Routing\Pipeline->Illuminate\Routing\{closure}(Object(Illuminate\Http\Request))
#32 /home/thuanan/domains/thuanandmc.vn/public_html/vendor/laravel/framework/src/Illuminate/Pipeline/Pipeline.php(295): Illuminate\Foundation\Http\Middleware\TransformsRequest->handle(Object(Illuminate\Http\Request), Object(Closure))
#33 /home/thuanan/domains/thuanandmc.vn/public_html/vendor/laravel/framework/src/Illuminate/Routing/Pipeline.php(105): Illuminate\Pipeline\Pipeline->Illuminate\Pipeline\{closure}(Object(Illuminate\Http\Request))
#34 /home/thuanan/domains/thuanandmc.vn/public_html/vendor/laravel/framework/src/Illuminate/Foundation/Http/Middleware/TransformsRequest.php(59): Illuminate\Routing\Pipeline->Illuminate\Routing\{closure}(Object(Illuminate\Http\Request))
#35 /home/thuanan/domains/thuanandmc.vn/public_html/vendor/laravel/framework/src/Illuminate/Pipeline/Pipeline.php(295): Illuminate\Foundation\Http\Middleware\TransformsRequest->handle(Object(Illuminate\Http\Request), Object(Closure))
#36 /home/thuanan/domains/thuanandmc.vn/public_html/vendor/laravel/framework/src/Illuminate/Routing/Pipeline.php(105): Illuminate\Pipeline\Pipeline->Illuminate\Pipeline\{closure}(Object(Illuminate\Http\Request))
#37 /home/thuanan/domains/thuanandmc.vn/public_html/vendor/laravel/framework/src/Illuminate/Foundation/Http/Middleware/ValidatePostSize.php(53): Illuminate\Routing\Pipeline->Illuminate\Routing\{closure}(Object(Illuminate\Http\Request))
#38 /home/thuanan/domains/thuanandmc.vn/public_html/vendor/laravel/framework/src/Illuminate/Pipeline/Pipeline.php(295): Illuminate\Foundation\Http\Middleware\ValidatePostSize->handle(Object(Illuminate\Http\Request), Object(Closure))
#39 /home/thuanan/domains/thuanandmc.vn/public_html/vendor/laravel/framework/src/Illuminate/Routing/Pipeline.php(105): Illuminate\Pipeline\Pipeline->Illuminate\Pipeline\{closure}(Object(Illuminate\Http\Request))
#40 /home/thuanan/domains/thuanandmc.vn/public_html/vendor/laravel/framework/src/Illuminate/Foundation/Http/Middleware/CheckForMaintenanceMode.php(91): Illuminate\Routing\Pipeline->Illuminate\Routing\{closure}(Object(Illuminate\Http\Request))
#41 /home/thuanan/domains/thuanandmc.vn/public_html/vendor/laravel/framework/src/Illuminate/Pipeline/Pipeline.php(295): Illuminate\Foundation\Http\Middleware\CheckForMaintenanceMode->handle(Object(Illuminate\Http\Request), Object(Closure))
#42 /home/thuanan/domains/thuanandmc.vn/public_html/vendor/laravel/framework/src/Illuminate/Routing/Pipeline.php(105): Illuminate\Pipeline\Pipeline->Illuminate\Pipeline\{closure}(Object(Illuminate\Http\Request))
#43 /home/thuanan/domains/thuanandmc.vn/public_html/vendor/laravel/framework/src/Illuminate/Pipeline/Pipeline.php(203): Illuminate\Routing\Pipeline->Illuminate\Routing\{closure}(Object(Illuminate\Http\Request))
#44 /home/thuanan/domains/thuanandmc.vn/public_html/vendor/laravel/framework/src/Illuminate/Foundation/Http/Kernel.php(301): Illuminate\Pipeline\Pipeline->then(Object(Closure))
#45 /home/thuanan/domains/thuanandmc.vn/public_html/vendor/laravel/framework/src/Illuminate/Foundation/Http/Kernel.php(231): Illuminate\Foundation\Http\Kernel->sendRequestThroughRouter(Object(Illuminate\Http\Request))
#46 /home/thuanan/domains/thuanandmc.vn/public_html/index.php(53): Illuminate\Foundation\Http\Kernel->handle(Object(Illuminate\Http\Request))
#47 {main}  
[2021-01-01 23:45:02] local.ERROR: ErrorException: Undefined index: name_ja in /home/thuanan/domains/thuanandmc.vn/public_html/storage/framework/views/ce71eb70a01a971924af08f00237805b5f4579a2.php:213
Stack trace:
#0 /home/thuanan/domains/thuanandmc.vn/public_html/storage/framework/views/ce71eb70a01a971924af08f00237805b5f4579a2.php(213): Illuminate\Foundation\Bootstrap\HandleExceptions->handleError(8, 'Undefined index...', '/home/thuanan/d...', 213, Array)
#1 /home/thuanan/domains/thuanandmc.vn/public_html/vendor/laravel/framework/src/Illuminate/View/Engines/PhpEngine.php(83): include('/home/thuanan/d...')
#2 /home/thuanan/domains/thuanandmc.vn/public_html/vendor/laravel/framework/src/Illuminate/View/Engines/CompilerEngine.php(117): Illuminate\View\Engines\PhpEngine->evaluatePath('/home/thuanan/d...', Array)
#3 /home/thuanan/domains/thuanandmc.vn/public_html/vendor/laravel/framework/src/Illuminate/View/View.php(273): Illuminate\View\Engines\CompilerEngine->get('/home/thuanan/d...', Array)
#4 /home/thuanan/domains/thuanandmc.vn/public_html/vendor/laravel/framework/src/Illuminate/View/View.php(239): Illuminate\View\View->getContents()
#5 /home/thuanan/domains/thuanandmc.vn/public_html/vendor/laravel/framework/src/Illuminate/View/View.php(169): Illuminate\View\View->renderContents()
#6 /home/thuanan/domains/thuanandmc.vn/public_html/vendor/laravel/framework/src/Illuminate/Http/Response.php(75): Illuminate\View\View->render()
#7 /home/thuanan/domains/thuanandmc.vn/public_html/vendor/symfony/http-foundation/Response.php(401): Illuminate\Http\Response->setContent(Object(Illuminate\View\View))
#8 /home/thuanan/domains/thuanandmc.vn/public_html/vendor/laravel/framework/src/Illuminate/Routing/Router.php(1229): Symfony\Component\HttpFoundation\Response->__construct(Object(Illuminate\View\View))
#9 /home/thuanan/domains/thuanandmc.vn/public_html/vendor/laravel/framework/src/Illuminate/Routing/Router.php(1143): Illuminate\Routing\Router->prepareResponse(Object(Illuminate\Http\Request), Object(Illuminate\View\View))
#10 /home/thuanan/domains/thuanandmc.vn/public_html/vendor/laravel/framework/src/Illuminate/Routing/Pipeline.php(59): Illuminate\Routing\Router->Illuminate\Routing\{closure}(Object(Illuminate\Http\Request))
#11 /home/thuanan/domains/thuanandmc.vn/public_html/vendor/laravel/framework/src/Illuminate/Routing/Middleware/SubstituteBindings.php(81): Illuminate\Routing\Pipeline->Illuminate\Routing\{closure}(Object(Illuminate\Http\Request))
#12 /home/thuanan/domains/thuanandmc.vn/public_html/vendor/laravel/framework/src/Illuminate/Pipeline/Pipeline.php(295): Illuminate\Routing\Middleware\SubstituteBindings->handle(Object(Illuminate\Http\Request), Object(Closure))
#13 /home/thuanan/domains/thuanandmc.vn/public_html/vendor/laravel/framework/src/Illuminate/Routing/Pipeline.php(105): Illuminate\Pipeline\Pipeline->Illuminate\Pipeline\{closure}(Object(Illuminate\Http\Request))
#14 /home/thuanan/domains/thuanandmc.vn/public_html/vendor/laravel/framework/src/Illuminate/Foundation/Http/Middleware/VerifyCsrfToken.php(129): Illuminate\Routing\Pipeline->Illuminate\Routing\{closure}(Object(Illuminate\Http\Request))
#15 /home/thuanan/domains/thuanandmc.vn/public_html/vendor/laravel/framework/src/Illuminate/Pipeline/Pipeline.php(295): Illuminate\Foundation\Http\Middleware\VerifyCsrfToken->handle(Object(Illuminate\Http\Request), Object(Closure))
#16 /home/thuanan/domains/thuanandmc.vn/public_html/vendor/laravel/framework/src/Illuminate/Routing/Pipeline.php(105): Illuminate\Pipeline\Pipeline->Illuminate\Pipeline\{closure}(Object(Illuminate\Http\Request))
#17 /home/thuanan/domains/thuanandmc.vn/public_html/vendor/laravel/framework/src/Illuminate/View/Middleware/ShareErrorsFromSession.php(97): Illuminate\Routing\Pipeline->Illuminate\Routing\{closure}(Object(Illuminate\Http\Request))
#18 /home/thuanan/domains/thuanandmc.vn/public_html/vendor/laravel/framework/src/Illuminate/Pipeline/Pipeline.php(295): Illuminate\View\Middleware\ShareErrorsFromSession->handle(Object(Illuminate\Http\Request), Object(Closure))
#19 /home/thuanan/domains/thuanandmc.vn/public_html/vendor/laravel/framework/src/Illuminate/Routing/Pipeline.php(105): Illuminate\Pipeline\Pipeline->Illuminate\Pipeline\{closure}(Object(Illuminate\Http\Request))
#20 /home/thuanan/domains/thuanandmc.vn/public_html/vendor/laravel/framework/src/Illuminate/Session/Middleware/StartSession.php(127): Illuminate\Routing\Pipeline->Illuminate\Routing\{closure}(Object(Illuminate\Http\Request))
#21 /home/thuanan/domains/thuanandmc.vn/public_html/vendor/laravel/framework/src/Illuminate/Pipeline/Pipeline.php(295): Illuminate\Session\Middleware\StartSession->handle(Object(Illuminate\Http\Request), Object(Closure))
#22 /home/thuanan/domains/thuanandmc.vn/public_html/vendor/laravel/framework/src/Illuminate/Routing/Pipeline.php(105): Illuminate\Pipeline\Pipeline->Illuminate\Pipeline\{closure}(Object(Illuminate\Http\Request))
#23 /home/thuanan/domains/thuanandmc.vn/public_html/vendor/laravel/framework/src/Illuminate/Cookie/Middleware/AddQueuedCookiesToResponse.php(73): Illuminate\Routing\Pipeline->Illuminate\Routing\{closure}(Object(Illuminate\Http\Request))
#24 /home/thuanan/domains/thuanandmc.vn/public_html/vendor/laravel/framework/src/Illuminate/Pipeline/Pipeline.php(295): Illuminate\Cookie\Middleware\AddQueuedCookiesToResponse->handle(Object(Illuminate\Http\Request), Object(Closure))
#25 /home/thuanan/domains/thuanandmc.vn/public_html/vendor/laravel/framework/src/Illuminate/Routing/Pipeline.php(105): Illuminate\Pipeline\Pipeline->Illuminate\Pipeline\{closure}(Object(Illuminate\Http\Request))
#26 /home/thuanan/domains/thuanandmc.vn/public_html/vendor/laravel/framework/src/Illuminate/Cookie/Middleware/EncryptCookies.php(117): Illuminate\Routing\Pipeline->Illuminate\Routing\{closure}(Object(Illuminate\Http\Request))
#27 /home/thuanan/domains/thuanandmc.vn/public_html/vendor/laravel/framework/src/Illuminate/Pipeline/Pipeline.php(295): Illuminate\Cookie\Middleware\EncryptCookies->handle(Object(Illuminate\Http\Request), Object(Closure))
#28 /home/thuanan/domains/thuanandmc.vn/public_html/vendor/laravel/framework/src/Illuminate/Routing/Pipeline.php(105): Illuminate\Pipeline\Pipeline->Illuminate\Pipeline\{closure}(Object(Illuminate\Http\Request))
#29 /home/thuanan/domains/thuanandmc.vn/public_html/vendor/laravel/framework/src/Illuminate/Pipeline/Pipeline.php(203): Illuminate\Routing\Pipeline->Illuminate\Routing\{closure}(Object(Illuminate\Http\Request))
#30 /home/thuanan/domains/thuanandmc.vn/public_html/vendor/laravel/framework/src/Illuminate/Routing/Router.php(1147): Illuminate\Pipeline\Pipeline->then(Object(Closure))
#31 /home/thuanan/domains/thuanandmc.vn/public_html/vendor/laravel/framework/src/Illuminate/Routing/Router.php(1065): Illuminate\Routing\Router->runRouteWithinStack(Object(Illuminate\Routing\Route), Object(Illuminate\Http\Request))
#32 /home/thuanan/domains/thuanandmc.vn/public_html/vendor/laravel/framework/src/Illuminate/Routing/Router.php(1021): Illuminate\Routing\Router->dispatchToRoute(Object(Illuminate\Http\Request))
#33 /home/thuanan/domains/thuanandmc.vn/public_html/vendor/laravel/framework/src/Illuminate/Foundation/Http/Kernel.php(351): Illuminate\Routing\Router->dispatch(Object(Illuminate\Http\Request))
#34 /home/thuanan/domains/thuanandmc.vn/public_html/vendor/laravel/framework/src/Illuminate/Routing/Pipeline.php(59): Illuminate\Foundation\Http\Kernel->Illuminate\Foundation\Http\{closure}(Object(Illuminate\Http\Request))
#35 /home/thuanan/domains/thuanandmc.vn/public_html/vendor/laravel/framework/src/Illuminate/Foundation/Http/Middleware/TransformsRequest.php(59): Illuminate\Routing\Pipeline->Illuminate\Routing\{closure}(Object(Illuminate\Http\Request))
#36 /home/thuanan/domains/thuanandmc.vn/public_html/vendor/laravel/framework/src/Illuminate/Pipeline/Pipeline.php(295): Illuminate\Foundation\Http\Middleware\TransformsRequest->handle(Object(Illuminate\Http\Request), Object(Closure))
#37 /home/thuanan/domains/thuanandmc.vn/public_html/vendor/laravel/framework/src/Illuminate/Routing/Pipeline.php(105): Illuminate\Pipeline\Pipeline->Illuminate\Pipeline\{closure}(Object(Illuminate\Http\Request))
#38 /home/thuanan/domains/thuanandmc.vn/public_html/vendor/laravel/framework/src/Illuminate/Foundation/Http/Middleware/TransformsRequest.php(59): Illuminate\Routing\Pipeline->Illuminate\Routing\{closure}(Object(Illuminate\Http\Request))
#39 /home/thuanan/domains/thuanandmc.vn/public_html/vendor/laravel/framework/src/Illuminate/Pipeline/Pipeline.php(295): Illuminate\Foundation\Http\Middleware\TransformsRequest->handle(Object(Illuminate\Http\Request), Object(Closure))
#40 /home/thuanan/domains/thuanandmc.vn/public_html/vendor/laravel/framework/src/Illuminate/Routing/Pipeline.php(105): Illuminate\Pipeline\Pipeline->Illuminate\Pipeline\{closure}(Object(Illuminate\Http\Request))
#41 /home/thuanan/domains/thuanandmc.vn/public_html/vendor/laravel/framework/src/Illuminate/Foundation/Http/Middleware/ValidatePostSize.php(53): Illuminate\Routing\Pipeline->Illuminate\Routing\{closure}(Object(Illuminate\Http\Request))
#42 /home/thuanan/domains/thuanandmc.vn/public_html/vendor/laravel/framework/src/Illuminate/Pipeline/Pipeline.php(295): Illuminate\Foundation\Http\Middleware\ValidatePostSize->handle(Object(Illuminate\Http\Request), Object(Closure))
#43 /home/thuanan/domains/thuanandmc.vn/public_html/vendor/laravel/framework/src/Illuminate/Routing/Pipeline.php(105): Illuminate\Pipeline\Pipeline->Illuminate\Pipeline\{closure}(Object(Illuminate\Http\Request))
#44 /home/thuanan/domains/thuanandmc.vn/public_html/vendor/laravel/framework/src/Illuminate/Foundation/Http/Middleware/CheckForMaintenanceMode.php(91): Illuminate\Routing\Pipeline->Illuminate\Routing\{closure}(Object(Illuminate\Http\Request))
#45 /home/thuanan/domains/thuanandmc.vn/public_html/vendor/laravel/framework/src/Illuminate/Pipeline/Pipeline.php(295): Illuminate\Foundation\Http\Middleware\CheckForMaintenanceMode->handle(Object(Illuminate\Http\Request), Object(Closure))
#46 /home/thuanan/domains/thuanandmc.vn/public_html/vendor/laravel/framework/src/Illuminate/Routing/Pipeline.php(105): Illuminate\Pipeline\Pipeline->Illuminate\Pipeline\{closure}(Object(Illuminate\Http\Request))
#47 /home/thuanan/domains/thuanandmc.vn/public_html/vendor/laravel/framework/src/Illuminate/Pipeline/Pipeline.php(203): Illuminate\Routing\Pipeline->Illuminate\Routing\{closure}(Object(Illuminate\Http\Request))
#48 /home/thuanan/domains/thuanandmc.vn/public_html/vendor/laravel/framework/src/Illuminate/Foundation/Http/Kernel.php(301): Illuminate\Pipeline\Pipeline->then(Object(Closure))
#49 /home/thuanan/domains/thuanandmc.vn/public_html/vendor/laravel/framework/src/Illuminate/Foundation/Http/Kernel.php(231): Illuminate\Foundation\Http\Kernel->sendRequestThroughRouter(Object(Illuminate\Http\Request))
#50 /home/thuanan/domains/thuanandmc.vn/public_html/index.php(53): Illuminate\Foundation\Http\Kernel->handle(Object(Illuminate\Http\Request))
#51 {main}

Next ErrorException: Undefined index: name_ja (View: /home/thuanan/domains/thuanandmc.vn/public_html/resources/views/templates/product_detail_tpl.blade.php) in /home/thuanan/domains/thuanandmc.vn/public_html/storage/framework/views/ce71eb70a01a971924af08f00237805b5f4579a2.php:213
Stack trace:
#0 /home/thuanan/domains/thuanandmc.vn/public_html/vendor/laravel/framework/src/Illuminate/View/Engines/PhpEngine.php(87): Illuminate\View\Engines\CompilerEngine->handleViewException(Object(ErrorException), 1)
#1 /home/thuanan/domains/thuanandmc.vn/public_html/vendor/laravel/framework/src/Illuminate/View/Engines/CompilerEngine.php(117): Illuminate\View\Engines\PhpEngine->evaluatePath('/home/thuanan/d...', Array)
#2 /home/thuanan/domains/thuanandmc.vn/public_html/vendor/laravel/framework/src/Illuminate/View/View.php(273): Illuminate\View\Engines\CompilerEngine->get('/home/thuanan/d...', Array)
#3 /home/thuanan/domains/thuanandmc.vn/public_html/vendor/laravel/framework/src/Illuminate/View/View.php(239): Illuminate\View\View->getContents()
#4 /home/thuanan/domains/thuanandmc.vn/public_html/vendor/laravel/framework/src/Illuminate/View/View.php(169): Illuminate\View\View->renderContents()
#5 /home/thuanan/domains/thuanandmc.vn/public_html/vendor/laravel/framework/src/Illuminate/Http/Response.php(75): Illuminate\View\View->render()
#6 /home/thuanan/domains/thuanandmc.vn/public_html/vendor/symfony/http-foundation/Response.php(401): Illuminate\Http\Response->setContent(Object(Illuminate\View\View))
#7 /home/thuanan/domains/thuanandmc.vn/public_html/vendor/laravel/framework/src/Illuminate/Routing/Router.php(1229): Symfony\Component\HttpFoundation\Response->__construct(Object(Illuminate\View\View))
#8 /home/thuanan/domains/thuanandmc.vn/public_html/vendor/laravel/framework/src/Illuminate/Routing/Router.php(1143): Illuminate\Routing\Router->prepareResponse(Object(Illuminate\Http\Request), Object(Illuminate\View\View))
#9 /home/thuanan/domains/thuanandmc.vn/public_html/vendor/laravel/framework/src/Illuminate/Routing/Pipeline.php(59): Illuminate\Routing\Router->Illuminate\Routing\{closure}(Object(Illuminate\Http\Request))
#10 /home/thuanan/domains/thuanandmc.vn/public_html/vendor/laravel/framework/src/Illuminate/Routing/Middleware/SubstituteBindings.php(81): Illuminate\Routing\Pipeline->Illuminate\Routing\{closure}(Object(Illuminate\Http\Request))
#11 /home/thuanan/domains/thuanandmc.vn/public_html/vendor/laravel/framework/src/Illuminate/Pipeline/Pipeline.php(295): Illuminate\Routing\Middleware\SubstituteBindings->handle(Object(Illuminate\Http\Request), Object(Closure))
#12 /home/thuanan/domains/thuanandmc.vn/public_html/vendor/laravel/framework/src/Illuminate/Routing/Pipeline.php(105): Illuminate\Pipeline\Pipeline->Illuminate\Pipeline\{closure}(Object(Illuminate\Http\Request))
#13 /home/thuanan/domains/thuanandmc.vn/public_html/vendor/laravel/framework/src/Illuminate/Foundation/Http/Middleware/VerifyCsrfToken.php(129): Illuminate\Routing\Pipeline->Illuminate\Routing\{closure}(Object(Illuminate\Http\Request))
#14 /home/thuanan/domains/thuanandmc.vn/public_html/vendor/laravel/framework/src/Illuminate/Pipeline/Pipeline.php(295): Illuminate\Foundation\Http\Middleware\VerifyCsrfToken->handle(Object(Illuminate\Http\Request), Object(Closure))
#15 /home/thuanan/domains/thuanandmc.vn/public_html/vendor/laravel/framework/src/Illuminate/Routing/Pipeline.php(105): Illuminate\Pipeline\Pipeline->Illuminate\Pipeline\{closure}(Object(Illuminate\Http\Request))
#16 /home/thuanan/domains/thuanandmc.vn/public_html/vendor/laravel/framework/src/Illuminate/View/Middleware/ShareErrorsFromSession.php(97): Illuminate\Routing\Pipeline->Illuminate\Routing\{closure}(Object(Illuminate\Http\Request))
#17 /home/thuanan/domains/thuanandmc.vn/public_html/vendor/laravel/framework/src/Illuminate/Pipeline/Pipeline.php(295): Illuminate\View\Middleware\ShareErrorsFromSession->handle(Object(Illuminate\Http\Request), Object(Closure))
#18 /home/thuanan/domains/thuanandmc.vn/public_html/vendor/laravel/framework/src/Illuminate/Routing/Pipeline.php(105): Illuminate\Pipeline\Pipeline->Illuminate\Pipeline\{closure}(Object(Illuminate\Http\Request))
#19 /home/thuanan/domains/thuanandmc.vn/public_html/vendor/laravel/framework/src/Illuminate/Session/Middleware/StartSession.php(127): Illuminate\Routing\Pipeline->Illuminate\Routing\{closure}(Object(Illuminate\Http\Request))
#20 /home/thuanan/domains/thuanandmc.vn/public_html/vendor/laravel/framework/src/Illuminate/Pipeline/Pipeline.php(295): Illuminate\Session\Middleware\StartSession->handle(Object(Illuminate\Http\Request), Object(Closure))
#21 /home/thuanan/domains/thuanandmc.vn/public_html/vendor/laravel/framework/src/Illuminate/Routing/Pipeline.php(105): Illuminate\Pipeline\Pipeline->Illuminate\Pipeline\{closure}(Object(Illuminate\Http\Request))
#22 /home/thuanan/domains/thuanandmc.vn/public_html/vendor/laravel/framework/src/Illuminate/Cookie/Middleware/AddQueuedCookiesToResponse.php(73): Illuminate\Routing\Pipeline->Illuminate\Routing\{closure}(Object(Illuminate\Http\Request))
#23 /home/thuanan/domains/thuanandmc.vn/public_html/vendor/laravel/framework/src/Illuminate/Pipeline/Pipeline.php(295): Illuminate\Cookie\Middleware\AddQueuedCookiesToResponse->handle(Object(Illuminate\Http\Request), Object(Closure))
#24 /home/thuanan/domains/thuanandmc.vn/public_html/vendor/laravel/framework/src/Illuminate/Routing/Pipeline.php(105): Illuminate\Pipeline\Pipeline->Illuminate\Pipeline\{closure}(Object(Illuminate\Http\Request))
#25 /home/thuanan/domains/thuanandmc.vn/public_html/vendor/laravel/framework/src/Illuminate/Cookie/Middleware/EncryptCookies.php(117): Illuminate\Routing\Pipeline->Illuminate\Routing\{closure}(Object(Illuminate\Http\Request))
#26 /home/thuanan/domains/thuanandmc.vn/public_html/vendor/laravel/framework/src/Illuminate/Pipeline/Pipeline.php(295): Illuminate\Cookie\Middleware\EncryptCookies->handle(Object(Illuminate\Http\Request), Object(Closure))
#27 /home/thuanan/domains/thuanandmc.vn/public_html/vendor/laravel/framework/src/Illuminate/Routing/Pipeline.php(105): Illuminate\Pipeline\Pipeline->Illuminate\Pipeline\{closure}(Object(Illuminate\Http\Request))
#28 /home/thuanan/domains/thuanandmc.vn/public_html/vendor/laravel/framework/src/Illuminate/Pipeline/Pipeline.php(203): Illuminate\Routing\Pipeline->Illuminate\Routing\{closure}(Object(Illuminate\Http\Request))
#29 /home/thuanan/domains/thuanandmc.vn/public_html/vendor/laravel/framework/src/Illuminate/Routing/Router.php(1147): Illuminate\Pipeline\Pipeline->then(Object(Closure))
#30 /home/thuanan/domains/thuanandmc.vn/public_html/vendor/laravel/framework/src/Illuminate/Routing/Router.php(1065): Illuminate\Routing\Router->runRouteWithinStack(Object(Illuminate\Routing\Route), Object(Illuminate\Http\Request))
#31 /home/thuanan/domains/thuanandmc.vn/public_html/vendor/laravel/framework/src/Illuminate/Routing/Router.php(1021): Illuminate\Routing\Router->dispatchToRoute(Object(Illuminate\Http\Request))
#32 /home/thuanan/domains/thuanandmc.vn/public_html/vendor/laravel/framework/src/Illuminate/Foundation/Http/Kernel.php(351): Illuminate\Routing\Router->dispatch(Object(Illuminate\Http\Request))
#33 /home/thuanan/domains/thuanandmc.vn/public_html/vendor/laravel/framework/src/Illuminate/Routing/Pipeline.php(59): Illuminate\Foundation\Http\Kernel->Illuminate\Foundation\Http\{closure}(Object(Illuminate\Http\Request))
#34 /home/thuanan/domains/thuanandmc.vn/public_html/vendor/laravel/framework/src/Illuminate/Foundation/Http/Middleware/TransformsRequest.php(59): Illuminate\Routing\Pipeline->Illuminate\Routing\{closure}(Object(Illuminate\Http\Request))
#35 /home/thuanan/domains/thuanandmc.vn/public_html/vendor/laravel/framework/src/Illuminate/Pipeline/Pipeline.php(295): Illuminate\Foundation\Http\Middleware\TransformsRequest->handle(Object(Illuminate\Http\Request), Object(Closure))
#36 /home/thuanan/domains/thuanandmc.vn/public_html/vendor/laravel/framework/src/Illuminate/Routing/Pipeline.php(105): Illuminate\Pipeline\Pipeline->Illuminate\Pipeline\{closure}(Object(Illuminate\Http\Request))
#37 /home/thuanan/domains/thuanandmc.vn/public_html/vendor/laravel/framework/src/Illuminate/Foundation/Http/Middleware/TransformsRequest.php(59): Illuminate\Routing\Pipeline->Illuminate\Routing\{closure}(Object(Illuminate\Http\Request))
#38 /home/thuanan/domains/thuanandmc.vn/public_html/vendor/laravel/framework/src/Illuminate/Pipeline/Pipeline.php(295): Illuminate\Foundation\Http\Middleware\TransformsRequest->handle(Object(Illuminate\Http\Request), Object(Closure))
#39 /home/thuanan/domains/thuanandmc.vn/public_html/vendor/laravel/framework/src/Illuminate/Routing/Pipeline.php(105): Illuminate\Pipeline\Pipeline->Illuminate\Pipeline\{closure}(Object(Illuminate\Http\Request))
#40 /home/thuanan/domains/thuanandmc.vn/public_html/vendor/laravel/framework/src/Illuminate/Foundation/Http/Middleware/ValidatePostSize.php(53): Illuminate\Routing\Pipeline->Illuminate\Routing\{closure}(Object(Illuminate\Http\Request))
#41 /home/thuanan/domains/thuanandmc.vn/public_html/vendor/laravel/framework/src/Illuminate/Pipeline/Pipeline.php(295): Illuminate\Foundation\Http\Middleware\ValidatePostSize->handle(Object(Illuminate\Http\Request), Object(Closure))
#42 /home/thuanan/domains/thuanandmc.vn/public_html/vendor/laravel/framework/src/Illuminate/Routing/Pipeline.php(105): Illuminate\Pipeline\Pipeline->Illuminate\Pipeline\{closure}(Object(Illuminate\Http\Request))
#43 /home/thuanan/domains/thuanandmc.vn/public_html/vendor/laravel/framework/src/Illuminate/Foundation/Http/Middleware/CheckForMaintenanceMode.php(91): Illuminate\Routing\Pipeline->Illuminate\Routing\{closure}(Object(Illuminate\Http\Request))
#44 /home/thuanan/domains/thuanandmc.vn/public_html/vendor/laravel/framework/src/Illuminate/Pipeline/Pipeline.php(295): Illuminate\Foundation\Http\Middleware\CheckForMaintenanceMode->handle(Object(Illuminate\Http\Request), Object(Closure))
#45 /home/thuanan/domains/thuanandmc.vn/public_html/vendor/laravel/framework/src/Illuminate/Routing/Pipeline.php(105): Illuminate\Pipeline\Pipeline->Illuminate\Pipeline\{closure}(Object(Illuminate\Http\Request))
#46 /home/thuanan/domains/thuanandmc.vn/public_html/vendor/laravel/framework/src/Illuminate/Pipeline/Pipeline.php(203): Illuminate\Routing\Pipeline->Illuminate\Routing\{closure}(Object(Illuminate\Http\Request))
#47 /home/thuanan/domains/thuanandmc.vn/public_html/vendor/laravel/framework/src/Illuminate/Foundation/Http/Kernel.php(301): Illuminate\Pipeline\Pipeline->then(Object(Closure))
#48 /home/thuanan/domains/thuanandmc.vn/public_html/vendor/laravel/framework/src/Illuminate/Foundation/Http/Kernel.php(231): Illuminate\Foundation\Http\Kernel->sendRequestThroughRouter(Object(Illuminate\Http\Request))
#49 /home/thuanan/domains/thuanandmc.vn/public_html/index.php(53): Illuminate\Foundation\Http\Kernel->handle(Object(Illuminate\Http\Request))
#50 {main}  
